CRITICAL - 2025-06-25 12:24:30 --> App\Controllers\Admin\Produtos::buscaProdutoOu404(): Argument #1 ($id) must be of type ?int, string given, called in C:\xampp\htdocs\Food\app\Controllers\Admin\Produtos.php on line 95
#0 C:\xampp\htdocs\Food\app\Controllers\Admin\Produtos.php(95): App\Controllers\Admin\Produtos->buscaProdutoOu404('...')
#1 C:\xampp\htdocs\Food\system\CodeIgniter.php(832): App\Controllers\Admin\Produtos->show('...')
#2 C:\xampp\htdocs\Food\system\CodeIgniter.php(419): CodeIgniter\CodeIgniter->runController(Object(App\Controllers\Admin\Produtos))
#3 C:\xampp\htdocs\Food\system\CodeIgniter.php(326): CodeIgniter\CodeIgniter->handleRequest(NULL, Object(Config\Cache), false)
#4 C:\xampp\htdocs\Food\public\index.php(37): CodeIgniter\CodeIgniter->run()
#5 C:\xampp\htdocs\Food\system\Commands\Server\rewrite.php(43): require_once('C:\\xampp\\htdocs...')
#6 {main}
CRITICAL - 2025-06-25 12:27:21 --> App\Controllers\Admin\Produtos::buscaProdutoOu404(): Argument #1 ($id) must be of type ?int, string given, called in C:\xampp\htdocs\Food\app\Controllers\Admin\Produtos.php on line 95
#0 C:\xampp\htdocs\Food\app\Controllers\Admin\Produtos.php(95): App\Controllers\Admin\Produtos->buscaProdutoOu404('...')
#1 C:\xampp\htdocs\Food\system\CodeIgniter.php(832): App\Controllers\Admin\Produtos->show('...')
#2 C:\xampp\htdocs\Food\system\CodeIgniter.php(419): CodeIgniter\CodeIgniter->runController(Object(App\Controllers\Admin\Produtos))
#3 C:\xampp\htdocs\Food\system\CodeIgniter.php(326): CodeIgniter\CodeIgniter->handleRequest(NULL, Object(Config\Cache), false)
#4 C:\xampp\htdocs\Food\public\index.php(37): CodeIgniter\CodeIgniter->run()
#5 C:\xampp\htdocs\Food\system\Commands\Server\rewrite.php(43): require_once('C:\\xampp\\htdocs...')
#6 {main}
CRITICAL - 2025-06-25 14:10:53 --> App\Controllers\Admin\Produtos::buscaProdutoOu404(): Argument #1 ($id) must be of type ?int, string given, called in C:\xampp\htdocs\Food\app\Controllers\Admin\Produtos.php on line 95
#0 C:\xampp\htdocs\Food\app\Controllers\Admin\Produtos.php(95): App\Controllers\Admin\Produtos->buscaProdutoOu404('kaiodev.info')
#1 C:\xampp\htdocs\Food\system\CodeIgniter.php(832): App\Controllers\Admin\Produtos->show('kaiodev.info')
#2 C:\xampp\htdocs\Food\system\CodeIgniter.php(419): CodeIgniter\CodeIgniter->runController(Object(App\Controllers\Admin\Produtos))
#3 C:\xampp\htdocs\Food\system\CodeIgniter.php(326): CodeIgniter\CodeIgniter->handleRequest(NULL, Object(Config\Cache), false)
#4 C:\xampp\htdocs\Food\public\index.php(37): CodeIgniter\CodeIgniter->run()
#5 C:\xampp\htdocs\Food\system\Commands\Server\rewrite.php(43): require_once('C:\\xampp\\htdocs...')
#6 {main}
CRITICAL - 2025-06-25 14:11:21 --> App\Controllers\Admin\Produtos::buscaProdutoOu404(): Argument #1 ($id) must be of type ?int, string given, called in C:\xampp\htdocs\Food\app\Controllers\Admin\Produtos.php on line 95
#0 C:\xampp\htdocs\Food\app\Controllers\Admin\Produtos.php(95): App\Controllers\Admin\Produtos->buscaProdutoOu404('kaiodev.info')
#1 C:\xampp\htdocs\Food\system\CodeIgniter.php(832): App\Controllers\Admin\Produtos->show('kaiodev.info')
#2 C:\xampp\htdocs\Food\system\CodeIgniter.php(419): CodeIgniter\CodeIgniter->runController(Object(App\Controllers\Admin\Produtos))
#3 C:\xampp\htdocs\Food\system\CodeIgniter.php(326): CodeIgniter\CodeIgniter->handleRequest(NULL, Object(Config\Cache), false)
#4 C:\xampp\htdocs\Food\public\index.php(37): CodeIgniter\CodeIgniter->run()
#5 C:\xampp\htdocs\Food\system\Commands\Server\rewrite.php(43): require_once('C:\\xampp\\htdocs...')
#6 {main}
CRITICAL - 2025-06-25 14:13:15 --> Call to undefined method App\Models\ProdutoModel::uploadImagem
#0 C:\xampp\htdocs\Food\app\Controllers\Admin\Produtos.php(186): CodeIgniter\Model->__call('uploadImagem', Array)
#1 C:\xampp\htdocs\Food\system\CodeIgniter.php(832): App\Controllers\Admin\Produtos->upload('4')
#2 C:\xampp\htdocs\Food\system\CodeIgniter.php(419): CodeIgniter\CodeIgniter->runController(Object(App\Controllers\Admin\Produtos))
#3 C:\xampp\htdocs\Food\system\CodeIgniter.php(326): CodeIgniter\CodeIgniter->handleRequest(NULL, Object(Config\Cache), false)
#4 C:\xampp\htdocs\Food\public\index.php(37): CodeIgniter\CodeIgniter->run()
#5 C:\xampp\htdocs\Food\system\Commands\Server\rewrite.php(43): require_once('C:\\xampp\\htdocs...')
#6 {main}
CRITICAL - 2025-06-25 15:00:48 --> Undefined variable $dataHora
#0 C:\xampp\htdocs\Food\app\Views\Admin\layout\principal.php(305): CodeIgniter\Debug\Exceptions->errorHandler(2, 'Undefined varia...', 'C:\\xampp\\htdocs...', 305)
#1 C:\xampp\htdocs\Food\system\View\View.php(210): include('C:\\xampp\\htdocs...')
#2 C:\xampp\htdocs\Food\system\View\View.php(213): CodeIgniter\View\View->CodeIgniter\View\{closure}()
#3 C:\xampp\htdocs\Food\system\View\View.php(226): CodeIgniter\View\View->render('Admin/layout/pr...', Array, true)
#4 C:\xampp\htdocs\Food\system\Common.php(1089): CodeIgniter\View\View->render('Admin/Home/inde...', Array, true)
#5 C:\xampp\htdocs\Food\app\Controllers\Admin\Home.php(12): view('Admin/Home/inde...', Array)
#6 C:\xampp\htdocs\Food\system\CodeIgniter.php(832): App\Controllers\Admin\Home->index()
#7 C:\xampp\htdocs\Food\system\CodeIgniter.php(419): CodeIgniter\CodeIgniter->runController(Object(App\Controllers\Admin\Home))
#8 C:\xampp\htdocs\Food\system\CodeIgniter.php(326): CodeIgniter\CodeIgniter->handleRequest(NULL, Object(Config\Cache), false)
#9 C:\xampp\htdocs\Food\public\index.php(37): CodeIgniter\CodeIgniter->run()
#10 C:\xampp\htdocs\Food\system\Commands\Server\rewrite.php(43): require_once('C:\\xampp\\htdocs...')
#11 {main}
CRITICAL - 2025-06-25 15:01:17 --> Undefined variable $dataHora
#0 C:\xampp\htdocs\Food\app\Views\Admin\layout\principal.php(310): CodeIgniter\Debug\Exceptions->errorHandler(2, 'Undefined varia...', 'C:\\xampp\\htdocs...', 310)
#1 C:\xampp\htdocs\Food\system\View\View.php(210): include('C:\\xampp\\htdocs...')
#2 C:\xampp\htdocs\Food\system\View\View.php(213): CodeIgniter\View\View->CodeIgniter\View\{closure}()
#3 C:\xampp\htdocs\Food\system\View\View.php(226): CodeIgniter\View\View->render('Admin/layout/pr...', Array, true)
#4 C:\xampp\htdocs\Food\system\Common.php(1089): CodeIgniter\View\View->render('Admin/Home/inde...', Array, true)
#5 C:\xampp\htdocs\Food\app\Controllers\Admin\Home.php(12): view('Admin/Home/inde...', Array)
#6 C:\xampp\htdocs\Food\system\CodeIgniter.php(832): App\Controllers\Admin\Home->index()
#7 C:\xampp\htdocs\Food\system\CodeIgniter.php(419): CodeIgniter\CodeIgniter->runController(Object(App\Controllers\Admin\Home))
#8 C:\xampp\htdocs\Food\system\CodeIgniter.php(326): CodeIgniter\CodeIgniter->handleRequest(NULL, Object(Config\Cache), false)
#9 C:\xampp\htdocs\Food\public\index.php(37): CodeIgniter\CodeIgniter->run()
#10 C:\xampp\htdocs\Food\system\Commands\Server\rewrite.php(43): require_once('C:\\xampp\\htdocs...')
#11 {main}
CRITICAL - 2025-06-25 15:01:18 --> Undefined variable $dataHora
#0 C:\xampp\htdocs\Food\app\Views\Admin\layout\principal.php(310): CodeIgniter\Debug\Exceptions->errorHandler(2, 'Undefined varia...', 'C:\\xampp\\htdocs...', 310)
#1 C:\xampp\htdocs\Food\system\View\View.php(210): include('C:\\xampp\\htdocs...')
#2 C:\xampp\htdocs\Food\system\View\View.php(213): CodeIgniter\View\View->CodeIgniter\View\{closure}()
#3 C:\xampp\htdocs\Food\system\View\View.php(226): CodeIgniter\View\View->render('Admin/layout/pr...', Array, true)
#4 C:\xampp\htdocs\Food\system\Common.php(1089): CodeIgniter\View\View->render('Admin/Usuarios/...', Array, true)
#5 C:\xampp\htdocs\Food\app\Controllers\Admin\Usuarios.php(28): view('Admin/Usuarios/...', Array)
#6 C:\xampp\htdocs\Food\system\CodeIgniter.php(832): App\Controllers\Admin\Usuarios->index()
#7 C:\xampp\htdocs\Food\system\CodeIgniter.php(419): CodeIgniter\CodeIgniter->runController(Object(App\Controllers\Admin\Usuarios))
#8 C:\xampp\htdocs\Food\system\CodeIgniter.php(326): CodeIgniter\CodeIgniter->handleRequest(NULL, Object(Config\Cache), false)
#9 C:\xampp\htdocs\Food\public\index.php(37): CodeIgniter\CodeIgniter->run()
#10 C:\xampp\htdocs\Food\system\Commands\Server\rewrite.php(43): require_once('C:\\xampp\\htdocs...')
#11 {main}
CRITICAL - 2025-06-25 15:01:20 --> Undefined variable $dataHora
#0 C:\xampp\htdocs\Food\app\Views\Admin\layout\principal.php(310): CodeIgniter\Debug\Exceptions->errorHandler(2, 'Undefined varia...', 'C:\\xampp\\htdocs...', 310)
#1 C:\xampp\htdocs\Food\system\View\View.php(210): include('C:\\xampp\\htdocs...')
#2 C:\xampp\htdocs\Food\system\View\View.php(213): CodeIgniter\View\View->CodeIgniter\View\{closure}()
#3 C:\xampp\htdocs\Food\system\View\View.php(226): CodeIgniter\View\View->render('Admin/layout/pr...', Array, true)
#4 C:\xampp\htdocs\Food\system\Common.php(1089): CodeIgniter\View\View->render('Admin/Medidas/i...', Array, true)
#5 C:\xampp\htdocs\Food\app\Controllers\Admin\Medidas.php(25): view('Admin/Medidas/i...', Array)
#6 C:\xampp\htdocs\Food\system\CodeIgniter.php(832): App\Controllers\Admin\Medidas->index()
#7 C:\xampp\htdocs\Food\system\CodeIgniter.php(419): CodeIgniter\CodeIgniter->runController(Object(App\Controllers\Admin\Medidas))
#8 C:\xampp\htdocs\Food\system\CodeIgniter.php(326): CodeIgniter\CodeIgniter->handleRequest(NULL, Object(Config\Cache), false)
#9 C:\xampp\htdocs\Food\public\index.php(37): CodeIgniter\CodeIgniter->run()
#10 C:\xampp\htdocs\Food\system\Commands\Server\rewrite.php(43): require_once('C:\\xampp\\htdocs...')
#11 {main}
CRITICAL - 2025-06-25 15:01:21 --> Undefined variable $dataHora
#0 C:\xampp\htdocs\Food\app\Views\Admin\layout\principal.php(310): CodeIgniter\Debug\Exceptions->errorHandler(2, 'Undefined varia...', 'C:\\xampp\\htdocs...', 310)
#1 C:\xampp\htdocs\Food\system\View\View.php(210): include('C:\\xampp\\htdocs...')
#2 C:\xampp\htdocs\Food\system\View\View.php(213): CodeIgniter\View\View->CodeIgniter\View\{closure}()
#3 C:\xampp\htdocs\Food\system\View\View.php(226): CodeIgniter\View\View->render('Admin/layout/pr...', Array, true)
#4 C:\xampp\htdocs\Food\system\Common.php(1089): CodeIgniter\View\View->render('Admin/Medidas/i...', Array, true)
#5 C:\xampp\htdocs\Food\app\Controllers\Admin\Medidas.php(25): view('Admin/Medidas/i...', Array)
#6 C:\xampp\htdocs\Food\system\CodeIgniter.php(832): App\Controllers\Admin\Medidas->index()
#7 C:\xampp\htdocs\Food\system\CodeIgniter.php(419): CodeIgniter\CodeIgniter->runController(Object(App\Controllers\Admin\Medidas))
#8 C:\xampp\htdocs\Food\system\CodeIgniter.php(326): CodeIgniter\CodeIgniter->handleRequest(NULL, Object(Config\Cache), false)
#9 C:\xampp\htdocs\Food\public\index.php(37): CodeIgniter\CodeIgniter->run()
#10 C:\xampp\htdocs\Food\system\Commands\Server\rewrite.php(43): require_once('C:\\xampp\\htdocs...')
#11 {main}
CRITICAL - 2025-06-25 15:02:34 --> Undefined variable $dataHora
#0 C:\xampp\htdocs\Food\app\Views\Admin\layout\principal.php(306): CodeIgniter\Debug\Exceptions->errorHandler(2, 'Undefined varia...', 'C:\\xampp\\htdocs...', 306)
#1 C:\xampp\htdocs\Food\system\View\View.php(210): include('C:\\xampp\\htdocs...')
#2 C:\xampp\htdocs\Food\system\View\View.php(213): CodeIgniter\View\View->CodeIgniter\View\{closure}()
#3 C:\xampp\htdocs\Food\system\View\View.php(226): CodeIgniter\View\View->render('Admin/layout/pr...', Array, true)
#4 C:\xampp\htdocs\Food\system\Common.php(1089): CodeIgniter\View\View->render('Admin/Medidas/i...', Array, true)
#5 C:\xampp\htdocs\Food\app\Controllers\Admin\Medidas.php(25): view('Admin/Medidas/i...', Array)
#6 C:\xampp\htdocs\Food\system\CodeIgniter.php(832): App\Controllers\Admin\Medidas->index()
#7 C:\xampp\htdocs\Food\system\CodeIgniter.php(419): CodeIgniter\CodeIgniter->runController(Object(App\Controllers\Admin\Medidas))
#8 C:\xampp\htdocs\Food\system\CodeIgniter.php(326): CodeIgniter\CodeIgniter->handleRequest(NULL, Object(Config\Cache), false)
#9 C:\xampp\htdocs\Food\public\index.php(37): CodeIgniter\CodeIgniter->run()
#10 C:\xampp\htdocs\Food\system\Commands\Server\rewrite.php(43): require_once('C:\\xampp\\htdocs...')
#11 {main}
CRITICAL - 2025-06-25 15:02:48 --> Undefined variable $dataHora
#0 C:\xampp\htdocs\Food\app\Views\Admin\layout\principal.php(306): CodeIgniter\Debug\Exceptions->errorHandler(2, 'Undefined varia...', 'C:\\xampp\\htdocs...', 306)
#1 C:\xampp\htdocs\Food\system\View\View.php(210): include('C:\\xampp\\htdocs...')
#2 C:\xampp\htdocs\Food\system\View\View.php(213): CodeIgniter\View\View->CodeIgniter\View\{closure}()
#3 C:\xampp\htdocs\Food\system\View\View.php(226): CodeIgniter\View\View->render('Admin/layout/pr...', Array, true)
#4 C:\xampp\htdocs\Food\system\Common.php(1089): CodeIgniter\View\View->render('Admin/Medidas/i...', Array, true)
#5 C:\xampp\htdocs\Food\app\Controllers\Admin\Medidas.php(25): view('Admin/Medidas/i...', Array)
#6 C:\xampp\htdocs\Food\system\CodeIgniter.php(832): App\Controllers\Admin\Medidas->index()
#7 C:\xampp\htdocs\Food\system\CodeIgniter.php(419): CodeIgniter\CodeIgniter->runController(Object(App\Controllers\Admin\Medidas))
#8 C:\xampp\htdocs\Food\system\CodeIgniter.php(326): CodeIgniter\CodeIgniter->handleRequest(NULL, Object(Config\Cache), false)
#9 C:\xampp\htdocs\Food\public\index.php(37): CodeIgniter\CodeIgniter->run()
#10 C:\xampp\htdocs\Food\system\Commands\Server\rewrite.php(43): require_once('C:\\xampp\\htdocs...')
#11 {main}
CRITICAL - 2025-06-25 15:03:58 --> Undefined variable $dataHora
#0 C:\xampp\htdocs\Food\app\Views\Admin\layout\principal.php(311): CodeIgniter\Debug\Exceptions->errorHandler(2, 'Undefined varia...', 'C:\\xampp\\htdocs...', 311)
#1 C:\xampp\htdocs\Food\system\View\View.php(210): include('C:\\xampp\\htdocs...')
#2 C:\xampp\htdocs\Food\system\View\View.php(213): CodeIgniter\View\View->CodeIgniter\View\{closure}()
#3 C:\xampp\htdocs\Food\system\View\View.php(226): CodeIgniter\View\View->render('Admin/layout/pr...', Array, true)
#4 C:\xampp\htdocs\Food\system\Common.php(1089): CodeIgniter\View\View->render('Admin/Medidas/i...', Array, true)
#5 C:\xampp\htdocs\Food\app\Controllers\Admin\Medidas.php(25): view('Admin/Medidas/i...', Array)
#6 C:\xampp\htdocs\Food\system\CodeIgniter.php(832): App\Controllers\Admin\Medidas->index()
#7 C:\xampp\htdocs\Food\system\CodeIgniter.php(419): CodeIgniter\CodeIgniter->runController(Object(App\Controllers\Admin\Medidas))
#8 C:\xampp\htdocs\Food\system\CodeIgniter.php(326): CodeIgniter\CodeIgniter->handleRequest(NULL, Object(Config\Cache), false)
#9 C:\xampp\htdocs\Food\public\index.php(37): CodeIgniter\CodeIgniter->run()
#10 C:\xampp\htdocs\Food\system\Commands\Server\rewrite.php(43): require_once('C:\\xampp\\htdocs...')
#11 {main}
CRITICAL - 2025-06-25 18:50:07 --> A extensão GD não está carregada.
#0 C:\xampp\htdocs\Food\system\Images\Handlers\GDHandler.php(34): CodeIgniter\Exceptions\FrameworkException::forMissingExtension('GD')
#1 C:\xampp\htdocs\Food\system\Config\Services.php(312): CodeIgniter\Images\Handlers\GDHandler->__construct(Object(Config\Images))
#2 C:\xampp\htdocs\Food\system\Config\BaseService.php(248): CodeIgniter\Config\Services::image('gd', Object(Config\Images), false)
#3 C:\xampp\htdocs\Food\system\Config\BaseService.php(189): CodeIgniter\Config\BaseService::__callStatic('image', Array)
#4 C:\xampp\htdocs\Food\system\Config\Services.php(305): CodeIgniter\Config\BaseService::getSharedInstance('image', NULL, NULL)
#5 C:\xampp\htdocs\Food\system\Config\BaseService.php(248): CodeIgniter\Config\Services::image()
#6 C:\xampp\htdocs\Food\system\Common.php(929): CodeIgniter\Config\BaseService::__callStatic('image', Array)
#7 C:\xampp\htdocs\Food\app\Controllers\Admin\Produtos.php(222): service('image')
#8 C:\xampp\htdocs\Food\system\CodeIgniter.php(832): App\Controllers\Admin\Produtos->upload('2')
#9 C:\xampp\htdocs\Food\system\CodeIgniter.php(419): CodeIgniter\CodeIgniter->runController(Object(App\Controllers\Admin\Produtos))
#10 C:\xampp\htdocs\Food\system\CodeIgniter.php(326): CodeIgniter\CodeIgniter->handleRequest(NULL, Object(Config\Cache), false)
#11 C:\xampp\htdocs\Food\public\index.php(37): CodeIgniter\CodeIgniter->run()
#12 C:\xampp\htdocs\Food\system\Commands\Server\rewrite.php(43): require_once('C:\\xampp\\htdocs...')
#13 {main}
CRITICAL - 2025-06-25 18:50:47 --> Call to a member function withFile() on null
#0 C:\xampp\htdocs\Food\system\CodeIgniter.php(832): App\Controllers\Admin\Produtos->upload('2')
#1 C:\xampp\htdocs\Food\system\CodeIgniter.php(419): CodeIgniter\CodeIgniter->runController(Object(App\Controllers\Admin\Produtos))
#2 C:\xampp\htdocs\Food\system\CodeIgniter.php(326): CodeIgniter\CodeIgniter->handleRequest(NULL, Object(Config\Cache), false)
#3 C:\xampp\htdocs\Food\public\index.php(37): CodeIgniter\CodeIgniter->run()
#4 C:\xampp\htdocs\Food\system\Commands\Server\rewrite.php(43): require_once('C:\\xampp\\htdocs...')
#5 {main}
CRITICAL - 2025-06-25 18:52:17 --> syntax error, unexpected token "private"
#0 C:\xampp\htdocs\Food\system\Router\Router.php(175): CodeIgniter\Router\Router->autoRoute('admin/produtos/...')
#1 C:\xampp\htdocs\Food\system\CodeIgniter.php(726): CodeIgniter\Router\Router->handle('admin/produtos/...')
#2 C:\xampp\htdocs\Food\system\CodeIgniter.php(368): CodeIgniter\CodeIgniter->tryToRouteIt(Object(CodeIgniter\Router\RouteCollection))
#3 C:\xampp\htdocs\Food\system\CodeIgniter.php(326): CodeIgniter\CodeIgniter->handleRequest(NULL, Object(Config\Cache), false)
#4 C:\xampp\htdocs\Food\public\index.php(37): CodeIgniter\CodeIgniter->run()
#5 C:\xampp\htdocs\Food\system\Commands\Server\rewrite.php(43): require_once('C:\\xampp\\htdocs...')
#6 {main}
CRITICAL - 2025-06-25 18:52:19 --> syntax error, unexpected token "private"
#0 C:\xampp\htdocs\Food\system\Router\Router.php(175): CodeIgniter\Router\Router->autoRoute('admin/produtos/...')
#1 C:\xampp\htdocs\Food\system\CodeIgniter.php(726): CodeIgniter\Router\Router->handle('admin/produtos/...')
#2 C:\xampp\htdocs\Food\system\CodeIgniter.php(368): CodeIgniter\CodeIgniter->tryToRouteIt(Object(CodeIgniter\Router\RouteCollection))
#3 C:\xampp\htdocs\Food\system\CodeIgniter.php(326): CodeIgniter\CodeIgniter->handleRequest(NULL, Object(Config\Cache), false)
#4 C:\xampp\htdocs\Food\public\index.php(37): CodeIgniter\CodeIgniter->run()
#5 C:\xampp\htdocs\Food\system\Commands\Server\rewrite.php(43): require_once('C:\\xampp\\htdocs...')
#6 {main}
CRITICAL - 2025-06-25 18:52:20 --> syntax error, unexpected token "private"
#0 C:\xampp\htdocs\Food\system\Router\Router.php(175): CodeIgniter\Router\Router->autoRoute('admin/produtos/...')
#1 C:\xampp\htdocs\Food\system\CodeIgniter.php(726): CodeIgniter\Router\Router->handle('admin/produtos/...')
#2 C:\xampp\htdocs\Food\system\CodeIgniter.php(368): CodeIgniter\CodeIgniter->tryToRouteIt(Object(CodeIgniter\Router\RouteCollection))
#3 C:\xampp\htdocs\Food\system\CodeIgniter.php(326): CodeIgniter\CodeIgniter->handleRequest(NULL, Object(Config\Cache), false)
#4 C:\xampp\htdocs\Food\public\index.php(37): CodeIgniter\CodeIgniter->run()
#5 C:\xampp\htdocs\Food\system\Commands\Server\rewrite.php(43): require_once('C:\\xampp\\htdocs...')
#6 {main}
CRITICAL - 2025-06-25 18:52:36 --> Call to a member function withFile() on null
#0 C:\xampp\htdocs\Food\system\CodeIgniter.php(832): App\Controllers\Admin\Produtos->upload('2')
#1 C:\xampp\htdocs\Food\system\CodeIgniter.php(419): CodeIgniter\CodeIgniter->runController(Object(App\Controllers\Admin\Produtos))
#2 C:\xampp\htdocs\Food\system\CodeIgniter.php(326): CodeIgniter\CodeIgniter->handleRequest(NULL, Object(Config\Cache), false)
#3 C:\xampp\htdocs\Food\public\index.php(37): CodeIgniter\CodeIgniter->run()
#4 C:\xampp\htdocs\Food\system\Commands\Server\rewrite.php(43): require_once('C:\\xampp\\htdocs...')
#5 {main}
CRITICAL - 2025-06-25 18:53:05 --> Call to a member function withFile() on null
#0 C:\xampp\htdocs\Food\system\CodeIgniter.php(832): App\Controllers\Admin\Produtos->upload('2')
#1 C:\xampp\htdocs\Food\system\CodeIgniter.php(419): CodeIgniter\CodeIgniter->runController(Object(App\Controllers\Admin\Produtos))
#2 C:\xampp\htdocs\Food\system\CodeIgniter.php(326): CodeIgniter\CodeIgniter->handleRequest(NULL, Object(Config\Cache), false)
#3 C:\xampp\htdocs\Food\public\index.php(37): CodeIgniter\CodeIgniter->run()
#4 C:\xampp\htdocs\Food\system\Commands\Server\rewrite.php(43): require_once('C:\\xampp\\htdocs...')
#5 {main}
CRITICAL - 2025-06-25 18:54:53 --> A extensão GD não está carregada.
#0 C:\xampp\htdocs\Food\system\Images\Handlers\GDHandler.php(34): CodeIgniter\Exceptions\FrameworkException::forMissingExtension('GD')
#1 C:\xampp\htdocs\Food\system\Config\Services.php(312): CodeIgniter\Images\Handlers\GDHandler->__construct(Object(Config\Images))
#2 C:\xampp\htdocs\Food\system\Config\BaseService.php(248): CodeIgniter\Config\Services::image('gd', Object(Config\Images), false)
#3 C:\xampp\htdocs\Food\system\Config\BaseService.php(189): CodeIgniter\Config\BaseService::__callStatic('image', Array)
#4 C:\xampp\htdocs\Food\system\Config\Services.php(305): CodeIgniter\Config\BaseService::getSharedInstance('image', NULL, NULL)
#5 C:\xampp\htdocs\Food\system\Config\BaseService.php(248): CodeIgniter\Config\Services::image()
#6 C:\xampp\htdocs\Food\system\Common.php(929): CodeIgniter\Config\BaseService::__callStatic('image', Array)
#7 C:\xampp\htdocs\Food\app\Controllers\Admin\Produtos.php(222): service('image')
#8 C:\xampp\htdocs\Food\system\CodeIgniter.php(832): App\Controllers\Admin\Produtos->upload('2')
#9 C:\xampp\htdocs\Food\system\CodeIgniter.php(419): CodeIgniter\CodeIgniter->runController(Object(App\Controllers\Admin\Produtos))
#10 C:\xampp\htdocs\Food\system\CodeIgniter.php(326): CodeIgniter\CodeIgniter->handleRequest(NULL, Object(Config\Cache), false)
#11 C:\xampp\htdocs\Food\public\index.php(37): CodeIgniter\CodeIgniter->run()
#12 C:\xampp\htdocs\Food\system\Commands\Server\rewrite.php(43): require_once('C:\\xampp\\htdocs...')
#13 {main}
CRITICAL - 2025-06-25 18:57:26 --> A extensão GD não está carregada.
#0 C:\xampp\htdocs\Food\system\Images\Handlers\GDHandler.php(34): CodeIgniter\Exceptions\FrameworkException::forMissingExtension('GD')
#1 C:\xampp\htdocs\Food\system\Config\Services.php(312): CodeIgniter\Images\Handlers\GDHandler->__construct(Object(Config\Images))
#2 C:\xampp\htdocs\Food\system\Config\BaseService.php(248): CodeIgniter\Config\Services::image('gd', Object(Config\Images), false)
#3 C:\xampp\htdocs\Food\system\Config\BaseService.php(189): CodeIgniter\Config\BaseService::__callStatic('image', Array)
#4 C:\xampp\htdocs\Food\system\Config\Services.php(305): CodeIgniter\Config\BaseService::getSharedInstance('image', NULL, NULL)
#5 C:\xampp\htdocs\Food\system\Config\BaseService.php(248): CodeIgniter\Config\Services::image()
#6 C:\xampp\htdocs\Food\system\Common.php(929): CodeIgniter\Config\BaseService::__callStatic('image', Array)
#7 C:\xampp\htdocs\Food\app\Controllers\Admin\Produtos.php(222): service('image')
#8 C:\xampp\htdocs\Food\system\CodeIgniter.php(832): App\Controllers\Admin\Produtos->upload('2')
#9 C:\xampp\htdocs\Food\system\CodeIgniter.php(419): CodeIgniter\CodeIgniter->runController(Object(App\Controllers\Admin\Produtos))
#10 C:\xampp\htdocs\Food\system\CodeIgniter.php(326): CodeIgniter\CodeIgniter->handleRequest(NULL, Object(Config\Cache), false)
#11 C:\xampp\htdocs\Food\public\index.php(37): CodeIgniter\CodeIgniter->run()
#12 C:\xampp\htdocs\Food\system\Commands\Server\rewrite.php(43): require_once('C:\\xampp\\htdocs...')
#13 {main}
CRITICAL - 2025-06-25 18:59:15 --> A extensão GD não está carregada.
#0 C:\xampp\htdocs\Food\system\Images\Handlers\GDHandler.php(34): CodeIgniter\Exceptions\FrameworkException::forMissingExtension('GD')
#1 C:\xampp\htdocs\Food\system\Config\Services.php(312): CodeIgniter\Images\Handlers\GDHandler->__construct(Object(Config\Images))
#2 C:\xampp\htdocs\Food\system\Config\BaseService.php(248): CodeIgniter\Config\Services::image('gd', Object(Config\Images), false)
#3 C:\xampp\htdocs\Food\system\Config\BaseService.php(189): CodeIgniter\Config\BaseService::__callStatic('image', Array)
#4 C:\xampp\htdocs\Food\system\Config\Services.php(305): CodeIgniter\Config\BaseService::getSharedInstance('image', NULL, NULL)
#5 C:\xampp\htdocs\Food\system\Config\BaseService.php(248): CodeIgniter\Config\Services::image()
#6 C:\xampp\htdocs\Food\system\Common.php(929): CodeIgniter\Config\BaseService::__callStatic('image', Array)
#7 C:\xampp\htdocs\Food\app\Controllers\Admin\Produtos.php(222): service('image')
#8 C:\xampp\htdocs\Food\system\CodeIgniter.php(832): App\Controllers\Admin\Produtos->upload('2')
#9 C:\xampp\htdocs\Food\system\CodeIgniter.php(419): CodeIgniter\CodeIgniter->runController(Object(App\Controllers\Admin\Produtos))
#10 C:\xampp\htdocs\Food\system\CodeIgniter.php(326): CodeIgniter\CodeIgniter->handleRequest(NULL, Object(Config\Cache), false)
#11 C:\xampp\htdocs\Food\public\index.php(37): CodeIgniter\CodeIgniter->run()
#12 C:\xampp\htdocs\Food\system\Commands\Server\rewrite.php(43): require_once('C:\\xampp\\htdocs...')
#13 {main}
CRITICAL - 2025-06-25 19:00:25 --> A extensão GD não está carregada.
#0 C:\xampp\htdocs\Food\system\Images\Handlers\GDHandler.php(34): CodeIgniter\Exceptions\FrameworkException::forMissingExtension('GD')
#1 C:\xampp\htdocs\Food\system\Config\Services.php(312): CodeIgniter\Images\Handlers\GDHandler->__construct(Object(Config\Images))
#2 C:\xampp\htdocs\Food\system\Config\BaseService.php(248): CodeIgniter\Config\Services::image('gd', Object(Config\Images), false)
#3 C:\xampp\htdocs\Food\system\Config\BaseService.php(189): CodeIgniter\Config\BaseService::__callStatic('image', Array)
#4 C:\xampp\htdocs\Food\system\Config\Services.php(305): CodeIgniter\Config\BaseService::getSharedInstance('image', NULL, NULL)
#5 C:\xampp\htdocs\Food\system\Config\BaseService.php(248): CodeIgniter\Config\Services::image()
#6 C:\xampp\htdocs\Food\system\Common.php(929): CodeIgniter\Config\BaseService::__callStatic('image', Array)
#7 C:\xampp\htdocs\Food\app\Controllers\Admin\Produtos.php(222): service('image')
#8 C:\xampp\htdocs\Food\system\CodeIgniter.php(832): App\Controllers\Admin\Produtos->upload('2')
#9 C:\xampp\htdocs\Food\system\CodeIgniter.php(419): CodeIgniter\CodeIgniter->runController(Object(App\Controllers\Admin\Produtos))
#10 C:\xampp\htdocs\Food\system\CodeIgniter.php(326): CodeIgniter\CodeIgniter->handleRequest(NULL, Object(Config\Cache), false)
#11 C:\xampp\htdocs\Food\public\index.php(37): CodeIgniter\CodeIgniter->run()
#12 C:\xampp\htdocs\Food\system\Commands\Server\rewrite.php(43): require_once('C:\\xampp\\htdocs...')
#13 {main}
CRITICAL - 2025-06-25 19:00:55 --> A extensão GD não está carregada.
#0 C:\xampp\htdocs\Food\system\Images\Handlers\GDHandler.php(34): CodeIgniter\Exceptions\FrameworkException::forMissingExtension('GD')
#1 C:\xampp\htdocs\Food\system\Config\Services.php(312): CodeIgniter\Images\Handlers\GDHandler->__construct(Object(Config\Images))
#2 C:\xampp\htdocs\Food\system\Config\BaseService.php(248): CodeIgniter\Config\Services::image('gd', Object(Config\Images), false)
#3 C:\xampp\htdocs\Food\system\Config\BaseService.php(189): CodeIgniter\Config\BaseService::__callStatic('image', Array)
#4 C:\xampp\htdocs\Food\system\Config\Services.php(305): CodeIgniter\Config\BaseService::getSharedInstance('image', NULL, NULL)
#5 C:\xampp\htdocs\Food\system\Config\BaseService.php(248): CodeIgniter\Config\Services::image()
#6 C:\xampp\htdocs\Food\system\Common.php(929): CodeIgniter\Config\BaseService::__callStatic('image', Array)
#7 C:\xampp\htdocs\Food\app\Controllers\Admin\Produtos.php(222): service('image')
#8 C:\xampp\htdocs\Food\system\CodeIgniter.php(832): App\Controllers\Admin\Produtos->upload('2')
#9 C:\xampp\htdocs\Food\system\CodeIgniter.php(419): CodeIgniter\CodeIgniter->runController(Object(App\Controllers\Admin\Produtos))
#10 C:\xampp\htdocs\Food\system\CodeIgniter.php(326): CodeIgniter\CodeIgniter->handleRequest(NULL, Object(Config\Cache), false)
#11 C:\xampp\htdocs\Food\public\index.php(37): CodeIgniter\CodeIgniter->run()
#12 C:\xampp\htdocs\Food\system\Commands\Server\rewrite.php(43): require_once('C:\\xampp\\htdocs...')
#13 {main}
CRITICAL - 2025-06-25 19:02:35 --> Não há dados para update.
#0 C:\xampp\htdocs\Food\system\BaseModel.php(846): CodeIgniter\Database\Exceptions\DataException::forEmptyDataset('update')
#1 C:\xampp\htdocs\Food\system\Model.php(651): CodeIgniter\BaseModel->update(Array, Array)
#2 C:\xampp\htdocs\Food\system\BaseModel.php(656): CodeIgniter\Model->update('2', Object(App\Entities\Produto))
#3 C:\xampp\htdocs\Food\app\Controllers\Admin\Produtos.php(237): CodeIgniter\BaseModel->save(Object(App\Entities\Produto))
#4 C:\xampp\htdocs\Food\system\CodeIgniter.php(832): App\Controllers\Admin\Produtos->upload('2')
#5 C:\xampp\htdocs\Food\system\CodeIgniter.php(419): CodeIgniter\CodeIgniter->runController(Object(App\Controllers\Admin\Produtos))
#6 C:\xampp\htdocs\Food\system\CodeIgniter.php(326): CodeIgniter\CodeIgniter->handleRequest(NULL, Object(Config\Cache), false)
#7 C:\xampp\htdocs\Food\public\index.php(37): CodeIgniter\CodeIgniter->run()
#8 C:\xampp\htdocs\Food\system\Commands\Server\rewrite.php(43): require_once('C:\\xampp\\htdocs...')
#9 {main}
CRITICAL - 2025-06-25 19:12:53 --> Não há dados para update.
#0 C:\xampp\htdocs\Food\system\BaseModel.php(846): CodeIgniter\Database\Exceptions\DataException::forEmptyDataset('update')
#1 C:\xampp\htdocs\Food\system\Model.php(651): CodeIgniter\BaseModel->update(Array, Array)
#2 C:\xampp\htdocs\Food\system\BaseModel.php(656): CodeIgniter\Model->update('2', Object(App\Entities\Produto))
#3 C:\xampp\htdocs\Food\app\Controllers\Admin\Produtos.php(224): CodeIgniter\BaseModel->save(Object(App\Entities\Produto))
#4 C:\xampp\htdocs\Food\system\CodeIgniter.php(832): App\Controllers\Admin\Produtos->upload('2')
#5 C:\xampp\htdocs\Food\system\CodeIgniter.php(419): CodeIgniter\CodeIgniter->runController(Object(App\Controllers\Admin\Produtos))
#6 C:\xampp\htdocs\Food\system\CodeIgniter.php(326): CodeIgniter\CodeIgniter->handleRequest(NULL, Object(Config\Cache), false)
#7 C:\xampp\htdocs\Food\public\index.php(37): CodeIgniter\CodeIgniter->run()
#8 C:\xampp\htdocs\Food\system\Commands\Server\rewrite.php(43): require_once('C:\\xampp\\htdocs...')
#9 {main}
CRITICAL - 2025-06-25 19:14:59 --> Não há dados para update.
#0 C:\xampp\htdocs\Food\system\BaseModel.php(846): CodeIgniter\Database\Exceptions\DataException::forEmptyDataset('update')
#1 C:\xampp\htdocs\Food\system\Model.php(651): CodeIgniter\BaseModel->update(Array, Array)
#2 C:\xampp\htdocs\Food\system\BaseModel.php(656): CodeIgniter\Model->update('2', Object(App\Entities\Produto))
#3 C:\xampp\htdocs\Food\app\Controllers\Admin\Produtos.php(223): CodeIgniter\BaseModel->save(Object(App\Entities\Produto))
#4 C:\xampp\htdocs\Food\system\CodeIgniter.php(832): App\Controllers\Admin\Produtos->upload('2')
#5 C:\xampp\htdocs\Food\system\CodeIgniter.php(419): CodeIgniter\CodeIgniter->runController(Object(App\Controllers\Admin\Produtos))
#6 C:\xampp\htdocs\Food\system\CodeIgniter.php(326): CodeIgniter\CodeIgniter->handleRequest(NULL, Object(Config\Cache), false)
#7 C:\xampp\htdocs\Food\public\index.php(37): CodeIgniter\CodeIgniter->run()
#8 C:\xampp\htdocs\Food\system\Commands\Server\rewrite.php(43): require_once('C:\\xampp\\htdocs...')
#9 {main}
CRITICAL - 2025-06-25 19:17:49 --> Não há dados para update.
#0 C:\xampp\htdocs\Food\system\BaseModel.php(846): CodeIgniter\Database\Exceptions\DataException::forEmptyDataset('update')
#1 C:\xampp\htdocs\Food\system\Model.php(651): CodeIgniter\BaseModel->update(Array, Array)
#2 C:\xampp\htdocs\Food\system\BaseModel.php(656): CodeIgniter\Model->update('2', Object(App\Entities\Produto))
#3 C:\xampp\htdocs\Food\app\Controllers\Admin\Produtos.php(224): CodeIgniter\BaseModel->save(Object(App\Entities\Produto))
#4 C:\xampp\htdocs\Food\system\CodeIgniter.php(832): App\Controllers\Admin\Produtos->upload('2')
#5 C:\xampp\htdocs\Food\system\CodeIgniter.php(419): CodeIgniter\CodeIgniter->runController(Object(App\Controllers\Admin\Produtos))
#6 C:\xampp\htdocs\Food\system\CodeIgniter.php(326): CodeIgniter\CodeIgniter->handleRequest(NULL, Object(Config\Cache), false)
#7 C:\xampp\htdocs\Food\public\index.php(37): CodeIgniter\CodeIgniter->run()
#8 C:\xampp\htdocs\Food\system\Commands\Server\rewrite.php(43): require_once('C:\\xampp\\htdocs...')
#9 {main}
CRITICAL - 2025-06-25 19:24:51 --> Não há dados para update.
#0 C:\xampp\htdocs\Food\system\BaseModel.php(846): CodeIgniter\Database\Exceptions\DataException::forEmptyDataset('update')
#1 C:\xampp\htdocs\Food\system\Model.php(651): CodeIgniter\BaseModel->update(Array, Array)
#2 C:\xampp\htdocs\Food\system\BaseModel.php(656): CodeIgniter\Model->update('2', Object(App\Entities\Produto))
#3 C:\xampp\htdocs\Food\app\Controllers\Admin\Produtos.php(238): CodeIgniter\BaseModel->save(Object(App\Entities\Produto))
#4 C:\xampp\htdocs\Food\system\CodeIgniter.php(832): App\Controllers\Admin\Produtos->upload('2')
#5 C:\xampp\htdocs\Food\system\CodeIgniter.php(419): CodeIgniter\CodeIgniter->runController(Object(App\Controllers\Admin\Produtos))
#6 C:\xampp\htdocs\Food\system\CodeIgniter.php(326): CodeIgniter\CodeIgniter->handleRequest(NULL, Object(Config\Cache), false)
#7 C:\xampp\htdocs\Food\public\index.php(37): CodeIgniter\CodeIgniter->run()
#8 C:\xampp\htdocs\Food\system\Commands\Server\rewrite.php(43): require_once('C:\\xampp\\htdocs...')
#9 {main}
ERROR - 2025-06-25 20:39:48 --> Table 'food.produto_extras' doesn't exist
CRITICAL - 2025-06-25 20:39:48 --> Table 'food.produto_extras' doesn't exist
#0 C:\xampp\htdocs\Food\system\Database\MySQLi\Connection.php(292): mysqli->query('SELECT `extras`...', 0)
#1 C:\xampp\htdocs\Food\system\Database\BaseConnection.php(670): CodeIgniter\Database\MySQLi\Connection->execute('SELECT `extras`...')
#2 C:\xampp\htdocs\Food\system\Database\BaseConnection.php(598): CodeIgniter\Database\BaseConnection->simpleQuery('SELECT `extras`...')
#3 C:\xampp\htdocs\Food\system\Database\BaseBuilder.php(1455): CodeIgniter\Database\BaseConnection->query('SELECT `extras`...', Array, false)
#4 C:\xampp\htdocs\Food\system\Model.php(183): CodeIgniter\Database\BaseBuilder->get()
#5 C:\xampp\htdocs\Food\system\BaseModel.php(584): CodeIgniter\Model->doFindAll(0, 0)
#6 C:\xampp\htdocs\Food\app\Models\ProdutoExtraModel.php(32): CodeIgniter\BaseModel->findAll()
#7 C:\xampp\htdocs\Food\app\Controllers\Admin\Produtos.php(306): App\Models\ProdutoExtraModel->buscaExtraDoProduto('2')
#8 C:\xampp\htdocs\Food\system\CodeIgniter.php(832): App\Controllers\Admin\Produtos->extras('2')
#9 C:\xampp\htdocs\Food\system\CodeIgniter.php(419): CodeIgniter\CodeIgniter->runController(Object(App\Controllers\Admin\Produtos))
#10 C:\xampp\htdocs\Food\system\CodeIgniter.php(326): CodeIgniter\CodeIgniter->handleRequest(NULL, Object(Config\Cache), false)
#11 C:\xampp\htdocs\Food\public\index.php(37): CodeIgniter\CodeIgniter->run()
#12 C:\xampp\htdocs\Food\system\Commands\Server\rewrite.php(43): require_once('C:\\xampp\\htdocs...')
#13 {main}
ERROR - 2025-06-25 21:51:00 --> You have an error in your SQL syntax; check the manual that corresponds to your MariaDB server version for the right syntax to use near '.`preco`, `produtos_extras`.*
FROM `produtos_extras`
JOIN `extras` ON `extras...' at line 1
CRITICAL - 2025-06-25 21:51:00 --> You have an error in your SQL syntax; check the manual that corresponds to your MariaDB server version for the right syntax to use near '.`preco`, `produtos_extras`.*
FROM `produtos_extras`
JOIN `extras` ON `extras...' at line 1
#0 C:\xampp\htdocs\Food\system\Database\MySQLi\Connection.php(292): mysqli->query('SELECT `extras`...', 0)
#1 C:\xampp\htdocs\Food\system\Database\BaseConnection.php(670): CodeIgniter\Database\MySQLi\Connection->execute('SELECT `extras`...')
#2 C:\xampp\htdocs\Food\system\Database\BaseConnection.php(598): CodeIgniter\Database\BaseConnection->simpleQuery('SELECT `extras`...')
#3 C:\xampp\htdocs\Food\system\Database\BaseBuilder.php(1455): CodeIgniter\Database\BaseConnection->query('SELECT `extras`...', Array, false)
#4 C:\xampp\htdocs\Food\system\Model.php(183): CodeIgniter\Database\BaseBuilder->get()
#5 C:\xampp\htdocs\Food\system\BaseModel.php(584): CodeIgniter\Model->doFindAll(0, 0)
#6 C:\xampp\htdocs\Food\app\Models\ProdutoExtraModel.php(32): CodeIgniter\BaseModel->findAll()
#7 C:\xampp\htdocs\Food\app\Controllers\Admin\Produtos.php(306): App\Models\ProdutoExtraModel->buscaExtraDoProduto('1')
#8 C:\xampp\htdocs\Food\system\CodeIgniter.php(832): App\Controllers\Admin\Produtos->extras('1')
#9 C:\xampp\htdocs\Food\system\CodeIgniter.php(419): CodeIgniter\CodeIgniter->runController(Object(App\Controllers\Admin\Produtos))
#10 C:\xampp\htdocs\Food\system\CodeIgniter.php(326): CodeIgniter\CodeIgniter->handleRequest(NULL, Object(Config\Cache), false)
#11 C:\xampp\htdocs\Food\public\index.php(37): CodeIgniter\CodeIgniter->run()
#12 C:\xampp\htdocs\Food\system\Commands\Server\rewrite.php(43): require_once('C:\\xampp\\htdocs...')
#13 {main}
ERROR - 2025-06-25 21:51:05 --> You have an error in your SQL syntax; check the manual that corresponds to your MariaDB server version for the right syntax to use near '.`preco`, `produtos_extras`.*
FROM `produtos_extras`
JOIN `extras` ON `extras...' at line 1
CRITICAL - 2025-06-25 21:51:05 --> You have an error in your SQL syntax; check the manual that corresponds to your MariaDB server version for the right syntax to use near '.`preco`, `produtos_extras`.*
FROM `produtos_extras`
JOIN `extras` ON `extras...' at line 1
#0 C:\xampp\htdocs\Food\system\Database\MySQLi\Connection.php(292): mysqli->query('SELECT `extras`...', 0)
#1 C:\xampp\htdocs\Food\system\Database\BaseConnection.php(670): CodeIgniter\Database\MySQLi\Connection->execute('SELECT `extras`...')
#2 C:\xampp\htdocs\Food\system\Database\BaseConnection.php(598): CodeIgniter\Database\BaseConnection->simpleQuery('SELECT `extras`...')
#3 C:\xampp\htdocs\Food\system\Database\BaseBuilder.php(1455): CodeIgniter\Database\BaseConnection->query('SELECT `extras`...', Array, false)
#4 C:\xampp\htdocs\Food\system\Model.php(183): CodeIgniter\Database\BaseBuilder->get()
#5 C:\xampp\htdocs\Food\system\BaseModel.php(584): CodeIgniter\Model->doFindAll(0, 0)
#6 C:\xampp\htdocs\Food\app\Models\ProdutoExtraModel.php(32): CodeIgniter\BaseModel->findAll()
#7 C:\xampp\htdocs\Food\app\Controllers\Admin\Produtos.php(306): App\Models\ProdutoExtraModel->buscaExtraDoProduto('1')
#8 C:\xampp\htdocs\Food\system\CodeIgniter.php(832): App\Controllers\Admin\Produtos->extras('1')
#9 C:\xampp\htdocs\Food\system\CodeIgniter.php(419): CodeIgniter\CodeIgniter->runController(Object(App\Controllers\Admin\Produtos))
#10 C:\xampp\htdocs\Food\system\CodeIgniter.php(326): CodeIgniter\CodeIgniter->handleRequest(NULL, Object(Config\Cache), false)
#11 C:\xampp\htdocs\Food\public\index.php(37): CodeIgniter\CodeIgniter->run()
#12 C:\xampp\htdocs\Food\system\Commands\Server\rewrite.php(43): require_once('C:\\xampp\\htdocs...')
#13 {main}
CRITICAL - 2025-06-25 21:56:36 --> Undefined property: stdClass::$principal_id
#0 C:\xampp\htdocs\Food\app\Views\Admin\Produtos\extras.php(86): CodeIgniter\Debug\Exceptions->errorHandler(2, 'Undefined prope...', 'C:\\xampp\\htdocs...', 86)
#1 C:\xampp\htdocs\Food\system\View\View.php(210): include('C:\\xampp\\htdocs...')
#2 C:\xampp\htdocs\Food\system\View\View.php(213): CodeIgniter\View\View->CodeIgniter\View\{closure}()
#3 C:\xampp\htdocs\Food\system\Common.php(1089): CodeIgniter\View\View->render('Admin/Produtos/...', Array, true)
#4 C:\xampp\htdocs\Food\app\Controllers\Admin\Produtos.php(310): view('Admin/Produtos/...', Array)
#5 C:\xampp\htdocs\Food\system\CodeIgniter.php(832): App\Controllers\Admin\Produtos->extras('1')
#6 C:\xampp\htdocs\Food\system\CodeIgniter.php(419): CodeIgniter\CodeIgniter->runController(Object(App\Controllers\Admin\Produtos))
#7 C:\xampp\htdocs\Food\system\CodeIgniter.php(326): CodeIgniter\CodeIgniter->handleRequest(NULL, Object(Config\Cache), false)
#8 C:\xampp\htdocs\Food\public\index.php(37): CodeIgniter\CodeIgniter->run()
#9 C:\xampp\htdocs\Food\system\Commands\Server\rewrite.php(43): require_once('C:\\xampp\\htdocs...')
#10 {main}
CRITICAL - 2025-06-25 22:03:12 --> Attempt to read property "id" on array
#0 C:\xampp\htdocs\Food\app\Views\Admin\Produtos\extras.php(85): CodeIgniter\Debug\Exceptions->errorHandler(2, 'Attempt to read...', 'C:\\xampp\\htdocs...', 85)
#1 C:\xampp\htdocs\Food\system\View\View.php(210): include('C:\\xampp\\htdocs...')
#2 C:\xampp\htdocs\Food\system\View\View.php(213): CodeIgniter\View\View->CodeIgniter\View\{closure}()
#3 C:\xampp\htdocs\Food\system\Common.php(1089): CodeIgniter\View\View->render('Admin/Produtos/...', Array, true)
#4 C:\xampp\htdocs\Food\app\Controllers\Admin\Produtos.php(310): view('Admin/Produtos/...', Array)
#5 C:\xampp\htdocs\Food\system\CodeIgniter.php(832): App\Controllers\Admin\Produtos->extras('1')
#6 C:\xampp\htdocs\Food\system\CodeIgniter.php(419): CodeIgniter\CodeIgniter->runController(Object(App\Controllers\Admin\Produtos))
#7 C:\xampp\htdocs\Food\system\CodeIgniter.php(326): CodeIgniter\CodeIgniter->handleRequest(NULL, Object(Config\Cache), false)
#8 C:\xampp\htdocs\Food\public\index.php(37): CodeIgniter\CodeIgniter->run()
#9 C:\xampp\htdocs\Food\system\Commands\Server\rewrite.php(43): require_once('C:\\xampp\\htdocs...')
#10 {main}
CRITICAL - 2025-06-25 22:43:13 --> Undefined property: stdClass::$descricao
#0 C:\xampp\htdocs\Food\app\Views\Admin\Produtos\extras.php(82): CodeIgniter\Debug\Exceptions->errorHandler(2, 'Undefined prope...', 'C:\\xampp\\htdocs...', 82)
#1 C:\xampp\htdocs\Food\system\View\View.php(210): include('C:\\xampp\\htdocs...')
#2 C:\xampp\htdocs\Food\system\View\View.php(213): CodeIgniter\View\View->CodeIgniter\View\{closure}()
#3 C:\xampp\htdocs\Food\system\Common.php(1089): CodeIgniter\View\View->render('Admin/Produtos/...', Array, true)
#4 C:\xampp\htdocs\Food\app\Controllers\Admin\Produtos.php(311): view('Admin/Produtos/...', Array)
#5 C:\xampp\htdocs\Food\system\CodeIgniter.php(832): App\Controllers\Admin\Produtos->extras('1')
#6 C:\xampp\htdocs\Food\system\CodeIgniter.php(419): CodeIgniter\CodeIgniter->runController(Object(App\Controllers\Admin\Produtos))
#7 C:\xampp\htdocs\Food\system\CodeIgniter.php(326): CodeIgniter\CodeIgniter->handleRequest(NULL, Object(Config\Cache), false)
#8 C:\xampp\htdocs\Food\public\index.php(37): CodeIgniter\CodeIgniter->run()
#9 C:\xampp\htdocs\Food\system\Commands\Server\rewrite.php(43): require_once('C:\\xampp\\htdocs...')
#10 {main}
