ERROR - 2025-07-09 13:08:03 --> Column 'id' in field list is ambiguous
CRITICAL - 2025-07-09 13:08:03 --> Column 'id' in field list is ambiguous
#0 C:\xampp\htdocs\Food\system\Database\MySQLi\Connection.php(292): mysqli->query('SELECT `id`, `n...', 0)
#1 C:\xampp\htdocs\Food\system\Database\BaseConnection.php(670): CodeIgniter\Database\MySQLi\Connection->execute('SELECT `id`, `n...')
#2 C:\xampp\htdocs\Food\system\Database\BaseConnection.php(598): CodeIgniter\Database\BaseConnection->simpleQuery('SELECT `id`, `n...')
#3 C:\xampp\htdocs\Food\system\Database\BaseBuilder.php(1455): CodeIgniter\Database\BaseConnection->query('SELECT `id`, `n...', Array, false)
#4 C:\xampp\htdocs\Food\system\Model.php(183): CodeIgniter\Database\BaseBuilder->get()
#5 C:\xampp\htdocs\Food\system\BaseModel.php(584): CodeIgniter\Model->doFindAll(0, 0)
#6 C:\xampp\htdocs\Food\app\Models\CategoriaModel.php(77): CodeIgniter\BaseModel->findAll()
#7 C:\xampp\htdocs\Food\app\Controllers\Home.php(23): App\Models\CategoriaModel->BuscaCategoriasPublicHome()
#8 C:\xampp\htdocs\Food\system\CodeIgniter.php(832): App\Controllers\Home->index()
#9 C:\xampp\htdocs\Food\system\CodeIgniter.php(419): CodeIgniter\CodeIgniter->runController(Object(App\Controllers\Home))
#10 C:\xampp\htdocs\Food\system\CodeIgniter.php(326): CodeIgniter\CodeIgniter->handleRequest(NULL, Object(Config\Cache), false)
#11 C:\xampp\htdocs\Food\public\index.php(37): CodeIgniter\CodeIgniter->run()
#12 C:\xampp\htdocs\Food\system\Commands\Server\rewrite.php(43): require_once('C:\\xampp\\htdocs...')
#13 {main}
CRITICAL - 2025-07-09 13:14:00 --> Cannot use object of type App\Entities\Categoria as array
#0 C:\xampp\htdocs\Food\system\View\View.php(210): include()
#1 C:\xampp\htdocs\Food\system\View\View.php(213): CodeIgniter\View\View->CodeIgniter\View\{closure}()
#2 C:\xampp\htdocs\Food\system\Common.php(1089): CodeIgniter\View\View->render('Home/index', Array, true)
#3 C:\xampp\htdocs\Food\app\Controllers\Home.php(27): view('Home/index', Array)
#4 C:\xampp\htdocs\Food\system\CodeIgniter.php(832): App\Controllers\Home->index()
#5 C:\xampp\htdocs\Food\system\CodeIgniter.php(419): CodeIgniter\CodeIgniter->runController(Object(App\Controllers\Home))
#6 C:\xampp\htdocs\Food\system\CodeIgniter.php(326): CodeIgniter\CodeIgniter->handleRequest(NULL, Object(Config\Cache), false)
#7 C:\xampp\htdocs\Food\public\index.php(37): CodeIgniter\CodeIgniter->run()
#8 C:\xampp\htdocs\Food\system\Commands\Server\rewrite.php(43): require_once('C:\\xampp\\htdocs...')
#9 {main}
CRITICAL - 2025-07-09 18:27:11 --> Undefined variable $entregador
#0 C:\xampp\htdocs\Food\app\Views\Admin\Categorias\show.php(17): CodeIgniter\Debug\Exceptions->errorHandler(2, 'Undefined varia...', 'C:\\xampp\\htdocs...', 17)
#1 C:\xampp\htdocs\Food\system\View\View.php(210): include('C:\\xampp\\htdocs...')
#2 C:\xampp\htdocs\Food\system\View\View.php(213): CodeIgniter\View\View->CodeIgniter\View\{closure}()
#3 C:\xampp\htdocs\Food\system\Common.php(1089): CodeIgniter\View\View->render('Admin/Categoria...', Array, true)
#4 C:\xampp\htdocs\Food\app\Controllers\Admin\Categorias.php(89): view('Admin/Categoria...', Array)
#5 C:\xampp\htdocs\Food\system\CodeIgniter.php(832): App\Controllers\Admin\Categorias->show('1')
#6 C:\xampp\htdocs\Food\system\CodeIgniter.php(419): CodeIgniter\CodeIgniter->runController(Object(App\Controllers\Admin\Categorias))
#7 C:\xampp\htdocs\Food\system\CodeIgniter.php(326): CodeIgniter\CodeIgniter->handleRequest(NULL, Object(Config\Cache), false)
#8 C:\xampp\htdocs\Food\public\index.php(37): CodeIgniter\CodeIgniter->run()
#9 C:\xampp\htdocs\Food\system\Commands\Server\rewrite.php(43): require_once('C:\\xampp\\htdocs...')
#10 {main}
CRITICAL - 2025-07-09 18:38:13 --> Undefined variable $entregador
#0 C:\xampp\htdocs\Food\app\Views\Admin\Categorias\show.php(36): CodeIgniter\Debug\Exceptions->errorHandler(2, 'Undefined varia...', 'C:\\xampp\\htdocs...', 36)
#1 C:\xampp\htdocs\Food\system\View\View.php(210): include('C:\\xampp\\htdocs...')
#2 C:\xampp\htdocs\Food\system\View\View.php(213): CodeIgniter\View\View->CodeIgniter\View\{closure}()
#3 C:\xampp\htdocs\Food\system\Common.php(1089): CodeIgniter\View\View->render('Admin/Categoria...', Array, true)
#4 C:\xampp\htdocs\Food\app\Controllers\Admin\Categorias.php(89): view('Admin/Categoria...', Array)
#5 C:\xampp\htdocs\Food\system\CodeIgniter.php(832): App\Controllers\Admin\Categorias->show('1')
#6 C:\xampp\htdocs\Food\system\CodeIgniter.php(419): CodeIgniter\CodeIgniter->runController(Object(App\Controllers\Admin\Categorias))
#7 C:\xampp\htdocs\Food\system\CodeIgniter.php(326): CodeIgniter\CodeIgniter->handleRequest(NULL, Object(Config\Cache), false)
#8 C:\xampp\htdocs\Food\public\index.php(37): CodeIgniter\CodeIgniter->run()
#9 C:\xampp\htdocs\Food\system\Commands\Server\rewrite.php(43): require_once('C:\\xampp\\htdocs...')
#10 {main}
CRITICAL - 2025-07-09 19:05:48 --> Arquivo inválido: Admin/categoriaes/editar_imagem.php
#0 C:\xampp\htdocs\Food\system\View\View.php(198): CodeIgniter\Exceptions\FrameworkException::forInvalidFile('Admin/categoria...')
#1 C:\xampp\htdocs\Food\system\Common.php(1089): CodeIgniter\View\View->render('Admin/categoria...', Array, true)
#2 C:\xampp\htdocs\Food\app\Controllers\Admin\Categorias.php(119): view('Admin/categoria...', Array)
#3 C:\xampp\htdocs\Food\system\CodeIgniter.php(832): App\Controllers\Admin\Categorias->editarimagem('1')
#4 C:\xampp\htdocs\Food\system\CodeIgniter.php(419): CodeIgniter\CodeIgniter->runController(Object(App\Controllers\Admin\Categorias))
#5 C:\xampp\htdocs\Food\system\CodeIgniter.php(326): CodeIgniter\CodeIgniter->handleRequest(NULL, Object(Config\Cache), false)
#6 C:\xampp\htdocs\Food\public\index.php(37): CodeIgniter\CodeIgniter->run()
#7 C:\xampp\htdocs\Food\system\Commands\Server\rewrite.php(43): require_once('C:\\xampp\\htdocs...')
#8 {main}
CRITICAL - 2025-07-09 19:06:42 --> Undefined variable $entregador
#0 C:\xampp\htdocs\Food\app\Views\Admin\Categorias\index.php(44): CodeIgniter\Debug\Exceptions->errorHandler(2, 'Undefined varia...', 'C:\\xampp\\htdocs...', 44)
#1 C:\xampp\htdocs\Food\system\View\View.php(210): include('C:\\xampp\\htdocs...')
#2 C:\xampp\htdocs\Food\system\View\View.php(213): CodeIgniter\View\View->CodeIgniter\View\{closure}()
#3 C:\xampp\htdocs\Food\system\Common.php(1089): CodeIgniter\View\View->render('Admin/Categoria...', Array, true)
#4 C:\xampp\htdocs\Food\app\Controllers\Admin\Categorias.php(25): view('Admin/Categoria...', Array)
#5 C:\xampp\htdocs\Food\system\CodeIgniter.php(832): App\Controllers\Admin\Categorias->index()
#6 C:\xampp\htdocs\Food\system\CodeIgniter.php(419): CodeIgniter\CodeIgniter->runController(Object(App\Controllers\Admin\Categorias))
#7 C:\xampp\htdocs\Food\system\CodeIgniter.php(326): CodeIgniter\CodeIgniter->handleRequest(NULL, Object(Config\Cache), false)
#8 C:\xampp\htdocs\Food\public\index.php(37): CodeIgniter\CodeIgniter->run()
#9 C:\xampp\htdocs\Food\system\Commands\Server\rewrite.php(43): require_once('C:\\xampp\\htdocs...')
#10 {main}
CRITICAL - 2025-07-09 19:08:58 --> Undefined variable $entregador
#0 C:\xampp\htdocs\Food\app\Views\Admin\Categorias\editar_imagem.php(26): CodeIgniter\Debug\Exceptions->errorHandler(2, 'Undefined varia...', 'C:\\xampp\\htdocs...', 26)
#1 C:\xampp\htdocs\Food\system\View\View.php(210): include('C:\\xampp\\htdocs...')
#2 C:\xampp\htdocs\Food\system\View\View.php(213): CodeIgniter\View\View->CodeIgniter\View\{closure}()
#3 C:\xampp\htdocs\Food\system\Common.php(1089): CodeIgniter\View\View->render('Admin/Categoria...', Array, true)
#4 C:\xampp\htdocs\Food\app\Controllers\Admin\Categorias.php(119): view('Admin/Categoria...', Array)
#5 C:\xampp\htdocs\Food\system\CodeIgniter.php(832): App\Controllers\Admin\Categorias->editarimagem('1')
#6 C:\xampp\htdocs\Food\system\CodeIgniter.php(419): CodeIgniter\CodeIgniter->runController(Object(App\Controllers\Admin\Categorias))
#7 C:\xampp\htdocs\Food\system\CodeIgniter.php(326): CodeIgniter\CodeIgniter->handleRequest(NULL, Object(Config\Cache), false)
#8 C:\xampp\htdocs\Food\public\index.php(37): CodeIgniter\CodeIgniter->run()
#9 C:\xampp\htdocs\Food\system\Commands\Server\rewrite.php(43): require_once('C:\\xampp\\htdocs...')
#10 {main}
CRITICAL - 2025-07-09 19:09:45 --> Arquivo inválido: Admin/categoriaes/editar_imagem.php
#0 C:\xampp\htdocs\Food\system\View\View.php(198): CodeIgniter\Exceptions\FrameworkException::forInvalidFile('Admin/categoria...')
#1 C:\xampp\htdocs\Food\system\Common.php(1089): CodeIgniter\View\View->render('Admin/categoria...', Array, true)
#2 C:\xampp\htdocs\Food\app\Controllers\Admin\Categorias.php(119): view('Admin/categoria...', Array)
#3 C:\xampp\htdocs\Food\system\CodeIgniter.php(832): App\Controllers\Admin\Categorias->editarimagem('1')
#4 C:\xampp\htdocs\Food\system\CodeIgniter.php(419): CodeIgniter\CodeIgniter->runController(Object(App\Controllers\Admin\Categorias))
#5 C:\xampp\htdocs\Food\system\CodeIgniter.php(326): CodeIgniter\CodeIgniter->handleRequest(NULL, Object(Config\Cache), false)
#6 C:\xampp\htdocs\Food\public\index.php(37): CodeIgniter\CodeIgniter->run()
#7 C:\xampp\htdocs\Food\system\Commands\Server\rewrite.php(43): require_once('C:\\xampp\\htdocs...')
#8 {main}
CRITICAL - 2025-07-09 19:12:07 --> Não há dados para update.
#0 C:\xampp\htdocs\Food\system\BaseModel.php(846): CodeIgniter\Database\Exceptions\DataException::forEmptyDataset('update')
#1 C:\xampp\htdocs\Food\system\Model.php(651): CodeIgniter\BaseModel->update(Array, Array)
#2 C:\xampp\htdocs\Food\system\BaseModel.php(656): CodeIgniter\Model->update('1', Object(App\Entities\Categoria))
#3 C:\xampp\htdocs\Food\app\Controllers\Admin\Categorias.php(160): CodeIgniter\BaseModel->save(Object(App\Entities\Categoria))
#4 C:\xampp\htdocs\Food\system\CodeIgniter.php(832): App\Controllers\Admin\Categorias->upload('1')
#5 C:\xampp\htdocs\Food\system\CodeIgniter.php(419): CodeIgniter\CodeIgniter->runController(Object(App\Controllers\Admin\Categorias))
#6 C:\xampp\htdocs\Food\system\CodeIgniter.php(326): CodeIgniter\CodeIgniter->handleRequest(NULL, Object(Config\Cache), false)
#7 C:\xampp\htdocs\Food\public\index.php(37): CodeIgniter\CodeIgniter->run()
#8 C:\xampp\htdocs\Food\system\Commands\Server\rewrite.php(43): require_once('C:\\xampp\\htdocs...')
#9 {main}
CRITICAL - 2025-07-09 19:15:47 --> Não há dados para update.
#0 C:\xampp\htdocs\Food\system\BaseModel.php(846): CodeIgniter\Database\Exceptions\DataException::forEmptyDataset('update')
#1 C:\xampp\htdocs\Food\system\Model.php(651): CodeIgniter\BaseModel->update(Array, Array)
#2 C:\xampp\htdocs\Food\system\BaseModel.php(656): CodeIgniter\Model->update('1', Object(App\Entities\Categoria))
#3 C:\xampp\htdocs\Food\app\Controllers\Admin\Categorias.php(164): CodeIgniter\BaseModel->save(Object(App\Entities\Categoria))
#4 C:\xampp\htdocs\Food\system\CodeIgniter.php(832): App\Controllers\Admin\Categorias->upload('1')
#5 C:\xampp\htdocs\Food\system\CodeIgniter.php(419): CodeIgniter\CodeIgniter->runController(Object(App\Controllers\Admin\Categorias))
#6 C:\xampp\htdocs\Food\system\CodeIgniter.php(326): CodeIgniter\CodeIgniter->handleRequest(NULL, Object(Config\Cache), false)
#7 C:\xampp\htdocs\Food\public\index.php(37): CodeIgniter\CodeIgniter->run()
#8 C:\xampp\htdocs\Food\system\Commands\Server\rewrite.php(43): require_once('C:\\xampp\\htdocs...')
#9 {main}
CRITICAL - 2025-07-09 19:19:02 --> Call to undefined method App\Controllers\Admin\Categorias::buscarCategoriaOu404()
#0 C:\xampp\htdocs\Food\system\CodeIgniter.php(832): App\Controllers\Admin\Categorias->upload('1')
#1 C:\xampp\htdocs\Food\system\CodeIgniter.php(419): CodeIgniter\CodeIgniter->runController(Object(App\Controllers\Admin\Categorias))
#2 C:\xampp\htdocs\Food\system\CodeIgniter.php(326): CodeIgniter\CodeIgniter->handleRequest(NULL, Object(Config\Cache), false)
#3 C:\xampp\htdocs\Food\public\index.php(37): CodeIgniter\CodeIgniter->run()
#4 C:\xampp\htdocs\Food\system\Commands\Server\rewrite.php(43): require_once('C:\\xampp\\htdocs...')
#5 {main}
CRITICAL - 2025-07-09 19:19:29 --> Call to a member function isValid() on null
#0 C:\xampp\htdocs\Food\system\CodeIgniter.php(832): App\Controllers\Admin\Categorias->upload('1')
#1 C:\xampp\htdocs\Food\system\CodeIgniter.php(419): CodeIgniter\CodeIgniter->runController(Object(App\Controllers\Admin\Categorias))
#2 C:\xampp\htdocs\Food\system\CodeIgniter.php(326): CodeIgniter\CodeIgniter->handleRequest(NULL, Object(Config\Cache), false)
#3 C:\xampp\htdocs\Food\public\index.php(37): CodeIgniter\CodeIgniter->run()
#4 C:\xampp\htdocs\Food\system\Commands\Server\rewrite.php(43): require_once('C:\\xampp\\htdocs...')
#5 {main}
CRITICAL - 2025-07-09 19:19:33 --> Call to a member function isValid() on null
#0 C:\xampp\htdocs\Food\system\CodeIgniter.php(832): App\Controllers\Admin\Categorias->upload('1')
#1 C:\xampp\htdocs\Food\system\CodeIgniter.php(419): CodeIgniter\CodeIgniter->runController(Object(App\Controllers\Admin\Categorias))
#2 C:\xampp\htdocs\Food\system\CodeIgniter.php(326): CodeIgniter\CodeIgniter->handleRequest(NULL, Object(Config\Cache), false)
#3 C:\xampp\htdocs\Food\public\index.php(37): CodeIgniter\CodeIgniter->run()
#4 C:\xampp\htdocs\Food\system\Commands\Server\rewrite.php(43): require_once('C:\\xampp\\htdocs...')
#5 {main}
CRITICAL - 2025-07-09 19:19:38 --> Call to a member function isValid() on null
#0 C:\xampp\htdocs\Food\system\CodeIgniter.php(832): App\Controllers\Admin\Categorias->upload('1')
#1 C:\xampp\htdocs\Food\system\CodeIgniter.php(419): CodeIgniter\CodeIgniter->runController(Object(App\Controllers\Admin\Categorias))
#2 C:\xampp\htdocs\Food\system\CodeIgniter.php(326): CodeIgniter\CodeIgniter->handleRequest(NULL, Object(Config\Cache), false)
#3 C:\xampp\htdocs\Food\public\index.php(37): CodeIgniter\CodeIgniter->run()
#4 C:\xampp\htdocs\Food\system\Commands\Server\rewrite.php(43): require_once('C:\\xampp\\htdocs...')
#5 {main}
CRITICAL - 2025-07-09 19:19:48 --> Call to a member function isValid() on null
#0 C:\xampp\htdocs\Food\system\CodeIgniter.php(832): App\Controllers\Admin\Categorias->upload('1')
#1 C:\xampp\htdocs\Food\system\CodeIgniter.php(419): CodeIgniter\CodeIgniter->runController(Object(App\Controllers\Admin\Categorias))
#2 C:\xampp\htdocs\Food\system\CodeIgniter.php(326): CodeIgniter\CodeIgniter->handleRequest(NULL, Object(Config\Cache), false)
#3 C:\xampp\htdocs\Food\public\index.php(37): CodeIgniter\CodeIgniter->run()
#4 C:\xampp\htdocs\Food\system\Commands\Server\rewrite.php(43): require_once('C:\\xampp\\htdocs...')
#5 {main}
CRITICAL - 2025-07-09 19:21:10 --> Não há dados para update.
#0 C:\xampp\htdocs\Food\system\BaseModel.php(846): CodeIgniter\Database\Exceptions\DataException::forEmptyDataset('update')
#1 C:\xampp\htdocs\Food\system\Model.php(651): CodeIgniter\BaseModel->update(Array, Array)
#2 C:\xampp\htdocs\Food\system\BaseModel.php(656): CodeIgniter\Model->update('1', Object(App\Entities\Categoria))
#3 C:\xampp\htdocs\Food\app\Controllers\Admin\Categorias.php(160): CodeIgniter\BaseModel->save(Object(App\Entities\Categoria))
#4 C:\xampp\htdocs\Food\system\CodeIgniter.php(832): App\Controllers\Admin\Categorias->upload('1')
#5 C:\xampp\htdocs\Food\system\CodeIgniter.php(419): CodeIgniter\CodeIgniter->runController(Object(App\Controllers\Admin\Categorias))
#6 C:\xampp\htdocs\Food\system\CodeIgniter.php(326): CodeIgniter\CodeIgniter->handleRequest(NULL, Object(Config\Cache), false)
#7 C:\xampp\htdocs\Food\public\index.php(37): CodeIgniter\CodeIgniter->run()
#8 C:\xampp\htdocs\Food\system\Commands\Server\rewrite.php(43): require_once('C:\\xampp\\htdocs...')
#9 {main}
CRITICAL - 2025-07-09 19:23:42 --> Não há dados para update.
#0 C:\xampp\htdocs\Food\system\BaseModel.php(846): CodeIgniter\Database\Exceptions\DataException::forEmptyDataset('update')
#1 C:\xampp\htdocs\Food\system\Model.php(651): CodeIgniter\BaseModel->update(Array, Array)
#2 C:\xampp\htdocs\Food\system\BaseModel.php(656): CodeIgniter\Model->update('1', Object(App\Entities\Categoria))
#3 C:\xampp\htdocs\Food\app\Controllers\Admin\Categorias.php(172): CodeIgniter\BaseModel->save(Object(App\Entities\Categoria))
#4 C:\xampp\htdocs\Food\system\CodeIgniter.php(832): App\Controllers\Admin\Categorias->upload('1')
#5 C:\xampp\htdocs\Food\system\CodeIgniter.php(419): CodeIgniter\CodeIgniter->runController(Object(App\Controllers\Admin\Categorias))
#6 C:\xampp\htdocs\Food\system\CodeIgniter.php(326): CodeIgniter\CodeIgniter->handleRequest(NULL, Object(Config\Cache), false)
#7 C:\xampp\htdocs\Food\public\index.php(37): CodeIgniter\CodeIgniter->run()
#8 C:\xampp\htdocs\Food\system\Commands\Server\rewrite.php(43): require_once('C:\\xampp\\htdocs...')
#9 {main}
CRITICAL - 2025-07-09 19:24:11 --> Não há dados para update.
#0 C:\xampp\htdocs\Food\system\BaseModel.php(846): CodeIgniter\Database\Exceptions\DataException::forEmptyDataset('update')
#1 C:\xampp\htdocs\Food\system\Model.php(651): CodeIgniter\BaseModel->update(Array, Array)
#2 C:\xampp\htdocs\Food\system\BaseModel.php(656): CodeIgniter\Model->update('1', Object(App\Entities\Categoria))
#3 C:\xampp\htdocs\Food\app\Controllers\Admin\Categorias.php(172): CodeIgniter\BaseModel->save(Object(App\Entities\Categoria))
#4 C:\xampp\htdocs\Food\system\CodeIgniter.php(832): App\Controllers\Admin\Categorias->upload('1')
#5 C:\xampp\htdocs\Food\system\CodeIgniter.php(419): CodeIgniter\CodeIgniter->runController(Object(App\Controllers\Admin\Categorias))
#6 C:\xampp\htdocs\Food\system\CodeIgniter.php(326): CodeIgniter\CodeIgniter->handleRequest(NULL, Object(Config\Cache), false)
#7 C:\xampp\htdocs\Food\public\index.php(37): CodeIgniter\CodeIgniter->run()
#8 C:\xampp\htdocs\Food\system\Commands\Server\rewrite.php(43): require_once('C:\\xampp\\htdocs...')
#9 {main}
CRITICAL - 2025-07-09 19:26:05 --> Arquivo inválido: Admin/Categorias/show.php
#0 C:\xampp\htdocs\Food\system\View\View.php(198): CodeIgniter\Exceptions\FrameworkException::forInvalidFile('Admin/Categoria...')
#1 C:\xampp\htdocs\Food\system\Common.php(1089): CodeIgniter\View\View->render('Admin/Categoria...', Array, true)
#2 C:\xampp\htdocs\Food\app\Controllers\Admin\Categorias.php(89): view('Admin/Categoria...', Array)
#3 C:\xampp\htdocs\Food\system\CodeIgniter.php(832): App\Controllers\Admin\Categorias->show('1')
#4 C:\xampp\htdocs\Food\system\CodeIgniter.php(419): CodeIgniter\CodeIgniter->runController(Object(App\Controllers\Admin\Categorias))
#5 C:\xampp\htdocs\Food\system\CodeIgniter.php(326): CodeIgniter\CodeIgniter->handleRequest(NULL, Object(Config\Cache), false)
#6 C:\xampp\htdocs\Food\public\index.php(37): CodeIgniter\CodeIgniter->run()
#7 C:\xampp\htdocs\Food\system\Commands\Server\rewrite.php(43): require_once('C:\\xampp\\htdocs...')
#8 {main}
CRITICAL - 2025-07-09 19:26:08 --> Arquivo inválido: Admin/Categorias/show.php
#0 C:\xampp\htdocs\Food\system\View\View.php(198): CodeIgniter\Exceptions\FrameworkException::forInvalidFile('Admin/Categoria...')
#1 C:\xampp\htdocs\Food\system\Common.php(1089): CodeIgniter\View\View->render('Admin/Categoria...', Array, true)
#2 C:\xampp\htdocs\Food\app\Controllers\Admin\Categorias.php(89): view('Admin/Categoria...', Array)
#3 C:\xampp\htdocs\Food\system\CodeIgniter.php(832): App\Controllers\Admin\Categorias->show('1')
#4 C:\xampp\htdocs\Food\system\CodeIgniter.php(419): CodeIgniter\CodeIgniter->runController(Object(App\Controllers\Admin\Categorias))
#5 C:\xampp\htdocs\Food\system\CodeIgniter.php(326): CodeIgniter\CodeIgniter->handleRequest(NULL, Object(Config\Cache), false)
#6 C:\xampp\htdocs\Food\public\index.php(37): CodeIgniter\CodeIgniter->run()
#7 C:\xampp\htdocs\Food\system\Commands\Server\rewrite.php(43): require_once('C:\\xampp\\htdocs...')
#8 {main}
CRITICAL - 2025-07-09 19:26:09 --> Arquivo inválido: Admin/Categorias/show.php
#0 C:\xampp\htdocs\Food\system\View\View.php(198): CodeIgniter\Exceptions\FrameworkException::forInvalidFile('Admin/Categoria...')
#1 C:\xampp\htdocs\Food\system\Common.php(1089): CodeIgniter\View\View->render('Admin/Categoria...', Array, true)
#2 C:\xampp\htdocs\Food\app\Controllers\Admin\Categorias.php(89): view('Admin/Categoria...', Array)
#3 C:\xampp\htdocs\Food\system\CodeIgniter.php(832): App\Controllers\Admin\Categorias->show('1')
#4 C:\xampp\htdocs\Food\system\CodeIgniter.php(419): CodeIgniter\CodeIgniter->runController(Object(App\Controllers\Admin\Categorias))
#5 C:\xampp\htdocs\Food\system\CodeIgniter.php(326): CodeIgniter\CodeIgniter->handleRequest(NULL, Object(Config\Cache), false)
#6 C:\xampp\htdocs\Food\public\index.php(37): CodeIgniter\CodeIgniter->run()
#7 C:\xampp\htdocs\Food\system\Commands\Server\rewrite.php(43): require_once('C:\\xampp\\htdocs...')
#8 {main}
CRITICAL - 2025-07-09 19:26:28 --> Arquivo inválido: Admin/Categorias/show.php
#0 C:\xampp\htdocs\Food\system\View\View.php(198): CodeIgniter\Exceptions\FrameworkException::forInvalidFile('Admin/Categoria...')
#1 C:\xampp\htdocs\Food\system\Common.php(1089): CodeIgniter\View\View->render('Admin/Categoria...', Array, true)
#2 C:\xampp\htdocs\Food\app\Controllers\Admin\Categorias.php(89): view('Admin/Categoria...', Array)
#3 C:\xampp\htdocs\Food\system\CodeIgniter.php(832): App\Controllers\Admin\Categorias->show('1')
#4 C:\xampp\htdocs\Food\system\CodeIgniter.php(419): CodeIgniter\CodeIgniter->runController(Object(App\Controllers\Admin\Categorias))
#5 C:\xampp\htdocs\Food\system\CodeIgniter.php(326): CodeIgniter\CodeIgniter->handleRequest(NULL, Object(Config\Cache), false)
#6 C:\xampp\htdocs\Food\public\index.php(37): CodeIgniter\CodeIgniter->run()
#7 C:\xampp\htdocs\Food\system\Commands\Server\rewrite.php(43): require_once('C:\\xampp\\htdocs...')
#8 {main}
CRITICAL - 2025-07-09 19:26:30 --> Arquivo inválido: Admin/Categorias/show.php
#0 C:\xampp\htdocs\Food\system\View\View.php(198): CodeIgniter\Exceptions\FrameworkException::forInvalidFile('Admin/Categoria...')
#1 C:\xampp\htdocs\Food\system\Common.php(1089): CodeIgniter\View\View->render('Admin/Categoria...', Array, true)
#2 C:\xampp\htdocs\Food\app\Controllers\Admin\Categorias.php(89): view('Admin/Categoria...', Array)
#3 C:\xampp\htdocs\Food\system\CodeIgniter.php(832): App\Controllers\Admin\Categorias->show('1')
#4 C:\xampp\htdocs\Food\system\CodeIgniter.php(419): CodeIgniter\CodeIgniter->runController(Object(App\Controllers\Admin\Categorias))
#5 C:\xampp\htdocs\Food\system\CodeIgniter.php(326): CodeIgniter\CodeIgniter->handleRequest(NULL, Object(Config\Cache), false)
#6 C:\xampp\htdocs\Food\public\index.php(37): CodeIgniter\CodeIgniter->run()
#7 C:\xampp\htdocs\Food\system\Commands\Server\rewrite.php(43): require_once('C:\\xampp\\htdocs...')
#8 {main}
CRITICAL - 2025-07-09 19:27:24 --> Não há dados para update.
#0 C:\xampp\htdocs\Food\system\BaseModel.php(846): CodeIgniter\Database\Exceptions\DataException::forEmptyDataset('update')
#1 C:\xampp\htdocs\Food\system\Model.php(651): CodeIgniter\BaseModel->update(Array, Array)
#2 C:\xampp\htdocs\Food\app\Controllers\Admin\Categorias.php(177): CodeIgniter\Model->update('1', Array)
#3 C:\xampp\htdocs\Food\system\CodeIgniter.php(832): App\Controllers\Admin\Categorias->upload('1')
#4 C:\xampp\htdocs\Food\system\CodeIgniter.php(419): CodeIgniter\CodeIgniter->runController(Object(App\Controllers\Admin\Categorias))
#5 C:\xampp\htdocs\Food\system\CodeIgniter.php(326): CodeIgniter\CodeIgniter->handleRequest(NULL, Object(Config\Cache), false)
#6 C:\xampp\htdocs\Food\public\index.php(37): CodeIgniter\CodeIgniter->run()
#7 C:\xampp\htdocs\Food\system\Commands\Server\rewrite.php(43): require_once('C:\\xampp\\htdocs...')
#8 {main}
CRITICAL - 2025-07-09 19:31:34 --> Arquivo inválido: Admin/layout/_mensagens.php
#0 C:\xampp\htdocs\Food\system\View\View.php(198): CodeIgniter\Exceptions\FrameworkException::forInvalidFile('Admin/layout/_m...')
#1 C:\xampp\htdocs\Food\system\View\View.php(424): CodeIgniter\View\View->render('Admin/layout/_m...', NULL, true)
#2 C:\xampp\htdocs\Food\app\Views\Admin\Categorias\editar_imagem.php(19): CodeIgniter\View\View->include('Admin/layout/_m...')
#3 C:\xampp\htdocs\Food\system\View\View.php(210): include('C:\\xampp\\htdocs...')
#4 C:\xampp\htdocs\Food\system\View\View.php(213): CodeIgniter\View\View->CodeIgniter\View\{closure}()
#5 C:\xampp\htdocs\Food\system\Common.php(1089): CodeIgniter\View\View->render('Admin/Categoria...', Array, true)
#6 C:\xampp\htdocs\Food\app\Controllers\Admin\Categorias.php(218): view('Admin/Categoria...', Array)
#7 C:\xampp\htdocs\Food\system\CodeIgniter.php(832): App\Controllers\Admin\Categorias->editarImagem(1)
#8 C:\xampp\htdocs\Food\system\CodeIgniter.php(419): CodeIgniter\CodeIgniter->runController(Object(App\Controllers\Admin\Categorias))
#9 C:\xampp\htdocs\Food\system\CodeIgniter.php(326): CodeIgniter\CodeIgniter->handleRequest(NULL, Object(Config\Cache), false)
#10 C:\xampp\htdocs\Food\public\index.php(37): CodeIgniter\CodeIgniter->run()
#11 C:\xampp\htdocs\Food\system\Commands\Server\rewrite.php(43): require_once('C:\\xampp\\htdocs...')
#12 {main}
CRITICAL - 2025-07-09 19:32:02 --> Arquivo inválido: Admin/layout/_mensagens.php
#0 C:\xampp\htdocs\Food\system\View\View.php(198): CodeIgniter\Exceptions\FrameworkException::forInvalidFile('Admin/layout/_m...')
#1 C:\xampp\htdocs\Food\system\View\View.php(424): CodeIgniter\View\View->render('Admin/layout/_m...', NULL, true)
#2 C:\xampp\htdocs\Food\app\Views\Admin\Categorias\editar_imagem.php(19): CodeIgniter\View\View->include('Admin/layout/_m...')
#3 C:\xampp\htdocs\Food\system\View\View.php(210): include('C:\\xampp\\htdocs...')
#4 C:\xampp\htdocs\Food\system\View\View.php(213): CodeIgniter\View\View->CodeIgniter\View\{closure}()
#5 C:\xampp\htdocs\Food\system\Common.php(1089): CodeIgniter\View\View->render('Admin/Categoria...', Array, true)
#6 C:\xampp\htdocs\Food\app\Controllers\Admin\Categorias.php(218): view('Admin/Categoria...', Array)
#7 C:\xampp\htdocs\Food\system\CodeIgniter.php(832): App\Controllers\Admin\Categorias->editarImagem(1)
#8 C:\xampp\htdocs\Food\system\CodeIgniter.php(419): CodeIgniter\CodeIgniter->runController(Object(App\Controllers\Admin\Categorias))
#9 C:\xampp\htdocs\Food\system\CodeIgniter.php(326): CodeIgniter\CodeIgniter->handleRequest(NULL, Object(Config\Cache), false)
#10 C:\xampp\htdocs\Food\public\index.php(37): CodeIgniter\CodeIgniter->run()
#11 C:\xampp\htdocs\Food\system\Commands\Server\rewrite.php(43): require_once('C:\\xampp\\htdocs...')
#12 {main}
CRITICAL - 2025-07-09 19:32:46 --> Arquivo inválido: Admin/layout/_mensagens.php
#0 C:\xampp\htdocs\Food\system\View\View.php(198): CodeIgniter\Exceptions\FrameworkException::forInvalidFile('Admin/layout/_m...')
#1 C:\xampp\htdocs\Food\system\View\View.php(424): CodeIgniter\View\View->render('Admin/layout/_m...', NULL, true)
#2 C:\xampp\htdocs\Food\app\Views\Admin\Categorias\editar_imagem.php(19): CodeIgniter\View\View->include('Admin/layout/_m...')
#3 C:\xampp\htdocs\Food\system\View\View.php(210): include('C:\\xampp\\htdocs...')
#4 C:\xampp\htdocs\Food\system\View\View.php(213): CodeIgniter\View\View->CodeIgniter\View\{closure}()
#5 C:\xampp\htdocs\Food\system\Common.php(1089): CodeIgniter\View\View->render('Admin/Categoria...', Array, true)
#6 C:\xampp\htdocs\Food\app\Controllers\Admin\Categorias.php(218): view('Admin/Categoria...', Array)
#7 C:\xampp\htdocs\Food\system\CodeIgniter.php(832): App\Controllers\Admin\Categorias->editarImagem(1)
#8 C:\xampp\htdocs\Food\system\CodeIgniter.php(419): CodeIgniter\CodeIgniter->runController(Object(App\Controllers\Admin\Categorias))
#9 C:\xampp\htdocs\Food\system\CodeIgniter.php(326): CodeIgniter\CodeIgniter->handleRequest(NULL, Object(Config\Cache), false)
#10 C:\xampp\htdocs\Food\public\index.php(37): CodeIgniter\CodeIgniter->run()
#11 C:\xampp\htdocs\Food\system\Commands\Server\rewrite.php(43): require_once('C:\\xampp\\htdocs...')
#12 {main}
CRITICAL - 2025-07-09 19:32:59 --> Arquivo inválido: Admin/layout/_mensagens.php
#0 C:\xampp\htdocs\Food\system\View\View.php(198): CodeIgniter\Exceptions\FrameworkException::forInvalidFile('Admin/layout/_m...')
#1 C:\xampp\htdocs\Food\system\View\View.php(424): CodeIgniter\View\View->render('Admin/layout/_m...', NULL, true)
#2 C:\xampp\htdocs\Food\app\Views\Admin\Categorias\editar_imagem.php(19): CodeIgniter\View\View->include('Admin/layout/_m...')
#3 C:\xampp\htdocs\Food\system\View\View.php(210): include('C:\\xampp\\htdocs...')
#4 C:\xampp\htdocs\Food\system\View\View.php(213): CodeIgniter\View\View->CodeIgniter\View\{closure}()
#5 C:\xampp\htdocs\Food\system\Common.php(1089): CodeIgniter\View\View->render('Admin/Categoria...', Array, true)
#6 C:\xampp\htdocs\Food\app\Controllers\Admin\Categorias.php(218): view('Admin/Categoria...', Array)
#7 C:\xampp\htdocs\Food\system\CodeIgniter.php(832): App\Controllers\Admin\Categorias->editarimagem(1)
#8 C:\xampp\htdocs\Food\system\CodeIgniter.php(419): CodeIgniter\CodeIgniter->runController(Object(App\Controllers\Admin\Categorias))
#9 C:\xampp\htdocs\Food\system\CodeIgniter.php(326): CodeIgniter\CodeIgniter->handleRequest(NULL, Object(Config\Cache), false)
#10 C:\xampp\htdocs\Food\public\index.php(37): CodeIgniter\CodeIgniter->run()
#11 C:\xampp\htdocs\Food\system\Commands\Server\rewrite.php(43): require_once('C:\\xampp\\htdocs...')
#12 {main}
CRITICAL - 2025-07-09 19:35:39 --> Undefined variable $entregador
#0 C:\xampp\htdocs\Food\app\Views\Admin\Categorias\editar_imagem.php(26): CodeIgniter\Debug\Exceptions->errorHandler(2, 'Undefined varia...', 'C:\\xampp\\htdocs...', 26)
#1 C:\xampp\htdocs\Food\system\View\View.php(210): include('C:\\xampp\\htdocs...')
#2 C:\xampp\htdocs\Food\system\View\View.php(213): CodeIgniter\View\View->CodeIgniter\View\{closure}()
#3 C:\xampp\htdocs\Food\system\Common.php(1089): CodeIgniter\View\View->render('Admin/Categoria...', Array, true)
#4 C:\xampp\htdocs\Food\app\Controllers\Admin\Categorias.php(152): view('Admin/Categoria...', Array)
#5 C:\xampp\htdocs\Food\system\CodeIgniter.php(832): App\Controllers\Admin\Categorias->editarImagem('1')
#6 C:\xampp\htdocs\Food\system\CodeIgniter.php(419): CodeIgniter\CodeIgniter->runController(Object(App\Controllers\Admin\Categorias))
#7 C:\xampp\htdocs\Food\system\CodeIgniter.php(326): CodeIgniter\CodeIgniter->handleRequest(NULL, Object(Config\Cache), false)
#8 C:\xampp\htdocs\Food\public\index.php(37): CodeIgniter\CodeIgniter->run()
#9 C:\xampp\htdocs\Food\system\Commands\Server\rewrite.php(43): require_once('C:\\xampp\\htdocs...')
#10 {main}
CRITICAL - 2025-07-09 19:36:18 --> Undefined variable $entregador
#0 C:\xampp\htdocs\Food\app\Views\Admin\Categorias\editar_imagem.php(28): CodeIgniter\Debug\Exceptions->errorHandler(2, 'Undefined varia...', 'C:\\xampp\\htdocs...', 28)
#1 C:\xampp\htdocs\Food\system\View\View.php(210): include('C:\\xampp\\htdocs...')
#2 C:\xampp\htdocs\Food\system\View\View.php(213): CodeIgniter\View\View->CodeIgniter\View\{closure}()
#3 C:\xampp\htdocs\Food\system\Common.php(1089): CodeIgniter\View\View->render('Admin/Categoria...', Array, true)
#4 C:\xampp\htdocs\Food\app\Controllers\Admin\Categorias.php(152): view('Admin/Categoria...', Array)
#5 C:\xampp\htdocs\Food\system\CodeIgniter.php(832): App\Controllers\Admin\Categorias->editarImagem('1')
#6 C:\xampp\htdocs\Food\system\CodeIgniter.php(419): CodeIgniter\CodeIgniter->runController(Object(App\Controllers\Admin\Categorias))
#7 C:\xampp\htdocs\Food\system\CodeIgniter.php(326): CodeIgniter\CodeIgniter->handleRequest(NULL, Object(Config\Cache), false)
#8 C:\xampp\htdocs\Food\public\index.php(37): CodeIgniter\CodeIgniter->run()
#9 C:\xampp\htdocs\Food\system\Commands\Server\rewrite.php(43): require_once('C:\\xampp\\htdocs...')
#10 {main}
CRITICAL - 2025-07-09 19:37:45 --> Undefined variable $entregador
#0 C:\xampp\htdocs\Food\app\Views\Admin\Categorias\editar_imagem.php(28): CodeIgniter\Debug\Exceptions->errorHandler(2, 'Undefined varia...', 'C:\\xampp\\htdocs...', 28)
#1 C:\xampp\htdocs\Food\system\View\View.php(210): include('C:\\xampp\\htdocs...')
#2 C:\xampp\htdocs\Food\system\View\View.php(213): CodeIgniter\View\View->CodeIgniter\View\{closure}()
#3 C:\xampp\htdocs\Food\system\Common.php(1089): CodeIgniter\View\View->render('Admin/Categoria...', Array, true)
#4 C:\xampp\htdocs\Food\app\Controllers\Admin\Categorias.php(152): view('Admin/Categoria...', Array)
#5 C:\xampp\htdocs\Food\system\CodeIgniter.php(832): App\Controllers\Admin\Categorias->editarImagem('1')
#6 C:\xampp\htdocs\Food\system\CodeIgniter.php(419): CodeIgniter\CodeIgniter->runController(Object(App\Controllers\Admin\Categorias))
#7 C:\xampp\htdocs\Food\system\CodeIgniter.php(326): CodeIgniter\CodeIgniter->handleRequest(NULL, Object(Config\Cache), false)
#8 C:\xampp\htdocs\Food\public\index.php(37): CodeIgniter\CodeIgniter->run()
#9 C:\xampp\htdocs\Food\system\Commands\Server\rewrite.php(43): require_once('C:\\xampp\\htdocs...')
#10 {main}
CRITICAL - 2025-07-09 19:40:59 --> Call to a member function isValid() on null
#0 C:\xampp\htdocs\Food\system\CodeIgniter.php(832): App\Controllers\Admin\Categorias->upload('1')
#1 C:\xampp\htdocs\Food\system\CodeIgniter.php(419): CodeIgniter\CodeIgniter->runController(Object(App\Controllers\Admin\Categorias))
#2 C:\xampp\htdocs\Food\system\CodeIgniter.php(326): CodeIgniter\CodeIgniter->handleRequest(NULL, Object(Config\Cache), false)
#3 C:\xampp\htdocs\Food\public\index.php(37): CodeIgniter\CodeIgniter->run()
#4 C:\xampp\htdocs\Food\system\Commands\Server\rewrite.php(43): require_once('C:\\xampp\\htdocs...')
#5 {main}
CRITICAL - 2025-07-09 19:43:31 --> Não há dados para update.
#0 C:\xampp\htdocs\Food\system\BaseModel.php(846): CodeIgniter\Database\Exceptions\DataException::forEmptyDataset('update')
#1 C:\xampp\htdocs\Food\system\Model.php(651): CodeIgniter\BaseModel->update(Array, Array)
#2 C:\xampp\htdocs\Food\system\BaseModel.php(656): CodeIgniter\Model->update('1', Object(App\Entities\Categoria))
#3 C:\xampp\htdocs\Food\app\Controllers\Admin\Categorias.php(194): CodeIgniter\BaseModel->save(Object(App\Entities\Categoria))
#4 C:\xampp\htdocs\Food\system\CodeIgniter.php(832): App\Controllers\Admin\Categorias->upload('1')
#5 C:\xampp\htdocs\Food\system\CodeIgniter.php(419): CodeIgniter\CodeIgniter->runController(Object(App\Controllers\Admin\Categorias))
#6 C:\xampp\htdocs\Food\system\CodeIgniter.php(326): CodeIgniter\CodeIgniter->handleRequest(NULL, Object(Config\Cache), false)
#7 C:\xampp\htdocs\Food\public\index.php(37): CodeIgniter\CodeIgniter->run()
#8 C:\xampp\htdocs\Food\system\Commands\Server\rewrite.php(43): require_once('C:\\xampp\\htdocs...')
#9 {main}
CRITICAL - 2025-07-09 19:43:53 --> Não há dados para update.
#0 C:\xampp\htdocs\Food\system\BaseModel.php(846): CodeIgniter\Database\Exceptions\DataException::forEmptyDataset('update')
#1 C:\xampp\htdocs\Food\system\Model.php(651): CodeIgniter\BaseModel->update(Array, Array)
#2 C:\xampp\htdocs\Food\system\BaseModel.php(656): CodeIgniter\Model->update('1', Object(App\Entities\Categoria))
#3 C:\xampp\htdocs\Food\app\Controllers\Admin\Categorias.php(193): CodeIgniter\BaseModel->save(Object(App\Entities\Categoria))
#4 C:\xampp\htdocs\Food\system\CodeIgniter.php(832): App\Controllers\Admin\Categorias->upload('1')
#5 C:\xampp\htdocs\Food\system\CodeIgniter.php(419): CodeIgniter\CodeIgniter->runController(Object(App\Controllers\Admin\Categorias))
#6 C:\xampp\htdocs\Food\system\CodeIgniter.php(326): CodeIgniter\CodeIgniter->handleRequest(NULL, Object(Config\Cache), false)
#7 C:\xampp\htdocs\Food\public\index.php(37): CodeIgniter\CodeIgniter->run()
#8 C:\xampp\htdocs\Food\system\Commands\Server\rewrite.php(43): require_once('C:\\xampp\\htdocs...')
#9 {main}
CRITICAL - 2025-07-09 19:44:55 --> Não há dados para update.
#0 C:\xampp\htdocs\Food\system\BaseModel.php(846): CodeIgniter\Database\Exceptions\DataException::forEmptyDataset('update')
#1 C:\xampp\htdocs\Food\system\Model.php(651): CodeIgniter\BaseModel->update(Array, Array)
#2 C:\xampp\htdocs\Food\system\BaseModel.php(656): CodeIgniter\Model->update('1', Array)
#3 C:\xampp\htdocs\Food\app\Controllers\Admin\Categorias.php(192): CodeIgniter\BaseModel->save(Array)
#4 C:\xampp\htdocs\Food\system\CodeIgniter.php(832): App\Controllers\Admin\Categorias->upload('1')
#5 C:\xampp\htdocs\Food\system\CodeIgniter.php(419): CodeIgniter\CodeIgniter->runController(Object(App\Controllers\Admin\Categorias))
#6 C:\xampp\htdocs\Food\system\CodeIgniter.php(326): CodeIgniter\CodeIgniter->handleRequest(NULL, Object(Config\Cache), false)
#7 C:\xampp\htdocs\Food\public\index.php(37): CodeIgniter\CodeIgniter->run()
#8 C:\xampp\htdocs\Food\system\Commands\Server\rewrite.php(43): require_once('C:\\xampp\\htdocs...')
#9 {main}
ERROR - 2025-07-09 21:45:47 --> Error connecting to the database: Nenhuma conexão pôde ser feita porque a máquina de destino as recusou ativamente
CRITICAL - 2025-07-09 21:45:47 --> Unable to connect to the database.
Main connection [MySQLi]: Nenhuma conexão pôde ser feita porque a máquina de destino as recusou ativamente
#0 C:\xampp\htdocs\Food\system\Database\BaseConnection.php(577): CodeIgniter\Database\BaseConnection->initialize()
#1 C:\xampp\htdocs\Food\system\Database\BaseBuilder.php(1455): CodeIgniter\Database\BaseConnection->query('SELECT `categor...', Array, false)
#2 C:\xampp\htdocs\Food\system\Model.php(183): CodeIgniter\Database\BaseBuilder->get()
#3 C:\xampp\htdocs\Food\system\BaseModel.php(584): CodeIgniter\Model->doFindAll(0, 0)
#4 C:\xampp\htdocs\Food\app\Models\CategoriaModel.php(77): CodeIgniter\BaseModel->findAll()
#5 C:\xampp\htdocs\Food\app\Controllers\Home.php(23): App\Models\CategoriaModel->BuscaCategoriasPublicHome()
#6 C:\xampp\htdocs\Food\system\CodeIgniter.php(832): App\Controllers\Home->index()
#7 C:\xampp\htdocs\Food\system\CodeIgniter.php(419): CodeIgniter\CodeIgniter->runController(Object(App\Controllers\Home))
#8 C:\xampp\htdocs\Food\system\CodeIgniter.php(326): CodeIgniter\CodeIgniter->handleRequest(NULL, Object(Config\Cache), false)
#9 C:\xampp\htdocs\Food\public\index.php(37): CodeIgniter\CodeIgniter->run()
#10 C:\xampp\htdocs\Food\system\Commands\Server\rewrite.php(43): require_once('C:\\xampp\\htdocs...')
#11 {main}
CRITICAL - 2025-07-09 22:11:59 --> Undefined variable $cat
#0 C:\xampp\htdocs\Food\app\Views\Home\index.php(29): CodeIgniter\Debug\Exceptions->errorHandler(2, 'Undefined varia...', 'C:\\xampp\\htdocs...', 29)
#1 C:\xampp\htdocs\Food\system\View\View.php(210): include('C:\\xampp\\htdocs...')
#2 C:\xampp\htdocs\Food\system\View\View.php(213): CodeIgniter\View\View->CodeIgniter\View\{closure}()
#3 C:\xampp\htdocs\Food\system\Common.php(1089): CodeIgniter\View\View->render('Home/index', Array, true)
#4 C:\xampp\htdocs\Food\app\Controllers\Home.php(27): view('Home/index', Array)
#5 C:\xampp\htdocs\Food\system\CodeIgniter.php(832): App\Controllers\Home->index()
#6 C:\xampp\htdocs\Food\system\CodeIgniter.php(419): CodeIgniter\CodeIgniter->runController(Object(App\Controllers\Home))
#7 C:\xampp\htdocs\Food\system\CodeIgniter.php(326): CodeIgniter\CodeIgniter->handleRequest(NULL, Object(Config\Cache), false)
#8 C:\xampp\htdocs\Food\public\index.php(37): CodeIgniter\CodeIgniter->run()
#9 C:\xampp\htdocs\Food\system\Commands\Server\rewrite.php(43): require_once('C:\\xampp\\htdocs...')
#10 {main}
CRITICAL - 2025-07-09 22:12:10 --> Undefined variable $cat
#0 C:\xampp\htdocs\Food\app\Views\Home\index.php(29): CodeIgniter\Debug\Exceptions->errorHandler(2, 'Undefined varia...', 'C:\\xampp\\htdocs...', 29)
#1 C:\xampp\htdocs\Food\system\View\View.php(210): include('C:\\xampp\\htdocs...')
#2 C:\xampp\htdocs\Food\system\View\View.php(213): CodeIgniter\View\View->CodeIgniter\View\{closure}()
#3 C:\xampp\htdocs\Food\system\Common.php(1089): CodeIgniter\View\View->render('Home/index', Array, true)
#4 C:\xampp\htdocs\Food\app\Controllers\Home.php(27): view('Home/index', Array)
#5 C:\xampp\htdocs\Food\system\CodeIgniter.php(832): App\Controllers\Home->index()
#6 C:\xampp\htdocs\Food\system\CodeIgniter.php(419): CodeIgniter\CodeIgniter->runController(Object(App\Controllers\Home))
#7 C:\xampp\htdocs\Food\system\CodeIgniter.php(326): CodeIgniter\CodeIgniter->handleRequest(NULL, Object(Config\Cache), false)
#8 C:\xampp\htdocs\Food\public\index.php(37): CodeIgniter\CodeIgniter->run()
#9 C:\xampp\htdocs\Food\system\Commands\Server\rewrite.php(43): require_once('C:\\xampp\\htdocs...')
#10 {main}
CRITICAL - 2025-07-09 22:12:51 --> Undefined variable $cat
#0 C:\xampp\htdocs\Food\app\Views\Home\index.php(29): CodeIgniter\Debug\Exceptions->errorHandler(2, 'Undefined varia...', 'C:\\xampp\\htdocs...', 29)
#1 C:\xampp\htdocs\Food\system\View\View.php(210): include('C:\\xampp\\htdocs...')
#2 C:\xampp\htdocs\Food\system\View\View.php(213): CodeIgniter\View\View->CodeIgniter\View\{closure}()
#3 C:\xampp\htdocs\Food\system\Common.php(1089): CodeIgniter\View\View->render('Home/index', Array, true)
#4 C:\xampp\htdocs\Food\app\Controllers\Home.php(27): view('Home/index', Array)
#5 C:\xampp\htdocs\Food\system\CodeIgniter.php(832): App\Controllers\Home->index()
#6 C:\xampp\htdocs\Food\system\CodeIgniter.php(419): CodeIgniter\CodeIgniter->runController(Object(App\Controllers\Home))
#7 C:\xampp\htdocs\Food\system\CodeIgniter.php(326): CodeIgniter\CodeIgniter->handleRequest(NULL, Object(Config\Cache), false)
#8 C:\xampp\htdocs\Food\public\index.php(37): CodeIgniter\CodeIgniter->run()
#9 C:\xampp\htdocs\Food\system\Commands\Server\rewrite.php(43): require_once('C:\\xampp\\htdocs...')
#10 {main}
CRITICAL - 2025-07-09 22:12:52 --> Undefined variable $cat
#0 C:\xampp\htdocs\Food\app\Views\Home\index.php(29): CodeIgniter\Debug\Exceptions->errorHandler(2, 'Undefined varia...', 'C:\\xampp\\htdocs...', 29)
#1 C:\xampp\htdocs\Food\system\View\View.php(210): include('C:\\xampp\\htdocs...')
#2 C:\xampp\htdocs\Food\system\View\View.php(213): CodeIgniter\View\View->CodeIgniter\View\{closure}()
#3 C:\xampp\htdocs\Food\system\Common.php(1089): CodeIgniter\View\View->render('Home/index', Array, true)
#4 C:\xampp\htdocs\Food\app\Controllers\Home.php(27): view('Home/index', Array)
#5 C:\xampp\htdocs\Food\system\CodeIgniter.php(832): App\Controllers\Home->index()
#6 C:\xampp\htdocs\Food\system\CodeIgniter.php(419): CodeIgniter\CodeIgniter->runController(Object(App\Controllers\Home))
#7 C:\xampp\htdocs\Food\system\CodeIgniter.php(326): CodeIgniter\CodeIgniter->handleRequest(NULL, Object(Config\Cache), false)
#8 C:\xampp\htdocs\Food\public\index.php(37): CodeIgniter\CodeIgniter->run()
#9 C:\xampp\htdocs\Food\system\Commands\Server\rewrite.php(43): require_once('C:\\xampp\\htdocs...')
#10 {main}
CRITICAL - 2025-07-09 22:53:17 --> Call to undefined method App\Models\CategoriaModel::BuscaProdutosPublicHome
#0 C:\xampp\htdocs\Food\app\Controllers\Home.php(24): CodeIgniter\Model->__call('BuscaProdutosPu...', Array)
#1 C:\xampp\htdocs\Food\system\CodeIgniter.php(832): App\Controllers\Home->index()
#2 C:\xampp\htdocs\Food\system\CodeIgniter.php(419): CodeIgniter\CodeIgniter->runController(Object(App\Controllers\Home))
#3 C:\xampp\htdocs\Food\system\CodeIgniter.php(326): CodeIgniter\CodeIgniter->handleRequest(NULL, Object(Config\Cache), false)
#4 C:\xampp\htdocs\Food\public\index.php(37): CodeIgniter\CodeIgniter->run()
#5 C:\xampp\htdocs\Food\system\Commands\Server\rewrite.php(43): require_once('C:\\xampp\\htdocs...')
#6 {main}
CRITICAL - 2025-07-09 22:53:42 --> Call to undefined method App\Models\CategoriaModel::BuscaProdutosPublicHome
#0 C:\xampp\htdocs\Food\app\Controllers\Home.php(24): CodeIgniter\Model->__call('BuscaProdutosPu...', Array)
#1 C:\xampp\htdocs\Food\system\CodeIgniter.php(832): App\Controllers\Home->index()
#2 C:\xampp\htdocs\Food\system\CodeIgniter.php(419): CodeIgniter\CodeIgniter->runController(Object(App\Controllers\Home))
#3 C:\xampp\htdocs\Food\system\CodeIgniter.php(326): CodeIgniter\CodeIgniter->handleRequest(NULL, Object(Config\Cache), false)
#4 C:\xampp\htdocs\Food\public\index.php(37): CodeIgniter\CodeIgniter->run()
#5 C:\xampp\htdocs\Food\system\Commands\Server\rewrite.php(43): require_once('C:\\xampp\\htdocs...')
#6 {main}
