CRITICAL - 2025-06-17 00:33:34 --> ParseError: syntax error, unexpected end of file
[Method: GET, Route: admin/usuarios]
in APPPATH\Views\Admin\Usuarios\index.php on line 65.
 1 SYSTEMPATH\View\View.php(227): CodeIgniter\View\View->CodeIgniter\View\{closure}()
 2 SYSTEMPATH\Common.php(1173): CodeIgniter\View\View->render('Admin/Usuarios/index', [], true)
 3 APPPATH\Controllers\Admin\Usuarios.php(27): view('Admin/Usuarios/index', [...])
 4 SYSTEMPATH\CodeIgniter.php(933): App\Controllers\Admin\Usuarios->index()
 5 SYSTEMPATH\CodeIgniter.php(507): CodeIgniter\CodeIgniter->runController(Object(App\Controllers\Admin\Usuarios))
 6 SYSTEMPATH\CodeIgniter.php(354): CodeIgniter\CodeIgniter->handleRequest(null, Object(Config\Cache), false)
 7 SYSTEMPATH\Boot.php(334): CodeIgniter\CodeIgniter->run()
 8 SYSTEMPATH\Boot.php(67): CodeIgniter\Boot::runCodeIgniter(Object(CodeIgniter\CodeIgniter))
 9 FCPATH\index.php(59): CodeIgniter\Boot::bootWeb(Object(Config\Paths))
10 SYSTEMPATH\rewrite.php(44): require_once('C:\\xampp\\htdocs\\food-1\\public\\index.php')
CRITICAL - 2025-06-17 10:20:09 --> Error: Object of class App\Entities\Usuario could not be converted to string
[Method: GET, Route: admin/usuarios/editar/1]
in APPPATH\Views\Admin\Usuarios\form.php on line 38.
 1 SYSTEMPATH\View\View.php(224): include()
 2 SYSTEMPATH\View\View.php(227): CodeIgniter\View\View->CodeIgniter\View\{closure}()
 3 SYSTEMPATH\View\View.php(475): CodeIgniter\View\View->render('Admin/Usuarios/form', null, true)
 4 APPPATH\Views\Admin\Usuarios\editar.php(27): CodeIgniter\View\View->include('Admin/Usuarios/form')
 5 SYSTEMPATH\View\View.php(224): include('C:\\xampp\\htdocs\\food-1\\app\\Views\\Admin\\Usuarios\\editar.php')
 6 SYSTEMPATH\View\View.php(227): CodeIgniter\View\View->CodeIgniter\View\{closure}()
 7 SYSTEMPATH\Common.php(1173): CodeIgniter\View\View->render('Admin/Usuarios/editar', [], true)
 8 APPPATH\Controllers\Admin\Usuarios.php(73): view('Admin/Usuarios/editar', [...])
 9 SYSTEMPATH\CodeIgniter.php(933): App\Controllers\Admin\Usuarios->editar('1')
10 SYSTEMPATH\CodeIgniter.php(507): CodeIgniter\CodeIgniter->runController(Object(App\Controllers\Admin\Usuarios))
11 SYSTEMPATH\CodeIgniter.php(354): CodeIgniter\CodeIgniter->handleRequest(null, Object(Config\Cache), false)
12 SYSTEMPATH\Boot.php(334): CodeIgniter\CodeIgniter->run()
13 SYSTEMPATH\Boot.php(67): CodeIgniter\Boot::runCodeIgniter(Object(CodeIgniter\CodeIgniter))
14 FCPATH\index.php(59): CodeIgniter\Boot::bootWeb(Object(Config\Paths))
15 SYSTEMPATH\rewrite.php(44): require_once('C:\\xampp\\htdocs\\food-1\\public\\index.php')
