ERROR - 2025-06-24 19:57:45 --> Not unique table/alias: 'categorias'
CRITICAL - 2025-06-24 19:57:45 --> Not unique table/alias: 'categorias'
#0 C:\xampp\htdocs\Food\system\Database\MySQLi\Connection.php(292): mysqli->query('SELECT COUNT(*)...', 0)
#1 C:\xampp\htdocs\Food\system\Database\BaseConnection.php(670): CodeIgniter\Database\MySQLi\Connection->execute('SELECT COUNT(*)...')
#2 C:\xampp\htdocs\Food\system\Database\BaseConnection.php(598): CodeIgniter\Database\BaseConnection->simpleQuery('SELECT COUNT(*)...')
#3 C:\xampp\htdocs\Food\system\Database\BaseBuilder.php(1539): CodeIgniter\Database\BaseConnection->query('SELECT COUNT(*)...', Array, false)
#4 C:\xampp\htdocs\Food\system\Model.php(509): CodeIgniter\Database\BaseBuilder->countAllResults(false)
#5 C:\xampp\htdocs\Food\system\BaseModel.php(1084): CodeIgniter\Model->countAllResults(false)
#6 C:\xampp\htdocs\Food\app\Controllers\Admin\Produtos.php(28): CodeIgniter\BaseModel->paginate(10)
#7 C:\xampp\htdocs\Food\system\CodeIgniter.php(832): App\Controllers\Admin\Produtos->index()
#8 C:\xampp\htdocs\Food\system\CodeIgniter.php(419): CodeIgniter\CodeIgniter->runController(Object(App\Controllers\Admin\Produtos))
#9 C:\xampp\htdocs\Food\system\CodeIgniter.php(326): CodeIgniter\CodeIgniter->handleRequest(NULL, Object(Config\Cache), false)
#10 C:\xampp\htdocs\Food\public\index.php(37): CodeIgniter\CodeIgniter->run()
#11 C:\xampp\htdocs\Food\system\Commands\Server\rewrite.php(43): require_once('C:\\xampp\\htdocs...')
#12 {main}
ERROR - 2025-06-24 19:58:07 --> Not unique table/alias: 'categorias'
CRITICAL - 2025-06-24 19:58:07 --> Not unique table/alias: 'categorias'
#0 C:\xampp\htdocs\Food\system\Database\MySQLi\Connection.php(292): mysqli->query('SELECT COUNT(*)...', 0)
#1 C:\xampp\htdocs\Food\system\Database\BaseConnection.php(670): CodeIgniter\Database\MySQLi\Connection->execute('SELECT COUNT(*)...')
#2 C:\xampp\htdocs\Food\system\Database\BaseConnection.php(598): CodeIgniter\Database\BaseConnection->simpleQuery('SELECT COUNT(*)...')
#3 C:\xampp\htdocs\Food\system\Database\BaseBuilder.php(1539): CodeIgniter\Database\BaseConnection->query('SELECT COUNT(*)...', Array, false)
#4 C:\xampp\htdocs\Food\system\Model.php(509): CodeIgniter\Database\BaseBuilder->countAllResults(false)
#5 C:\xampp\htdocs\Food\system\BaseModel.php(1084): CodeIgniter\Model->countAllResults(false)
#6 C:\xampp\htdocs\Food\app\Controllers\Admin\Produtos.php(28): CodeIgniter\BaseModel->paginate(10)
#7 C:\xampp\htdocs\Food\system\CodeIgniter.php(832): App\Controllers\Admin\Produtos->index()
#8 C:\xampp\htdocs\Food\system\CodeIgniter.php(419): CodeIgniter\CodeIgniter->runController(Object(App\Controllers\Admin\Produtos))
#9 C:\xampp\htdocs\Food\system\CodeIgniter.php(326): CodeIgniter\CodeIgniter->handleRequest(NULL, Object(Config\Cache), false)
#10 C:\xampp\htdocs\Food\public\index.php(37): CodeIgniter\CodeIgniter->run()
#11 C:\xampp\htdocs\Food\system\Commands\Server\rewrite.php(43): require_once('C:\\xampp\\htdocs...')
#12 {main}
ERROR - 2025-06-24 19:58:07 --> Not unique table/alias: 'categorias'
CRITICAL - 2025-06-24 19:58:07 --> Not unique table/alias: 'categorias'
#0 C:\xampp\htdocs\Food\system\Database\MySQLi\Connection.php(292): mysqli->query('SELECT COUNT(*)...', 0)
#1 C:\xampp\htdocs\Food\system\Database\BaseConnection.php(670): CodeIgniter\Database\MySQLi\Connection->execute('SELECT COUNT(*)...')
#2 C:\xampp\htdocs\Food\system\Database\BaseConnection.php(598): CodeIgniter\Database\BaseConnection->simpleQuery('SELECT COUNT(*)...')
#3 C:\xampp\htdocs\Food\system\Database\BaseBuilder.php(1539): CodeIgniter\Database\BaseConnection->query('SELECT COUNT(*)...', Array, false)
#4 C:\xampp\htdocs\Food\system\Model.php(509): CodeIgniter\Database\BaseBuilder->countAllResults(false)
#5 C:\xampp\htdocs\Food\system\BaseModel.php(1084): CodeIgniter\Model->countAllResults(false)
#6 C:\xampp\htdocs\Food\app\Controllers\Admin\Produtos.php(28): CodeIgniter\BaseModel->paginate(10)
#7 C:\xampp\htdocs\Food\system\CodeIgniter.php(832): App\Controllers\Admin\Produtos->index()
#8 C:\xampp\htdocs\Food\system\CodeIgniter.php(419): CodeIgniter\CodeIgniter->runController(Object(App\Controllers\Admin\Produtos))
#9 C:\xampp\htdocs\Food\system\CodeIgniter.php(326): CodeIgniter\CodeIgniter->handleRequest(NULL, Object(Config\Cache), false)
#10 C:\xampp\htdocs\Food\public\index.php(37): CodeIgniter\CodeIgniter->run()
#11 C:\xampp\htdocs\Food\system\Commands\Server\rewrite.php(43): require_once('C:\\xampp\\htdocs...')
#12 {main}
ERROR - 2025-06-24 19:58:12 --> Not unique table/alias: 'categorias'
CRITICAL - 2025-06-24 19:58:12 --> Not unique table/alias: 'categorias'
#0 C:\xampp\htdocs\Food\system\Database\MySQLi\Connection.php(292): mysqli->query('SELECT COUNT(*)...', 0)
#1 C:\xampp\htdocs\Food\system\Database\BaseConnection.php(670): CodeIgniter\Database\MySQLi\Connection->execute('SELECT COUNT(*)...')
#2 C:\xampp\htdocs\Food\system\Database\BaseConnection.php(598): CodeIgniter\Database\BaseConnection->simpleQuery('SELECT COUNT(*)...')
#3 C:\xampp\htdocs\Food\system\Database\BaseBuilder.php(1539): CodeIgniter\Database\BaseConnection->query('SELECT COUNT(*)...', Array, false)
#4 C:\xampp\htdocs\Food\system\Model.php(509): CodeIgniter\Database\BaseBuilder->countAllResults(false)
#5 C:\xampp\htdocs\Food\system\BaseModel.php(1084): CodeIgniter\Model->countAllResults(false)
#6 C:\xampp\htdocs\Food\app\Controllers\Admin\Produtos.php(28): CodeIgniter\BaseModel->paginate(10)
#7 C:\xampp\htdocs\Food\system\CodeIgniter.php(832): App\Controllers\Admin\Produtos->index()
#8 C:\xampp\htdocs\Food\system\CodeIgniter.php(419): CodeIgniter\CodeIgniter->runController(Object(App\Controllers\Admin\Produtos))
#9 C:\xampp\htdocs\Food\system\CodeIgniter.php(326): CodeIgniter\CodeIgniter->handleRequest(NULL, Object(Config\Cache), false)
#10 C:\xampp\htdocs\Food\public\index.php(37): CodeIgniter\CodeIgniter->run()
#11 C:\xampp\htdocs\Food\system\Commands\Server\rewrite.php(43): require_once('C:\\xampp\\htdocs...')
#12 {main}
ERROR - 2025-06-24 19:59:18 --> Not unique table/alias: 'categorias'
CRITICAL - 2025-06-24 19:59:18 --> Not unique table/alias: 'categorias'
#0 C:\xampp\htdocs\Food\system\Database\MySQLi\Connection.php(292): mysqli->query('SELECT COUNT(*)...', 0)
#1 C:\xampp\htdocs\Food\system\Database\BaseConnection.php(670): CodeIgniter\Database\MySQLi\Connection->execute('SELECT COUNT(*)...')
#2 C:\xampp\htdocs\Food\system\Database\BaseConnection.php(598): CodeIgniter\Database\BaseConnection->simpleQuery('SELECT COUNT(*)...')
#3 C:\xampp\htdocs\Food\system\Database\BaseBuilder.php(1539): CodeIgniter\Database\BaseConnection->query('SELECT COUNT(*)...', Array, false)
#4 C:\xampp\htdocs\Food\system\Model.php(509): CodeIgniter\Database\BaseBuilder->countAllResults(false)
#5 C:\xampp\htdocs\Food\system\BaseModel.php(1084): CodeIgniter\Model->countAllResults(false)
#6 C:\xampp\htdocs\Food\app\Controllers\Admin\Produtos.php(28): CodeIgniter\BaseModel->paginate(10)
#7 C:\xampp\htdocs\Food\system\CodeIgniter.php(832): App\Controllers\Admin\Produtos->index()
#8 C:\xampp\htdocs\Food\system\CodeIgniter.php(419): CodeIgniter\CodeIgniter->runController(Object(App\Controllers\Admin\Produtos))
#9 C:\xampp\htdocs\Food\system\CodeIgniter.php(326): CodeIgniter\CodeIgniter->handleRequest(NULL, Object(Config\Cache), false)
#10 C:\xampp\htdocs\Food\public\index.php(37): CodeIgniter\CodeIgniter->run()
#11 C:\xampp\htdocs\Food\system\Commands\Server\rewrite.php(43): require_once('C:\\xampp\\htdocs...')
#12 {main}
ERROR - 2025-06-24 20:03:56 --> Not unique table/alias: 'categorias'
CRITICAL - 2025-06-24 20:03:56 --> Not unique table/alias: 'categorias'
#0 C:\xampp\htdocs\Food\system\Database\MySQLi\Connection.php(292): mysqli->query('SELECT COUNT(*)...', 0)
#1 C:\xampp\htdocs\Food\system\Database\BaseConnection.php(670): CodeIgniter\Database\MySQLi\Connection->execute('SELECT COUNT(*)...')
#2 C:\xampp\htdocs\Food\system\Database\BaseConnection.php(598): CodeIgniter\Database\BaseConnection->simpleQuery('SELECT COUNT(*)...')
#3 C:\xampp\htdocs\Food\system\Database\BaseBuilder.php(1539): CodeIgniter\Database\BaseConnection->query('SELECT COUNT(*)...', Array, false)
#4 C:\xampp\htdocs\Food\system\Model.php(509): CodeIgniter\Database\BaseBuilder->countAllResults(false)
#5 C:\xampp\htdocs\Food\system\BaseModel.php(1084): CodeIgniter\Model->countAllResults(false)
#6 C:\xampp\htdocs\Food\app\Controllers\Admin\Produtos.php(28): CodeIgniter\BaseModel->paginate(10)
#7 C:\xampp\htdocs\Food\system\CodeIgniter.php(832): App\Controllers\Admin\Produtos->index()
#8 C:\xampp\htdocs\Food\system\CodeIgniter.php(419): CodeIgniter\CodeIgniter->runController(Object(App\Controllers\Admin\Produtos))
#9 C:\xampp\htdocs\Food\system\CodeIgniter.php(326): CodeIgniter\CodeIgniter->handleRequest(NULL, Object(Config\Cache), false)
#10 C:\xampp\htdocs\Food\public\index.php(37): CodeIgniter\CodeIgniter->run()
#11 C:\xampp\htdocs\Food\system\Commands\Server\rewrite.php(43): require_once('C:\\xampp\\htdocs...')
#12 {main}
ERROR - 2025-06-24 20:04:01 --> Not unique table/alias: 'categorias'
CRITICAL - 2025-06-24 20:04:01 --> Not unique table/alias: 'categorias'
#0 C:\xampp\htdocs\Food\system\Database\MySQLi\Connection.php(292): mysqli->query('SELECT COUNT(*)...', 0)
#1 C:\xampp\htdocs\Food\system\Database\BaseConnection.php(670): CodeIgniter\Database\MySQLi\Connection->execute('SELECT COUNT(*)...')
#2 C:\xampp\htdocs\Food\system\Database\BaseConnection.php(598): CodeIgniter\Database\BaseConnection->simpleQuery('SELECT COUNT(*)...')
#3 C:\xampp\htdocs\Food\system\Database\BaseBuilder.php(1539): CodeIgniter\Database\BaseConnection->query('SELECT COUNT(*)...', Array, false)
#4 C:\xampp\htdocs\Food\system\Model.php(509): CodeIgniter\Database\BaseBuilder->countAllResults(false)
#5 C:\xampp\htdocs\Food\system\BaseModel.php(1084): CodeIgniter\Model->countAllResults(false)
#6 C:\xampp\htdocs\Food\app\Controllers\Admin\Produtos.php(28): CodeIgniter\BaseModel->paginate(10)
#7 C:\xampp\htdocs\Food\system\CodeIgniter.php(832): App\Controllers\Admin\Produtos->index()
#8 C:\xampp\htdocs\Food\system\CodeIgniter.php(419): CodeIgniter\CodeIgniter->runController(Object(App\Controllers\Admin\Produtos))
#9 C:\xampp\htdocs\Food\system\CodeIgniter.php(326): CodeIgniter\CodeIgniter->handleRequest(NULL, Object(Config\Cache), false)
#10 C:\xampp\htdocs\Food\public\index.php(37): CodeIgniter\CodeIgniter->run()
#11 C:\xampp\htdocs\Food\system\Commands\Server\rewrite.php(43): require_once('C:\\xampp\\htdocs...')
#12 {main}
ERROR - 2025-06-24 20:04:48 --> Not unique table/alias: 'categorias'
CRITICAL - 2025-06-24 20:04:48 --> Not unique table/alias: 'categorias'
#0 C:\xampp\htdocs\Food\system\Database\MySQLi\Connection.php(292): mysqli->query('SELECT COUNT(*)...', 0)
#1 C:\xampp\htdocs\Food\system\Database\BaseConnection.php(670): CodeIgniter\Database\MySQLi\Connection->execute('SELECT COUNT(*)...')
#2 C:\xampp\htdocs\Food\system\Database\BaseConnection.php(598): CodeIgniter\Database\BaseConnection->simpleQuery('SELECT COUNT(*)...')
#3 C:\xampp\htdocs\Food\system\Database\BaseBuilder.php(1539): CodeIgniter\Database\BaseConnection->query('SELECT COUNT(*)...', Array, false)
#4 C:\xampp\htdocs\Food\system\Model.php(509): CodeIgniter\Database\BaseBuilder->countAllResults(false)
#5 C:\xampp\htdocs\Food\system\BaseModel.php(1084): CodeIgniter\Model->countAllResults(false)
#6 C:\xampp\htdocs\Food\app\Controllers\Admin\Produtos.php(28): CodeIgniter\BaseModel->paginate(10)
#7 C:\xampp\htdocs\Food\system\CodeIgniter.php(832): App\Controllers\Admin\Produtos->index()
#8 C:\xampp\htdocs\Food\system\CodeIgniter.php(419): CodeIgniter\CodeIgniter->runController(Object(App\Controllers\Admin\Produtos))
#9 C:\xampp\htdocs\Food\system\CodeIgniter.php(326): CodeIgniter\CodeIgniter->handleRequest(NULL, Object(Config\Cache), false)
#10 C:\xampp\htdocs\Food\public\index.php(37): CodeIgniter\CodeIgniter->run()
#11 C:\xampp\htdocs\Food\system\Commands\Server\rewrite.php(43): require_once('C:\\xampp\\htdocs...')
#12 {main}
ERROR - 2025-06-24 20:04:48 --> Not unique table/alias: 'categorias'
CRITICAL - 2025-06-24 20:04:48 --> Not unique table/alias: 'categorias'
#0 C:\xampp\htdocs\Food\system\Database\MySQLi\Connection.php(292): mysqli->query('SELECT COUNT(*)...', 0)
#1 C:\xampp\htdocs\Food\system\Database\BaseConnection.php(670): CodeIgniter\Database\MySQLi\Connection->execute('SELECT COUNT(*)...')
#2 C:\xampp\htdocs\Food\system\Database\BaseConnection.php(598): CodeIgniter\Database\BaseConnection->simpleQuery('SELECT COUNT(*)...')
#3 C:\xampp\htdocs\Food\system\Database\BaseBuilder.php(1539): CodeIgniter\Database\BaseConnection->query('SELECT COUNT(*)...', Array, false)
#4 C:\xampp\htdocs\Food\system\Model.php(509): CodeIgniter\Database\BaseBuilder->countAllResults(false)
#5 C:\xampp\htdocs\Food\system\BaseModel.php(1084): CodeIgniter\Model->countAllResults(false)
#6 C:\xampp\htdocs\Food\app\Controllers\Admin\Produtos.php(28): CodeIgniter\BaseModel->paginate(10)
#7 C:\xampp\htdocs\Food\system\CodeIgniter.php(832): App\Controllers\Admin\Produtos->index()
#8 C:\xampp\htdocs\Food\system\CodeIgniter.php(419): CodeIgniter\CodeIgniter->runController(Object(App\Controllers\Admin\Produtos))
#9 C:\xampp\htdocs\Food\system\CodeIgniter.php(326): CodeIgniter\CodeIgniter->handleRequest(NULL, Object(Config\Cache), false)
#10 C:\xampp\htdocs\Food\public\index.php(37): CodeIgniter\CodeIgniter->run()
#11 C:\xampp\htdocs\Food\system\Commands\Server\rewrite.php(43): require_once('C:\\xampp\\htdocs...')
#12 {main}
ERROR - 2025-06-24 20:05:10 --> Not unique table/alias: 'categorias'
CRITICAL - 2025-06-24 20:05:10 --> Not unique table/alias: 'categorias'
#0 C:\xampp\htdocs\Food\system\Database\MySQLi\Connection.php(292): mysqli->query('SELECT COUNT(*)...', 0)
#1 C:\xampp\htdocs\Food\system\Database\BaseConnection.php(670): CodeIgniter\Database\MySQLi\Connection->execute('SELECT COUNT(*)...')
#2 C:\xampp\htdocs\Food\system\Database\BaseConnection.php(598): CodeIgniter\Database\BaseConnection->simpleQuery('SELECT COUNT(*)...')
#3 C:\xampp\htdocs\Food\system\Database\BaseBuilder.php(1539): CodeIgniter\Database\BaseConnection->query('SELECT COUNT(*)...', Array, false)
#4 C:\xampp\htdocs\Food\system\Model.php(509): CodeIgniter\Database\BaseBuilder->countAllResults(false)
#5 C:\xampp\htdocs\Food\system\BaseModel.php(1084): CodeIgniter\Model->countAllResults(false)
#6 C:\xampp\htdocs\Food\app\Controllers\Admin\Produtos.php(28): CodeIgniter\BaseModel->paginate(10)
#7 C:\xampp\htdocs\Food\system\CodeIgniter.php(832): App\Controllers\Admin\Produtos->index()
#8 C:\xampp\htdocs\Food\system\CodeIgniter.php(419): CodeIgniter\CodeIgniter->runController(Object(App\Controllers\Admin\Produtos))
#9 C:\xampp\htdocs\Food\system\CodeIgniter.php(326): CodeIgniter\CodeIgniter->handleRequest(NULL, Object(Config\Cache), false)
#10 C:\xampp\htdocs\Food\public\index.php(37): CodeIgniter\CodeIgniter->run()
#11 C:\xampp\htdocs\Food\system\Commands\Server\rewrite.php(43): require_once('C:\\xampp\\htdocs...')
#12 {main}
CRITICAL - 2025-06-24 21:10:44 --> Não há dados para update.
#0 C:\xampp\htdocs\Food\system\BaseModel.php(846): CodeIgniter\Database\Exceptions\DataException::forEmptyDataset('update')
#1 C:\xampp\htdocs\Food\system\Model.php(651): CodeIgniter\BaseModel->update(Array, Array)
#2 C:\xampp\htdocs\Food\system\BaseModel.php(656): CodeIgniter\Model->update('1', Object(App\Entities\Produtos))
#3 C:\xampp\htdocs\Food\app\Controllers\Admin\Produtos.php(91): CodeIgniter\BaseModel->save(Object(App\Entities\Produtos))
#4 C:\xampp\htdocs\Food\system\CodeIgniter.php(832): App\Controllers\Admin\Produtos->atualizar('1')
#5 C:\xampp\htdocs\Food\system\CodeIgniter.php(419): CodeIgniter\CodeIgniter->runController(Object(App\Controllers\Admin\Produtos))
#6 C:\xampp\htdocs\Food\system\CodeIgniter.php(326): CodeIgniter\CodeIgniter->handleRequest(NULL, Object(Config\Cache), false)
#7 C:\xampp\htdocs\Food\public\index.php(37): CodeIgniter\CodeIgniter->run()
#8 C:\xampp\htdocs\Food\system\Commands\Server\rewrite.php(43): require_once('C:\\xampp\\htdocs...')
#9 {main}
CRITICAL - 2025-06-24 21:11:06 --> Não há dados para update.
#0 C:\xampp\htdocs\Food\system\BaseModel.php(846): CodeIgniter\Database\Exceptions\DataException::forEmptyDataset('update')
#1 C:\xampp\htdocs\Food\system\Model.php(651): CodeIgniter\BaseModel->update(Array, Array)
#2 C:\xampp\htdocs\Food\system\BaseModel.php(656): CodeIgniter\Model->update('1', Object(App\Entities\Produtos))
#3 C:\xampp\htdocs\Food\app\Controllers\Admin\Produtos.php(91): CodeIgniter\BaseModel->save(Object(App\Entities\Produtos))
#4 C:\xampp\htdocs\Food\system\CodeIgniter.php(832): App\Controllers\Admin\Produtos->atualizar('1')
#5 C:\xampp\htdocs\Food\system\CodeIgniter.php(419): CodeIgniter\CodeIgniter->runController(Object(App\Controllers\Admin\Produtos))
#6 C:\xampp\htdocs\Food\system\CodeIgniter.php(326): CodeIgniter\CodeIgniter->handleRequest(NULL, Object(Config\Cache), false)
#7 C:\xampp\htdocs\Food\public\index.php(37): CodeIgniter\CodeIgniter->run()
#8 C:\xampp\htdocs\Food\system\Commands\Server\rewrite.php(43): require_once('C:\\xampp\\htdocs...')
#9 {main}
CRITICAL - 2025-06-24 21:14:48 --> mysqli_result::fetch_object(): Argument #1 ($class) must be a valid class name, App\Entities\Produtos given
#0 C:\xampp\htdocs\Food\system\Database\MySQLi\Result.php(148): mysqli_result->fetch_object('App\\Entities\\Pr...')
#1 C:\xampp\htdocs\Food\system\Database\BaseResult.php(149): CodeIgniter\Database\MySQLi\Result->fetchObject('App\\Entities\\Pr...')
#2 C:\xampp\htdocs\Food\system\Database\BaseResult.php(106): CodeIgniter\Database\BaseResult->getCustomResultObject('App\\Entities\\Pr...')
#3 C:\xampp\htdocs\Food\system\Database\BaseResult.php(377): CodeIgniter\Database\BaseResult->getResult('App\\Entities\\Pr...')
#4 C:\xampp\htdocs\Food\system\Model.php(210): CodeIgniter\Database\BaseResult->getFirstRow('App\\Entities\\Pr...')
#5 C:\xampp\htdocs\Food\system\BaseModel.php(622): CodeIgniter\Model->doFirst()
#6 C:\xampp\htdocs\Food\app\Controllers\Admin\Produtos.php(118): CodeIgniter\BaseModel->first()
#7 C:\xampp\htdocs\Food\app\Controllers\Admin\Produtos.php(68): App\Controllers\Admin\Produtos->buscaProdutoOu404(1)
#8 C:\xampp\htdocs\Food\system\CodeIgniter.php(832): App\Controllers\Admin\Produtos->editar('1')
#9 C:\xampp\htdocs\Food\system\CodeIgniter.php(419): CodeIgniter\CodeIgniter->runController(Object(App\Controllers\Admin\Produtos))
#10 C:\xampp\htdocs\Food\system\CodeIgniter.php(326): CodeIgniter\CodeIgniter->handleRequest(NULL, Object(Config\Cache), false)
#11 C:\xampp\htdocs\Food\public\index.php(37): CodeIgniter\CodeIgniter->run()
#12 C:\xampp\htdocs\Food\system\Commands\Server\rewrite.php(43): require_once('C:\\xampp\\htdocs...')
#13 {main}
CRITICAL - 2025-06-24 21:15:30 --> Não há dados para update.
#0 C:\xampp\htdocs\Food\system\BaseModel.php(846): CodeIgniter\Database\Exceptions\DataException::forEmptyDataset('update')
#1 C:\xampp\htdocs\Food\system\Model.php(651): CodeIgniter\BaseModel->update(Array, Array)
#2 C:\xampp\htdocs\Food\system\BaseModel.php(656): CodeIgniter\Model->update('1', Object(App\Entities\Produtos))
#3 C:\xampp\htdocs\Food\app\Controllers\Admin\Produtos.php(91): CodeIgniter\BaseModel->save(Object(App\Entities\Produtos))
#4 C:\xampp\htdocs\Food\system\CodeIgniter.php(832): App\Controllers\Admin\Produtos->atualizar('1')
#5 C:\xampp\htdocs\Food\system\CodeIgniter.php(419): CodeIgniter\CodeIgniter->runController(Object(App\Controllers\Admin\Produtos))
#6 C:\xampp\htdocs\Food\system\CodeIgniter.php(326): CodeIgniter\CodeIgniter->handleRequest(NULL, Object(Config\Cache), false)
#7 C:\xampp\htdocs\Food\public\index.php(37): CodeIgniter\CodeIgniter->run()
#8 C:\xampp\htdocs\Food\system\Commands\Server\rewrite.php(43): require_once('C:\\xampp\\htdocs...')
#9 {main}
CRITICAL - 2025-06-24 21:15:58 --> Não há dados para update.
#0 C:\xampp\htdocs\Food\system\BaseModel.php(846): CodeIgniter\Database\Exceptions\DataException::forEmptyDataset('update')
#1 C:\xampp\htdocs\Food\system\Model.php(651): CodeIgniter\BaseModel->update(Array, Array)
#2 C:\xampp\htdocs\Food\system\BaseModel.php(656): CodeIgniter\Model->update('1', Object(App\Entities\Produtos))
#3 C:\xampp\htdocs\Food\app\Controllers\Admin\Produtos.php(91): CodeIgniter\BaseModel->save(Object(App\Entities\Produtos))
#4 C:\xampp\htdocs\Food\system\CodeIgniter.php(832): App\Controllers\Admin\Produtos->atualizar('1')
#5 C:\xampp\htdocs\Food\system\CodeIgniter.php(419): CodeIgniter\CodeIgniter->runController(Object(App\Controllers\Admin\Produtos))
#6 C:\xampp\htdocs\Food\system\CodeIgniter.php(326): CodeIgniter\CodeIgniter->handleRequest(NULL, Object(Config\Cache), false)
#7 C:\xampp\htdocs\Food\public\index.php(37): CodeIgniter\CodeIgniter->run()
#8 C:\xampp\htdocs\Food\system\Commands\Server\rewrite.php(43): require_once('C:\\xampp\\htdocs...')
#9 {main}
CRITICAL - 2025-06-24 21:16:01 --> Não há dados para update.
#0 C:\xampp\htdocs\Food\system\BaseModel.php(846): CodeIgniter\Database\Exceptions\DataException::forEmptyDataset('update')
#1 C:\xampp\htdocs\Food\system\Model.php(651): CodeIgniter\BaseModel->update(Array, Array)
#2 C:\xampp\htdocs\Food\system\BaseModel.php(656): CodeIgniter\Model->update('1', Object(App\Entities\Produtos))
#3 C:\xampp\htdocs\Food\app\Controllers\Admin\Produtos.php(91): CodeIgniter\BaseModel->save(Object(App\Entities\Produtos))
#4 C:\xampp\htdocs\Food\system\CodeIgniter.php(832): App\Controllers\Admin\Produtos->atualizar('1')
#5 C:\xampp\htdocs\Food\system\CodeIgniter.php(419): CodeIgniter\CodeIgniter->runController(Object(App\Controllers\Admin\Produtos))
#6 C:\xampp\htdocs\Food\system\CodeIgniter.php(326): CodeIgniter\CodeIgniter->handleRequest(NULL, Object(Config\Cache), false)
#7 C:\xampp\htdocs\Food\public\index.php(37): CodeIgniter\CodeIgniter->run()
#8 C:\xampp\htdocs\Food\system\Commands\Server\rewrite.php(43): require_once('C:\\xampp\\htdocs...')
#9 {main}
CRITICAL - 2025-06-24 21:19:08 --> Não há dados para update.
#0 C:\xampp\htdocs\Food\system\BaseModel.php(846): CodeIgniter\Database\Exceptions\DataException::forEmptyDataset('update')
#1 C:\xampp\htdocs\Food\system\Model.php(651): CodeIgniter\BaseModel->update(Array, Array)
#2 C:\xampp\htdocs\Food\system\BaseModel.php(656): CodeIgniter\Model->update('1', Object(App\Entities\Produtos))
#3 C:\xampp\htdocs\Food\app\Controllers\Admin\Produtos.php(91): CodeIgniter\BaseModel->save(Object(App\Entities\Produtos))
#4 C:\xampp\htdocs\Food\system\CodeIgniter.php(832): App\Controllers\Admin\Produtos->atualizar('1')
#5 C:\xampp\htdocs\Food\system\CodeIgniter.php(419): CodeIgniter\CodeIgniter->runController(Object(App\Controllers\Admin\Produtos))
#6 C:\xampp\htdocs\Food\system\CodeIgniter.php(326): CodeIgniter\CodeIgniter->handleRequest(NULL, Object(Config\Cache), false)
#7 C:\xampp\htdocs\Food\public\index.php(37): CodeIgniter\CodeIgniter->run()
#8 C:\xampp\htdocs\Food\system\Commands\Server\rewrite.php(43): require_once('C:\\xampp\\htdocs...')
#9 {main}
CRITICAL - 2025-06-24 21:19:13 --> Não há dados para update.
#0 C:\xampp\htdocs\Food\system\BaseModel.php(846): CodeIgniter\Database\Exceptions\DataException::forEmptyDataset('update')
#1 C:\xampp\htdocs\Food\system\Model.php(651): CodeIgniter\BaseModel->update(Array, Array)
#2 C:\xampp\htdocs\Food\system\BaseModel.php(656): CodeIgniter\Model->update('1', Object(App\Entities\Produtos))
#3 C:\xampp\htdocs\Food\app\Controllers\Admin\Produtos.php(91): CodeIgniter\BaseModel->save(Object(App\Entities\Produtos))
#4 C:\xampp\htdocs\Food\system\CodeIgniter.php(832): App\Controllers\Admin\Produtos->atualizar('1')
#5 C:\xampp\htdocs\Food\system\CodeIgniter.php(419): CodeIgniter\CodeIgniter->runController(Object(App\Controllers\Admin\Produtos))
#6 C:\xampp\htdocs\Food\system\CodeIgniter.php(326): CodeIgniter\CodeIgniter->handleRequest(NULL, Object(Config\Cache), false)
#7 C:\xampp\htdocs\Food\public\index.php(37): CodeIgniter\CodeIgniter->run()
#8 C:\xampp\htdocs\Food\system\Commands\Server\rewrite.php(43): require_once('C:\\xampp\\htdocs...')
#9 {main}
CRITICAL - 2025-06-24 21:20:34 --> Não há dados para update.
#0 C:\xampp\htdocs\Food\system\BaseModel.php(846): CodeIgniter\Database\Exceptions\DataException::forEmptyDataset('update')
#1 C:\xampp\htdocs\Food\system\Model.php(651): CodeIgniter\BaseModel->update(Array, Array)
#2 C:\xampp\htdocs\Food\system\BaseModel.php(656): CodeIgniter\Model->update('1', Object(App\Entities\Produtos))
#3 C:\xampp\htdocs\Food\app\Controllers\Admin\Produtos.php(98): CodeIgniter\BaseModel->save(Object(App\Entities\Produtos))
#4 C:\xampp\htdocs\Food\system\CodeIgniter.php(832): App\Controllers\Admin\Produtos->atualizar('1')
#5 C:\xampp\htdocs\Food\system\CodeIgniter.php(419): CodeIgniter\CodeIgniter->runController(Object(App\Controllers\Admin\Produtos))
#6 C:\xampp\htdocs\Food\system\CodeIgniter.php(326): CodeIgniter\CodeIgniter->handleRequest(NULL, Object(Config\Cache), false)
#7 C:\xampp\htdocs\Food\public\index.php(37): CodeIgniter\CodeIgniter->run()
#8 C:\xampp\htdocs\Food\system\Commands\Server\rewrite.php(43): require_once('C:\\xampp\\htdocs...')
#9 {main}
CRITICAL - 2025-06-24 21:22:14 --> Não há dados para update.
#0 C:\xampp\htdocs\Food\system\BaseModel.php(846): CodeIgniter\Database\Exceptions\DataException::forEmptyDataset('update')
#1 C:\xampp\htdocs\Food\system\Model.php(651): CodeIgniter\BaseModel->update(Array, Array)
#2 C:\xampp\htdocs\Food\system\BaseModel.php(656): CodeIgniter\Model->update('1', Object(App\Entities\Produtos))
#3 C:\xampp\htdocs\Food\app\Controllers\Admin\Produtos.php(101): CodeIgniter\BaseModel->save(Object(App\Entities\Produtos))
#4 C:\xampp\htdocs\Food\system\CodeIgniter.php(832): App\Controllers\Admin\Produtos->atualizar('1')
#5 C:\xampp\htdocs\Food\system\CodeIgniter.php(419): CodeIgniter\CodeIgniter->runController(Object(App\Controllers\Admin\Produtos))
#6 C:\xampp\htdocs\Food\system\CodeIgniter.php(326): CodeIgniter\CodeIgniter->handleRequest(NULL, Object(Config\Cache), false)
#7 C:\xampp\htdocs\Food\public\index.php(37): CodeIgniter\CodeIgniter->run()
#8 C:\xampp\htdocs\Food\system\Commands\Server\rewrite.php(43): require_once('C:\\xampp\\htdocs...')
#9 {main}
CRITICAL - 2025-06-24 21:23:36 --> Não há dados para update.
#0 C:\xampp\htdocs\Food\system\BaseModel.php(846): CodeIgniter\Database\Exceptions\DataException::forEmptyDataset('update')
#1 C:\xampp\htdocs\Food\system\Model.php(651): CodeIgniter\BaseModel->update(Array, Array)
#2 C:\xampp\htdocs\Food\system\BaseModel.php(656): CodeIgniter\Model->update('1', Object(App\Entities\Produtos))
#3 C:\xampp\htdocs\Food\app\Controllers\Admin\Produtos.php(101): CodeIgniter\BaseModel->save(Object(App\Entities\Produtos))
#4 C:\xampp\htdocs\Food\system\CodeIgniter.php(832): App\Controllers\Admin\Produtos->atualizar('1')
#5 C:\xampp\htdocs\Food\system\CodeIgniter.php(419): CodeIgniter\CodeIgniter->runController(Object(App\Controllers\Admin\Produtos))
#6 C:\xampp\htdocs\Food\system\CodeIgniter.php(326): CodeIgniter\CodeIgniter->handleRequest(NULL, Object(Config\Cache), false)
#7 C:\xampp\htdocs\Food\public\index.php(37): CodeIgniter\CodeIgniter->run()
#8 C:\xampp\htdocs\Food\system\Commands\Server\rewrite.php(43): require_once('C:\\xampp\\htdocs...')
#9 {main}
CRITICAL - 2025-06-24 21:28:26 --> Attempt to read property "nome" on string
#0 C:\xampp\htdocs\Food\app\Views\Admin\Produtos\show.php(28): CodeIgniter\Debug\Exceptions->errorHandler(2, 'Attempt to read...', 'C:\\xampp\\htdocs...', 28)
#1 C:\xampp\htdocs\Food\system\View\View.php(210): include('C:\\xampp\\htdocs...')
#2 C:\xampp\htdocs\Food\system\View\View.php(213): CodeIgniter\View\View->CodeIgniter\View\{closure}()
#3 C:\xampp\htdocs\Food\system\Common.php(1089): CodeIgniter\View\View->render('Admin/Produtos/...', Array, true)
#4 C:\xampp\htdocs\Food\app\Controllers\Admin\Produtos.php(63): view('Admin/Produtos/...', Array)
#5 C:\xampp\htdocs\Food\system\CodeIgniter.php(832): App\Controllers\Admin\Produtos->show('1')
#6 C:\xampp\htdocs\Food\system\CodeIgniter.php(419): CodeIgniter\CodeIgniter->runController(Object(App\Controllers\Admin\Produtos))
#7 C:\xampp\htdocs\Food\system\CodeIgniter.php(326): CodeIgniter\CodeIgniter->handleRequest(NULL, Object(Config\Cache), false)
#8 C:\xampp\htdocs\Food\public\index.php(37): CodeIgniter\CodeIgniter->run()
#9 C:\xampp\htdocs\Food\system\Commands\Server\rewrite.php(43): require_once('C:\\xampp\\htdocs...')
#10 {main}
CRITICAL - 2025-06-24 21:37:27 --> Arquivo inválido: Admin/Produto/criar.php
#0 C:\xampp\htdocs\Food\system\View\View.php(198): CodeIgniter\Exceptions\FrameworkException::forInvalidFile('Admin/Produto/c...')
#1 C:\xampp\htdocs\Food\system\Common.php(1089): CodeIgniter\View\View->render('Admin/Produto/c...', Array, true)
#2 C:\xampp\htdocs\Food\app\Controllers\Admin\Produtos.php(63): view('Admin/Produto/c...', Array)
#3 C:\xampp\htdocs\Food\system\CodeIgniter.php(832): App\Controllers\Admin\Produtos->criar()
#4 C:\xampp\htdocs\Food\system\CodeIgniter.php(419): CodeIgniter\CodeIgniter->runController(Object(App\Controllers\Admin\Produtos))
#5 C:\xampp\htdocs\Food\system\CodeIgniter.php(326): CodeIgniter\CodeIgniter->handleRequest(NULL, Object(Config\Cache), false)
#6 C:\xampp\htdocs\Food\public\index.php(37): CodeIgniter\CodeIgniter->run()
#7 C:\xampp\htdocs\Food\system\Commands\Server\rewrite.php(43): require_once('C:\\xampp\\htdocs...')
#8 {main}
CRITICAL - 2025-06-24 21:37:51 --> Undefined property: App\Controllers\Admin\Produtos::$nome
#0 C:\xampp\htdocs\Food\app\Views\Admin\Produtos\form.php(18): CodeIgniter\Debug\Exceptions->errorHandler(2, 'Undefined prope...', 'C:\\xampp\\htdocs...', 18)
#1 C:\xampp\htdocs\Food\system\View\View.php(210): include('C:\\xampp\\htdocs...')
#2 C:\xampp\htdocs\Food\system\View\View.php(213): CodeIgniter\View\View->CodeIgniter\View\{closure}()
#3 C:\xampp\htdocs\Food\system\View\View.php(424): CodeIgniter\View\View->render('Admin/Produtos/...', NULL, true)
#4 C:\xampp\htdocs\Food\app\Views\Admin\Produtos\criar.php(27): CodeIgniter\View\View->include('Admin/Produtos/...')
#5 C:\xampp\htdocs\Food\system\View\View.php(210): include('C:\\xampp\\htdocs...')
#6 C:\xampp\htdocs\Food\system\View\View.php(213): CodeIgniter\View\View->CodeIgniter\View\{closure}()
#7 C:\xampp\htdocs\Food\system\Common.php(1089): CodeIgniter\View\View->render('Admin/Produtos/...', Array, true)
#8 C:\xampp\htdocs\Food\app\Controllers\Admin\Produtos.php(63): view('Admin/Produtos/...', Array)
#9 C:\xampp\htdocs\Food\system\CodeIgniter.php(832): App\Controllers\Admin\Produtos->criar()
#10 C:\xampp\htdocs\Food\system\CodeIgniter.php(419): CodeIgniter\CodeIgniter->runController(Object(App\Controllers\Admin\Produtos))
#11 C:\xampp\htdocs\Food\system\CodeIgniter.php(326): CodeIgniter\CodeIgniter->handleRequest(NULL, Object(Config\Cache), false)
#12 C:\xampp\htdocs\Food\public\index.php(37): CodeIgniter\CodeIgniter->run()
#13 C:\xampp\htdocs\Food\system\Commands\Server\rewrite.php(43): require_once('C:\\xampp\\htdocs...')
#14 {main}
CRITICAL - 2025-06-24 21:39:07 --> Undefined property: App\Controllers\Admin\Produtos::$nome
#0 C:\xampp\htdocs\Food\app\Views\Admin\Produtos\form.php(18): CodeIgniter\Debug\Exceptions->errorHandler(2, 'Undefined prope...', 'C:\\xampp\\htdocs...', 18)
#1 C:\xampp\htdocs\Food\system\View\View.php(210): include('C:\\xampp\\htdocs...')
#2 C:\xampp\htdocs\Food\system\View\View.php(213): CodeIgniter\View\View->CodeIgniter\View\{closure}()
#3 C:\xampp\htdocs\Food\system\View\View.php(424): CodeIgniter\View\View->render('Admin/Produtos/...', NULL, true)
#4 C:\xampp\htdocs\Food\app\Views\Admin\Produtos\criar.php(27): CodeIgniter\View\View->include('Admin/Produtos/...')
#5 C:\xampp\htdocs\Food\system\View\View.php(210): include('C:\\xampp\\htdocs...')
#6 C:\xampp\htdocs\Food\system\View\View.php(213): CodeIgniter\View\View->CodeIgniter\View\{closure}()
#7 C:\xampp\htdocs\Food\system\Common.php(1089): CodeIgniter\View\View->render('Admin/Produtos/...', Array, true)
#8 C:\xampp\htdocs\Food\app\Controllers\Admin\Produtos.php(64): view('Admin/Produtos/...', Array)
#9 C:\xampp\htdocs\Food\system\CodeIgniter.php(832): App\Controllers\Admin\Produtos->criar()
#10 C:\xampp\htdocs\Food\system\CodeIgniter.php(419): CodeIgniter\CodeIgniter->runController(Object(App\Controllers\Admin\Produtos))
#11 C:\xampp\htdocs\Food\system\CodeIgniter.php(326): CodeIgniter\CodeIgniter->handleRequest(NULL, Object(Config\Cache), false)
#12 C:\xampp\htdocs\Food\public\index.php(37): CodeIgniter\CodeIgniter->run()
#13 C:\xampp\htdocs\Food\system\Commands\Server\rewrite.php(43): require_once('C:\\xampp\\htdocs...')
#14 {main}
CRITICAL - 2025-06-24 21:51:36 --> Undefined property: App\Controllers\Admin\Produtos::$nome
#0 C:\xampp\htdocs\Food\app\Views\Admin\Produtos\form.php(18): CodeIgniter\Debug\Exceptions->errorHandler(2, 'Undefined prope...', 'C:\\xampp\\htdocs...', 18)
#1 C:\xampp\htdocs\Food\system\View\View.php(210): include('C:\\xampp\\htdocs...')
#2 C:\xampp\htdocs\Food\system\View\View.php(213): CodeIgniter\View\View->CodeIgniter\View\{closure}()
#3 C:\xampp\htdocs\Food\system\View\View.php(424): CodeIgniter\View\View->render('Admin/Produtos/...', NULL, true)
#4 C:\xampp\htdocs\Food\app\Views\Admin\Produtos\criar.php(27): CodeIgniter\View\View->include('Admin/Produtos/...')
#5 C:\xampp\htdocs\Food\system\View\View.php(210): include('C:\\xampp\\htdocs...')
#6 C:\xampp\htdocs\Food\system\View\View.php(213): CodeIgniter\View\View->CodeIgniter\View\{closure}()
#7 C:\xampp\htdocs\Food\system\Common.php(1089): CodeIgniter\View\View->render('Admin/Produtos/...', Array, true)
#8 C:\xampp\htdocs\Food\app\Controllers\Admin\Produtos.php(61): view('Admin/Produtos/...', Array)
#9 C:\xampp\htdocs\Food\system\CodeIgniter.php(832): App\Controllers\Admin\Produtos->criar()
#10 C:\xampp\htdocs\Food\system\CodeIgniter.php(419): CodeIgniter\CodeIgniter->runController(Object(App\Controllers\Admin\Produtos))
#11 C:\xampp\htdocs\Food\system\CodeIgniter.php(326): CodeIgniter\CodeIgniter->handleRequest(NULL, Object(Config\Cache), false)
#12 C:\xampp\htdocs\Food\public\index.php(37): CodeIgniter\CodeIgniter->run()
#13 C:\xampp\htdocs\Food\system\Commands\Server\rewrite.php(43): require_once('C:\\xampp\\htdocs...')
#14 {main}
CRITICAL - 2025-06-24 21:57:32 --> is_unique_produto_nome não é uma regra válida.
#0 C:\xampp\htdocs\Food\system\Validation\Validation.php(300): CodeIgniter\Validation\Exceptions\ValidationException::forRuleNotFound('is_unique_produ...')
#1 C:\xampp\htdocs\Food\system\Validation\Validation.php(157): CodeIgniter\Validation\Validation->processRules('nome', 'nome', 'Pizza Cababresa', Array, Array)
#2 C:\xampp\htdocs\Food\system\BaseModel.php(1347): CodeIgniter\Validation\Validation->run(Array, NULL, NULL)
#3 C:\xampp\htdocs\Food\system\BaseModel.php(707): CodeIgniter\BaseModel->validate(Array)
#4 C:\xampp\htdocs\Food\system\Model.php(625): CodeIgniter\BaseModel->insert(Array, false)
#5 C:\xampp\htdocs\Food\system\BaseModel.php(658): CodeIgniter\Model->insert(Object(App\Entities\Produto), false)
#6 C:\xampp\htdocs\Food\app\Controllers\Admin\Produtos.php(76): CodeIgniter\BaseModel->save(Object(App\Entities\Produto))
#7 C:\xampp\htdocs\Food\system\CodeIgniter.php(832): App\Controllers\Admin\Produtos->cadastrar()
#8 C:\xampp\htdocs\Food\system\CodeIgniter.php(419): CodeIgniter\CodeIgniter->runController(Object(App\Controllers\Admin\Produtos))
#9 C:\xampp\htdocs\Food\system\CodeIgniter.php(326): CodeIgniter\CodeIgniter->handleRequest(NULL, Object(Config\Cache), false)
#10 C:\xampp\htdocs\Food\public\index.php(37): CodeIgniter\CodeIgniter->run()
#11 C:\xampp\htdocs\Food\system\Commands\Server\rewrite.php(43): require_once('C:\\xampp\\htdocs...')
#12 {main}
CRITICAL - 2025-06-24 21:59:42 --> is_unique_produto_nome não é uma regra válida.
#0 C:\xampp\htdocs\Food\system\Validation\Validation.php(300): CodeIgniter\Validation\Exceptions\ValidationException::forRuleNotFound('is_unique_produ...')
#1 C:\xampp\htdocs\Food\system\Validation\Validation.php(157): CodeIgniter\Validation\Validation->processRules('nome', 'nome', 'Pizza Cababresa', Array, Array)
#2 C:\xampp\htdocs\Food\system\BaseModel.php(1347): CodeIgniter\Validation\Validation->run(Array, NULL, NULL)
#3 C:\xampp\htdocs\Food\system\BaseModel.php(707): CodeIgniter\BaseModel->validate(Array)
#4 C:\xampp\htdocs\Food\system\Model.php(625): CodeIgniter\BaseModel->insert(Array, false)
#5 C:\xampp\htdocs\Food\system\BaseModel.php(658): CodeIgniter\Model->insert(Object(App\Entities\Produto), false)
#6 C:\xampp\htdocs\Food\app\Controllers\Admin\Produtos.php(76): CodeIgniter\BaseModel->save(Object(App\Entities\Produto))
#7 C:\xampp\htdocs\Food\system\CodeIgniter.php(832): App\Controllers\Admin\Produtos->cadastrar()
#8 C:\xampp\htdocs\Food\system\CodeIgniter.php(419): CodeIgniter\CodeIgniter->runController(Object(App\Controllers\Admin\Produtos))
#9 C:\xampp\htdocs\Food\system\CodeIgniter.php(326): CodeIgniter\CodeIgniter->handleRequest(NULL, Object(Config\Cache), false)
#10 C:\xampp\htdocs\Food\public\index.php(37): CodeIgniter\CodeIgniter->run()
#11 C:\xampp\htdocs\Food\system\Commands\Server\rewrite.php(43): require_once('C:\\xampp\\htdocs...')
#12 {main}
CRITICAL - 2025-06-24 22:00:03 --> mysqli_result::fetch_object(): Argument #1 ($class) must be a valid class name, App\Entities\Produtos given
#0 C:\xampp\htdocs\Food\system\Database\MySQLi\Result.php(148): mysqli_result->fetch_object('App\\Entities\\Pr...')
#1 C:\xampp\htdocs\Food\system\Database\BaseResult.php(149): CodeIgniter\Database\MySQLi\Result->fetchObject('App\\Entities\\Pr...')
#2 C:\xampp\htdocs\Food\system\Database\BaseResult.php(106): CodeIgniter\Database\BaseResult->getCustomResultObject('App\\Entities\\Pr...')
#3 C:\xampp\htdocs\Food\system\Database\BaseResult.php(377): CodeIgniter\Database\BaseResult->getResult('App\\Entities\\Pr...')
#4 C:\xampp\htdocs\Food\system\Model.php(210): CodeIgniter\Database\BaseResult->getFirstRow('App\\Entities\\Pr...')
#5 C:\xampp\htdocs\Food\system\BaseModel.php(622): CodeIgniter\Model->doFirst()
#6 C:\xampp\htdocs\Food\app\Controllers\Admin\Produtos.php(163): CodeIgniter\BaseModel->first()
#7 C:\xampp\htdocs\Food\app\Controllers\Admin\Produtos.php(95): App\Controllers\Admin\Produtos->buscaProdutoOu404(2)
#8 C:\xampp\htdocs\Food\system\CodeIgniter.php(832): App\Controllers\Admin\Produtos->show('2')
#9 C:\xampp\htdocs\Food\system\CodeIgniter.php(419): CodeIgniter\CodeIgniter->runController(Object(App\Controllers\Admin\Produtos))
#10 C:\xampp\htdocs\Food\system\CodeIgniter.php(326): CodeIgniter\CodeIgniter->handleRequest(NULL, Object(Config\Cache), false)
#11 C:\xampp\htdocs\Food\public\index.php(37): CodeIgniter\CodeIgniter->run()
#12 C:\xampp\htdocs\Food\system\Commands\Server\rewrite.php(43): require_once('C:\\xampp\\htdocs...')
#13 {main}
ERROR - 2025-06-24 22:02:41 --> Table 'food.nome' doesn't exist
CRITICAL - 2025-06-24 22:02:41 --> Table 'food.nome' doesn't exist
#0 C:\xampp\htdocs\Food\system\Database\MySQLi\Connection.php(292): mysqli->query('SELECT 1\nFROM `...', 0)
#1 C:\xampp\htdocs\Food\system\Database\BaseConnection.php(670): CodeIgniter\Database\MySQLi\Connection->execute('SELECT 1\nFROM `...')
#2 C:\xampp\htdocs\Food\system\Database\BaseConnection.php(598): CodeIgniter\Database\BaseConnection->simpleQuery('SELECT 1\nFROM `...')
#3 C:\xampp\htdocs\Food\system\Database\BaseBuilder.php(1455): CodeIgniter\Database\BaseConnection->query('SELECT 1\nFROM `...', Array, false)
#4 C:\xampp\htdocs\Food\system\Validation\Rules.php(142): CodeIgniter\Database\BaseBuilder->get()
#5 C:\xampp\htdocs\Food\system\Validation\Validation.php(292): CodeIgniter\Validation\Rules->is_unique('Teste', 'nome', Array, NULL)
#6 C:\xampp\htdocs\Food\system\Validation\Validation.php(157): CodeIgniter\Validation\Validation->processRules('nome', 'nome', 'Teste', Array, Array)
#7 C:\xampp\htdocs\Food\system\BaseModel.php(1347): CodeIgniter\Validation\Validation->run(Array, NULL, NULL)
#8 C:\xampp\htdocs\Food\system\BaseModel.php(707): CodeIgniter\BaseModel->validate(Array)
#9 C:\xampp\htdocs\Food\system\Model.php(625): CodeIgniter\BaseModel->insert(Array, false)
#10 C:\xampp\htdocs\Food\system\BaseModel.php(658): CodeIgniter\Model->insert(Object(App\Entities\Produto), false)
#11 C:\xampp\htdocs\Food\app\Controllers\Admin\Produtos.php(76): CodeIgniter\BaseModel->save(Object(App\Entities\Produto))
#12 C:\xampp\htdocs\Food\system\CodeIgniter.php(832): App\Controllers\Admin\Produtos->cadastrar()
#13 C:\xampp\htdocs\Food\system\CodeIgniter.php(419): CodeIgniter\CodeIgniter->runController(Object(App\Controllers\Admin\Produtos))
#14 C:\xampp\htdocs\Food\system\CodeIgniter.php(326): CodeIgniter\CodeIgniter->handleRequest(NULL, Object(Config\Cache), false)
#15 C:\xampp\htdocs\Food\public\index.php(37): CodeIgniter\CodeIgniter->run()
#16 C:\xampp\htdocs\Food\system\Commands\Server\rewrite.php(43): require_once('C:\\xampp\\htdocs...')
#17 {main}
ERROR - 2025-06-24 22:03:01 --> Table 'food.nome' doesn't exist
CRITICAL - 2025-06-24 22:03:01 --> Table 'food.nome' doesn't exist
#0 C:\xampp\htdocs\Food\system\Database\MySQLi\Connection.php(292): mysqli->query('SELECT 1\nFROM `...', 0)
#1 C:\xampp\htdocs\Food\system\Database\BaseConnection.php(670): CodeIgniter\Database\MySQLi\Connection->execute('SELECT 1\nFROM `...')
#2 C:\xampp\htdocs\Food\system\Database\BaseConnection.php(598): CodeIgniter\Database\BaseConnection->simpleQuery('SELECT 1\nFROM `...')
#3 C:\xampp\htdocs\Food\system\Database\BaseBuilder.php(1455): CodeIgniter\Database\BaseConnection->query('SELECT 1\nFROM `...', Array, false)
#4 C:\xampp\htdocs\Food\system\Validation\Rules.php(142): CodeIgniter\Database\BaseBuilder->get()
#5 C:\xampp\htdocs\Food\system\Validation\Validation.php(292): CodeIgniter\Validation\Rules->is_unique('Teste', 'nome', Array, NULL)
#6 C:\xampp\htdocs\Food\system\Validation\Validation.php(157): CodeIgniter\Validation\Validation->processRules('nome', 'nome', 'Teste', Array, Array)
#7 C:\xampp\htdocs\Food\system\BaseModel.php(1347): CodeIgniter\Validation\Validation->run(Array, NULL, NULL)
#8 C:\xampp\htdocs\Food\system\BaseModel.php(707): CodeIgniter\BaseModel->validate(Array)
#9 C:\xampp\htdocs\Food\system\Model.php(625): CodeIgniter\BaseModel->insert(Array, false)
#10 C:\xampp\htdocs\Food\system\BaseModel.php(658): CodeIgniter\Model->insert(Object(App\Entities\Produto), false)
#11 C:\xampp\htdocs\Food\app\Controllers\Admin\Produtos.php(76): CodeIgniter\BaseModel->save(Object(App\Entities\Produto))
#12 C:\xampp\htdocs\Food\system\CodeIgniter.php(832): App\Controllers\Admin\Produtos->cadastrar()
#13 C:\xampp\htdocs\Food\system\CodeIgniter.php(419): CodeIgniter\CodeIgniter->runController(Object(App\Controllers\Admin\Produtos))
#14 C:\xampp\htdocs\Food\system\CodeIgniter.php(326): CodeIgniter\CodeIgniter->handleRequest(NULL, Object(Config\Cache), false)
#15 C:\xampp\htdocs\Food\public\index.php(37): CodeIgniter\CodeIgniter->run()
#16 C:\xampp\htdocs\Food\system\Commands\Server\rewrite.php(43): require_once('C:\\xampp\\htdocs...')
#17 {main}
ERROR - 2025-06-24 22:03:04 --> Table 'food.nome' doesn't exist
CRITICAL - 2025-06-24 22:03:04 --> Table 'food.nome' doesn't exist
#0 C:\xampp\htdocs\Food\system\Database\MySQLi\Connection.php(292): mysqli->query('SELECT 1\nFROM `...', 0)
#1 C:\xampp\htdocs\Food\system\Database\BaseConnection.php(670): CodeIgniter\Database\MySQLi\Connection->execute('SELECT 1\nFROM `...')
#2 C:\xampp\htdocs\Food\system\Database\BaseConnection.php(598): CodeIgniter\Database\BaseConnection->simpleQuery('SELECT 1\nFROM `...')
#3 C:\xampp\htdocs\Food\system\Database\BaseBuilder.php(1455): CodeIgniter\Database\BaseConnection->query('SELECT 1\nFROM `...', Array, false)
#4 C:\xampp\htdocs\Food\system\Validation\Rules.php(142): CodeIgniter\Database\BaseBuilder->get()
#5 C:\xampp\htdocs\Food\system\Validation\Validation.php(292): CodeIgniter\Validation\Rules->is_unique('Teste', 'nome', Array, NULL)
#6 C:\xampp\htdocs\Food\system\Validation\Validation.php(157): CodeIgniter\Validation\Validation->processRules('nome', 'nome', 'Teste', Array, Array)
#7 C:\xampp\htdocs\Food\system\BaseModel.php(1347): CodeIgniter\Validation\Validation->run(Array, NULL, NULL)
#8 C:\xampp\htdocs\Food\system\BaseModel.php(707): CodeIgniter\BaseModel->validate(Array)
#9 C:\xampp\htdocs\Food\system\Model.php(625): CodeIgniter\BaseModel->insert(Array, false)
#10 C:\xampp\htdocs\Food\system\BaseModel.php(658): CodeIgniter\Model->insert(Object(App\Entities\Produto), false)
#11 C:\xampp\htdocs\Food\app\Controllers\Admin\Produtos.php(76): CodeIgniter\BaseModel->save(Object(App\Entities\Produto))
#12 C:\xampp\htdocs\Food\system\CodeIgniter.php(832): App\Controllers\Admin\Produtos->cadastrar()
#13 C:\xampp\htdocs\Food\system\CodeIgniter.php(419): CodeIgniter\CodeIgniter->runController(Object(App\Controllers\Admin\Produtos))
#14 C:\xampp\htdocs\Food\system\CodeIgniter.php(326): CodeIgniter\CodeIgniter->handleRequest(NULL, Object(Config\Cache), false)
#15 C:\xampp\htdocs\Food\public\index.php(37): CodeIgniter\CodeIgniter->run()
#16 C:\xampp\htdocs\Food\system\Commands\Server\rewrite.php(43): require_once('C:\\xampp\\htdocs...')
#17 {main}
ERROR - 2025-06-24 22:03:25 --> Table 'food.nome' doesn't exist
CRITICAL - 2025-06-24 22:03:25 --> Table 'food.nome' doesn't exist
#0 C:\xampp\htdocs\Food\system\Database\MySQLi\Connection.php(292): mysqli->query('SELECT 1\nFROM `...', 0)
#1 C:\xampp\htdocs\Food\system\Database\BaseConnection.php(670): CodeIgniter\Database\MySQLi\Connection->execute('SELECT 1\nFROM `...')
#2 C:\xampp\htdocs\Food\system\Database\BaseConnection.php(598): CodeIgniter\Database\BaseConnection->simpleQuery('SELECT 1\nFROM `...')
#3 C:\xampp\htdocs\Food\system\Database\BaseBuilder.php(1455): CodeIgniter\Database\BaseConnection->query('SELECT 1\nFROM `...', Array, false)
#4 C:\xampp\htdocs\Food\system\Validation\Rules.php(142): CodeIgniter\Database\BaseBuilder->get()
#5 C:\xampp\htdocs\Food\system\Validation\Validation.php(292): CodeIgniter\Validation\Rules->is_unique('Kaio Gremaschi ...', 'nome', Array, NULL)
#6 C:\xampp\htdocs\Food\system\Validation\Validation.php(157): CodeIgniter\Validation\Validation->processRules('nome', 'nome', 'Kaio Gremaschi ...', Array, Array)
#7 C:\xampp\htdocs\Food\system\BaseModel.php(1347): CodeIgniter\Validation\Validation->run(Array, NULL, NULL)
#8 C:\xampp\htdocs\Food\system\BaseModel.php(707): CodeIgniter\BaseModel->validate(Array)
#9 C:\xampp\htdocs\Food\system\Model.php(625): CodeIgniter\BaseModel->insert(Array, false)
#10 C:\xampp\htdocs\Food\system\BaseModel.php(658): CodeIgniter\Model->insert(Object(App\Entities\Produto), false)
#11 C:\xampp\htdocs\Food\app\Controllers\Admin\Produtos.php(76): CodeIgniter\BaseModel->save(Object(App\Entities\Produto))
#12 C:\xampp\htdocs\Food\system\CodeIgniter.php(832): App\Controllers\Admin\Produtos->cadastrar()
#13 C:\xampp\htdocs\Food\system\CodeIgniter.php(419): CodeIgniter\CodeIgniter->runController(Object(App\Controllers\Admin\Produtos))
#14 C:\xampp\htdocs\Food\system\CodeIgniter.php(326): CodeIgniter\CodeIgniter->handleRequest(NULL, Object(Config\Cache), false)
#15 C:\xampp\htdocs\Food\public\index.php(37): CodeIgniter\CodeIgniter->run()
#16 C:\xampp\htdocs\Food\system\Commands\Server\rewrite.php(43): require_once('C:\\xampp\\htdocs...')
#17 {main}
ERROR - 2025-06-24 22:27:01 --> Error connecting to the database: Nenhuma conexão pôde ser feita porque a máquina de destino as recusou ativamente
CRITICAL - 2025-06-24 22:27:01 --> Unable to connect to the database.
Main connection [MySQLi]: Nenhuma conexão pôde ser feita porque a máquina de destino as recusou ativamente
#0 C:\xampp\htdocs\Food\system\Database\BaseConnection.php(577): CodeIgniter\Database\BaseConnection->initialize()
#1 C:\xampp\htdocs\Food\system\Database\BaseBuilder.php(1455): CodeIgniter\Database\BaseConnection->query('SELECT *\nFROM `...', Array, false)
#2 C:\xampp\htdocs\Food\system\Model.php(142): CodeIgniter\Database\BaseBuilder->get()
#3 C:\xampp\htdocs\Food\system\BaseModel.php(523): CodeIgniter\Model->doFind(true, '1')
#4 C:\xampp\htdocs\Food\app\Libraries\Autenticacao.php(61): CodeIgniter\BaseModel->find('1')
#5 C:\xampp\htdocs\Food\app\Libraries\Autenticacao.php(48): App\Libraries\Autenticacao->pegaUsuarioDaSessao()
#6 C:\xampp\htdocs\Food\app\Libraries\Autenticacao.php(70): App\Libraries\Autenticacao->pegaUsuarioLogado()
#7 C:\xampp\htdocs\Food\app\Filters\LoginFilter.php(28): App\Libraries\Autenticacao->estaLogado()
#8 C:\xampp\htdocs\Food\system\Filters\Filters.php(173): App\Filters\LoginFilter->before(Object(CodeIgniter\HTTP\IncomingRequest), NULL)
#9 C:\xampp\htdocs\Food\system\CodeIgniter.php(393): CodeIgniter\Filters\Filters->run('admin/usuarios', 'before')
#10 C:\xampp\htdocs\Food\system\CodeIgniter.php(326): CodeIgniter\CodeIgniter->handleRequest(NULL, Object(Config\Cache), false)
#11 C:\xampp\htdocs\Food\public\index.php(37): CodeIgniter\CodeIgniter->run()
#12 C:\xampp\htdocs\Food\system\Commands\Server\rewrite.php(43): require_once('C:\\xampp\\htdocs...')
#13 {main}
ERROR - 2025-06-24 22:27:10 --> Error connecting to the database: Nenhuma conexão pôde ser feita porque a máquina de destino as recusou ativamente
CRITICAL - 2025-06-24 22:27:10 --> Unable to connect to the database.
Main connection [MySQLi]: Nenhuma conexão pôde ser feita porque a máquina de destino as recusou ativamente
#0 C:\xampp\htdocs\Food\system\Database\BaseConnection.php(577): CodeIgniter\Database\BaseConnection->initialize()
#1 C:\xampp\htdocs\Food\system\Database\BaseBuilder.php(1455): CodeIgniter\Database\BaseConnection->query('SELECT *\nFROM `...', Array, false)
#2 C:\xampp\htdocs\Food\system\Model.php(142): CodeIgniter\Database\BaseBuilder->get()
#3 C:\xampp\htdocs\Food\system\BaseModel.php(523): CodeIgniter\Model->doFind(true, '1')
#4 C:\xampp\htdocs\Food\app\Libraries\Autenticacao.php(61): CodeIgniter\BaseModel->find('1')
#5 C:\xampp\htdocs\Food\app\Libraries\Autenticacao.php(48): App\Libraries\Autenticacao->pegaUsuarioDaSessao()
#6 C:\xampp\htdocs\Food\app\Libraries\Autenticacao.php(70): App\Libraries\Autenticacao->pegaUsuarioLogado()
#7 C:\xampp\htdocs\Food\app\Filters\LoginFilter.php(28): App\Libraries\Autenticacao->estaLogado()
#8 C:\xampp\htdocs\Food\system\Filters\Filters.php(173): App\Filters\LoginFilter->before(Object(CodeIgniter\HTTP\IncomingRequest), NULL)
#9 C:\xampp\htdocs\Food\system\CodeIgniter.php(393): CodeIgniter\Filters\Filters->run('admin/produtos/', 'before')
#10 C:\xampp\htdocs\Food\system\CodeIgniter.php(326): CodeIgniter\CodeIgniter->handleRequest(NULL, Object(Config\Cache), false)
#11 C:\xampp\htdocs\Food\public\index.php(37): CodeIgniter\CodeIgniter->run()
#12 C:\xampp\htdocs\Food\system\Commands\Server\rewrite.php(43): require_once('C:\\xampp\\htdocs...')
#13 {main}
ERROR - 2025-06-24 22:27:15 --> Error connecting to the database: Nenhuma conexão pôde ser feita porque a máquina de destino as recusou ativamente
CRITICAL - 2025-06-24 22:27:15 --> Unable to connect to the database.
Main connection [MySQLi]: Nenhuma conexão pôde ser feita porque a máquina de destino as recusou ativamente
#0 C:\xampp\htdocs\Food\system\Database\BaseConnection.php(577): CodeIgniter\Database\BaseConnection->initialize()
#1 C:\xampp\htdocs\Food\system\Database\BaseBuilder.php(1455): CodeIgniter\Database\BaseConnection->query('SELECT *\nFROM `...', Array, false)
#2 C:\xampp\htdocs\Food\system\Model.php(142): CodeIgniter\Database\BaseBuilder->get()
#3 C:\xampp\htdocs\Food\system\BaseModel.php(523): CodeIgniter\Model->doFind(true, '1')
#4 C:\xampp\htdocs\Food\app\Libraries\Autenticacao.php(61): CodeIgniter\BaseModel->find('1')
#5 C:\xampp\htdocs\Food\app\Libraries\Autenticacao.php(48): App\Libraries\Autenticacao->pegaUsuarioDaSessao()
#6 C:\xampp\htdocs\Food\app\Libraries\Autenticacao.php(70): App\Libraries\Autenticacao->pegaUsuarioLogado()
#7 C:\xampp\htdocs\Food\app\Filters\LoginFilter.php(28): App\Libraries\Autenticacao->estaLogado()
#8 C:\xampp\htdocs\Food\system\Filters\Filters.php(173): App\Filters\LoginFilter->before(Object(CodeIgniter\HTTP\IncomingRequest), NULL)
#9 C:\xampp\htdocs\Food\system\CodeIgniter.php(393): CodeIgniter\Filters\Filters->run('admin/usuarios', 'before')
#10 C:\xampp\htdocs\Food\system\CodeIgniter.php(326): CodeIgniter\CodeIgniter->handleRequest(NULL, Object(Config\Cache), false)
#11 C:\xampp\htdocs\Food\public\index.php(37): CodeIgniter\CodeIgniter->run()
#12 C:\xampp\htdocs\Food\system\Commands\Server\rewrite.php(43): require_once('C:\\xampp\\htdocs...')
#13 {main}
