CRITICAL - 2025-07-08 12:08:51 --> Arquivo inválido: Admin/Entregadores/index.php
#0 C:\xampp\htdocs\Food\system\View\View.php(198): CodeIgniter\Exceptions\FrameworkException::forInvalidFile('Admin/Entregado...')
#1 C:\xampp\htdocs\Food\system\Common.php(1089): CodeIgniter\View\View->render('Admin/Entregado...', Array, true)
#2 C:\xampp\htdocs\Food\app\Controllers\Admin\Entregadores.php(25): view('Admin/Entregado...', Array)
#3 C:\xampp\htdocs\Food\system\CodeIgniter.php(832): App\Controllers\Admin\Entregadores->index()
#4 C:\xampp\htdocs\Food\system\CodeIgniter.php(419): CodeIgniter\CodeIgniter->runController(Object(App\Controllers\Admin\Entregadores))
#5 C:\xampp\htdocs\Food\system\CodeIgniter.php(326): CodeIgniter\CodeIgniter->handleRequest(NULL, Object(Config\Cache), false)
#6 C:\xampp\htdocs\Food\public\index.php(37): CodeIgniter\CodeIgniter->run()
#7 C:\xampp\htdocs\Food\system\Commands\Server\rewrite.php(43): require_once('C:\\xampp\\htdocs...')
#8 {main}
CRITICAL - 2025-07-08 12:22:28 --> Arquivo inválido: Admin/Entregadores/index.php
#0 C:\xampp\htdocs\Food\system\View\View.php(198): CodeIgniter\Exceptions\FrameworkException::forInvalidFile('Admin/Entregado...')
#1 C:\xampp\htdocs\Food\system\Common.php(1089): CodeIgniter\View\View->render('Admin/Entregado...', Array, true)
#2 C:\xampp\htdocs\Food\app\Controllers\Admin\Entregadores.php(25): view('Admin/Entregado...', Array)
#3 C:\xampp\htdocs\Food\system\CodeIgniter.php(832): App\Controllers\Admin\Entregadores->index()
#4 C:\xampp\htdocs\Food\system\CodeIgniter.php(419): CodeIgniter\CodeIgniter->runController(Object(App\Controllers\Admin\Entregadores))
#5 C:\xampp\htdocs\Food\system\CodeIgniter.php(326): CodeIgniter\CodeIgniter->handleRequest(NULL, Object(Config\Cache), false)
#6 C:\xampp\htdocs\Food\public\index.php(37): CodeIgniter\CodeIgniter->run()
#7 C:\xampp\htdocs\Food\system\Commands\Server\rewrite.php(43): require_once('C:\\xampp\\htdocs...')
#8 {main}
CRITICAL - 2025-07-08 12:24:09 --> Arquivo inválido: Admin/Entregadores/index.php
#0 C:\xampp\htdocs\Food\system\View\View.php(198): CodeIgniter\Exceptions\FrameworkException::forInvalidFile('Admin/Entregado...')
#1 C:\xampp\htdocs\Food\system\Common.php(1089): CodeIgniter\View\View->render('Admin/Entregado...', Array, true)
#2 C:\xampp\htdocs\Food\app\Controllers\Admin\Entregadores.php(25): view('Admin/Entregado...', Array)
#3 C:\xampp\htdocs\Food\system\CodeIgniter.php(832): App\Controllers\Admin\Entregadores->index()
#4 C:\xampp\htdocs\Food\system\CodeIgniter.php(419): CodeIgniter\CodeIgniter->runController(Object(App\Controllers\Admin\Entregadores))
#5 C:\xampp\htdocs\Food\system\CodeIgniter.php(326): CodeIgniter\CodeIgniter->handleRequest(NULL, Object(Config\Cache), false)
#6 C:\xampp\htdocs\Food\public\index.php(37): CodeIgniter\CodeIgniter->run()
#7 C:\xampp\htdocs\Food\system\Commands\Server\rewrite.php(43): require_once('C:\\xampp\\htdocs...')
#8 {main}
CRITICAL - 2025-07-08 12:24:25 --> Arquivo inválido: Admin/Entregadores/index.php
#0 C:\xampp\htdocs\Food\system\View\View.php(198): CodeIgniter\Exceptions\FrameworkException::forInvalidFile('Admin/Entregado...')
#1 C:\xampp\htdocs\Food\system\Common.php(1089): CodeIgniter\View\View->render('Admin/Entregado...', Array, true)
#2 C:\xampp\htdocs\Food\app\Controllers\Admin\Entregadores.php(25): view('Admin/Entregado...', Array)
#3 C:\xampp\htdocs\Food\system\CodeIgniter.php(832): App\Controllers\Admin\Entregadores->index()
#4 C:\xampp\htdocs\Food\system\CodeIgniter.php(419): CodeIgniter\CodeIgniter->runController(Object(App\Controllers\Admin\Entregadores))
#5 C:\xampp\htdocs\Food\system\CodeIgniter.php(326): CodeIgniter\CodeIgniter->handleRequest(NULL, Object(Config\Cache), false)
#6 C:\xampp\htdocs\Food\public\index.php(37): CodeIgniter\CodeIgniter->run()
#7 C:\xampp\htdocs\Food\system\Commands\Server\rewrite.php(43): require_once('C:\\xampp\\htdocs...')
#8 {main}
CRITICAL - 2025-07-08 12:24:43 --> Arquivo inválido: Admin/View/Entregadores/index.php
#0 C:\xampp\htdocs\Food\system\View\View.php(198): CodeIgniter\Exceptions\FrameworkException::forInvalidFile('Admin/View/Entr...')
#1 C:\xampp\htdocs\Food\system\Common.php(1089): CodeIgniter\View\View->render('Admin/View/Entr...', Array, true)
#2 C:\xampp\htdocs\Food\app\Controllers\Admin\Entregadores.php(25): view('Admin/View/Entr...', Array)
#3 C:\xampp\htdocs\Food\system\CodeIgniter.php(832): App\Controllers\Admin\Entregadores->index()
#4 C:\xampp\htdocs\Food\system\CodeIgniter.php(419): CodeIgniter\CodeIgniter->runController(Object(App\Controllers\Admin\Entregadores))
#5 C:\xampp\htdocs\Food\system\CodeIgniter.php(326): CodeIgniter\CodeIgniter->handleRequest(NULL, Object(Config\Cache), false)
#6 C:\xampp\htdocs\Food\public\index.php(37): CodeIgniter\CodeIgniter->run()
#7 C:\xampp\htdocs\Food\system\Commands\Server\rewrite.php(43): require_once('C:\\xampp\\htdocs...')
#8 {main}
CRITICAL - 2025-07-08 12:24:43 --> Arquivo inválido: Admin/View/Entregadores/index.php
#0 C:\xampp\htdocs\Food\system\View\View.php(198): CodeIgniter\Exceptions\FrameworkException::forInvalidFile('Admin/View/Entr...')
#1 C:\xampp\htdocs\Food\system\Common.php(1089): CodeIgniter\View\View->render('Admin/View/Entr...', Array, true)
#2 C:\xampp\htdocs\Food\app\Controllers\Admin\Entregadores.php(25): view('Admin/View/Entr...', Array)
#3 C:\xampp\htdocs\Food\system\CodeIgniter.php(832): App\Controllers\Admin\Entregadores->index()
#4 C:\xampp\htdocs\Food\system\CodeIgniter.php(419): CodeIgniter\CodeIgniter->runController(Object(App\Controllers\Admin\Entregadores))
#5 C:\xampp\htdocs\Food\system\CodeIgniter.php(326): CodeIgniter\CodeIgniter->handleRequest(NULL, Object(Config\Cache), false)
#6 C:\xampp\htdocs\Food\public\index.php(37): CodeIgniter\CodeIgniter->run()
#7 C:\xampp\htdocs\Food\system\Commands\Server\rewrite.php(43): require_once('C:\\xampp\\htdocs...')
#8 {main}
CRITICAL - 2025-07-08 12:24:44 --> Arquivo inválido: Admin/View/Entregadores/index.php
#0 C:\xampp\htdocs\Food\system\View\View.php(198): CodeIgniter\Exceptions\FrameworkException::forInvalidFile('Admin/View/Entr...')
#1 C:\xampp\htdocs\Food\system\Common.php(1089): CodeIgniter\View\View->render('Admin/View/Entr...', Array, true)
#2 C:\xampp\htdocs\Food\app\Controllers\Admin\Entregadores.php(25): view('Admin/View/Entr...', Array)
#3 C:\xampp\htdocs\Food\system\CodeIgniter.php(832): App\Controllers\Admin\Entregadores->index()
#4 C:\xampp\htdocs\Food\system\CodeIgniter.php(419): CodeIgniter\CodeIgniter->runController(Object(App\Controllers\Admin\Entregadores))
#5 C:\xampp\htdocs\Food\system\CodeIgniter.php(326): CodeIgniter\CodeIgniter->handleRequest(NULL, Object(Config\Cache), false)
#6 C:\xampp\htdocs\Food\public\index.php(37): CodeIgniter\CodeIgniter->run()
#7 C:\xampp\htdocs\Food\system\Commands\Server\rewrite.php(43): require_once('C:\\xampp\\htdocs...')
#8 {main}
CRITICAL - 2025-07-08 12:24:44 --> Arquivo inválido: Admin/View/Entregadores/index.php
#0 C:\xampp\htdocs\Food\system\View\View.php(198): CodeIgniter\Exceptions\FrameworkException::forInvalidFile('Admin/View/Entr...')
#1 C:\xampp\htdocs\Food\system\Common.php(1089): CodeIgniter\View\View->render('Admin/View/Entr...', Array, true)
#2 C:\xampp\htdocs\Food\app\Controllers\Admin\Entregadores.php(25): view('Admin/View/Entr...', Array)
#3 C:\xampp\htdocs\Food\system\CodeIgniter.php(832): App\Controllers\Admin\Entregadores->index()
#4 C:\xampp\htdocs\Food\system\CodeIgniter.php(419): CodeIgniter\CodeIgniter->runController(Object(App\Controllers\Admin\Entregadores))
#5 C:\xampp\htdocs\Food\system\CodeIgniter.php(326): CodeIgniter\CodeIgniter->handleRequest(NULL, Object(Config\Cache), false)
#6 C:\xampp\htdocs\Food\public\index.php(37): CodeIgniter\CodeIgniter->run()
#7 C:\xampp\htdocs\Food\system\Commands\Server\rewrite.php(43): require_once('C:\\xampp\\htdocs...')
#8 {main}
CRITICAL - 2025-07-08 12:25:06 --> Undefined variable $usuarios
#0 C:\xampp\htdocs\Food\app\Views\Admin\Usuarios\index.php(49): CodeIgniter\Debug\Exceptions->errorHandler(2, 'Undefined varia...', 'C:\\xampp\\htdocs...', 49)
#1 C:\xampp\htdocs\Food\system\View\View.php(210): include('C:\\xampp\\htdocs...')
#2 C:\xampp\htdocs\Food\system\View\View.php(213): CodeIgniter\View\View->CodeIgniter\View\{closure}()
#3 C:\xampp\htdocs\Food\system\Common.php(1089): CodeIgniter\View\View->render('Admin/Usuarios/...', Array, true)
#4 C:\xampp\htdocs\Food\app\Controllers\Admin\Entregadores.php(25): view('Admin/Usuarios/...', Array)
#5 C:\xampp\htdocs\Food\system\CodeIgniter.php(832): App\Controllers\Admin\Entregadores->index()
#6 C:\xampp\htdocs\Food\system\CodeIgniter.php(419): CodeIgniter\CodeIgniter->runController(Object(App\Controllers\Admin\Entregadores))
#7 C:\xampp\htdocs\Food\system\CodeIgniter.php(326): CodeIgniter\CodeIgniter->handleRequest(NULL, Object(Config\Cache), false)
#8 C:\xampp\htdocs\Food\public\index.php(37): CodeIgniter\CodeIgniter->run()
#9 C:\xampp\htdocs\Food\system\Commands\Server\rewrite.php(43): require_once('C:\\xampp\\htdocs...')
#10 {main}
CRITICAL - 2025-07-08 12:25:10 --> Undefined variable $usuarios
#0 C:\xampp\htdocs\Food\app\Views\Admin\Usuarios\index.php(49): CodeIgniter\Debug\Exceptions->errorHandler(2, 'Undefined varia...', 'C:\\xampp\\htdocs...', 49)
#1 C:\xampp\htdocs\Food\system\View\View.php(210): include('C:\\xampp\\htdocs...')
#2 C:\xampp\htdocs\Food\system\View\View.php(213): CodeIgniter\View\View->CodeIgniter\View\{closure}()
#3 C:\xampp\htdocs\Food\system\Common.php(1089): CodeIgniter\View\View->render('Admin/Usuarios/...', Array, true)
#4 C:\xampp\htdocs\Food\app\Controllers\Admin\Entregadores.php(25): view('Admin/Usuarios/...', Array)
#5 C:\xampp\htdocs\Food\system\CodeIgniter.php(832): App\Controllers\Admin\Entregadores->index()
#6 C:\xampp\htdocs\Food\system\CodeIgniter.php(419): CodeIgniter\CodeIgniter->runController(Object(App\Controllers\Admin\Entregadores))
#7 C:\xampp\htdocs\Food\system\CodeIgniter.php(326): CodeIgniter\CodeIgniter->handleRequest(NULL, Object(Config\Cache), false)
#8 C:\xampp\htdocs\Food\public\index.php(37): CodeIgniter\CodeIgniter->run()
#9 C:\xampp\htdocs\Food\system\Commands\Server\rewrite.php(43): require_once('C:\\xampp\\htdocs...')
#10 {main}
CRITICAL - 2025-07-08 12:25:14 --> Undefined variable $usuarios
#0 C:\xampp\htdocs\Food\app\Views\Admin\Usuarios\index.php(49): CodeIgniter\Debug\Exceptions->errorHandler(2, 'Undefined varia...', 'C:\\xampp\\htdocs...', 49)
#1 C:\xampp\htdocs\Food\system\View\View.php(210): include('C:\\xampp\\htdocs...')
#2 C:\xampp\htdocs\Food\system\View\View.php(213): CodeIgniter\View\View->CodeIgniter\View\{closure}()
#3 C:\xampp\htdocs\Food\system\Common.php(1089): CodeIgniter\View\View->render('Admin/Usuarios/...', Array, true)
#4 C:\xampp\htdocs\Food\app\Controllers\Admin\Entregadores.php(25): view('Admin/Usuarios/...', Array)
#5 C:\xampp\htdocs\Food\system\CodeIgniter.php(832): App\Controllers\Admin\Entregadores->index()
#6 C:\xampp\htdocs\Food\system\CodeIgniter.php(419): CodeIgniter\CodeIgniter->runController(Object(App\Controllers\Admin\Entregadores))
#7 C:\xampp\htdocs\Food\system\CodeIgniter.php(326): CodeIgniter\CodeIgniter->handleRequest(NULL, Object(Config\Cache), false)
#8 C:\xampp\htdocs\Food\public\index.php(37): CodeIgniter\CodeIgniter->run()
#9 C:\xampp\htdocs\Food\system\Commands\Server\rewrite.php(43): require_once('C:\\xampp\\htdocs...')
#10 {main}
CRITICAL - 2025-07-08 12:25:17 --> Undefined variable $usuarios
#0 C:\xampp\htdocs\Food\app\Views\Admin\Usuarios\index.php(49): CodeIgniter\Debug\Exceptions->errorHandler(2, 'Undefined varia...', 'C:\\xampp\\htdocs...', 49)
#1 C:\xampp\htdocs\Food\system\View\View.php(210): include('C:\\xampp\\htdocs...')
#2 C:\xampp\htdocs\Food\system\View\View.php(213): CodeIgniter\View\View->CodeIgniter\View\{closure}()
#3 C:\xampp\htdocs\Food\system\Common.php(1089): CodeIgniter\View\View->render('Admin/Usuarios/...', Array, true)
#4 C:\xampp\htdocs\Food\app\Controllers\Admin\Entregadores.php(25): view('Admin/Usuarios/...', Array)
#5 C:\xampp\htdocs\Food\system\CodeIgniter.php(832): App\Controllers\Admin\Entregadores->index()
#6 C:\xampp\htdocs\Food\system\CodeIgniter.php(419): CodeIgniter\CodeIgniter->runController(Object(App\Controllers\Admin\Entregadores))
#7 C:\xampp\htdocs\Food\system\CodeIgniter.php(326): CodeIgniter\CodeIgniter->handleRequest(NULL, Object(Config\Cache), false)
#8 C:\xampp\htdocs\Food\public\index.php(37): CodeIgniter\CodeIgniter->run()
#9 C:\xampp\htdocs\Food\system\Commands\Server\rewrite.php(43): require_once('C:\\xampp\\htdocs...')
#10 {main}
CRITICAL - 2025-07-08 12:25:52 --> Arquivo inválido: Admin/Entregadores/index.php
#0 C:\xampp\htdocs\Food\system\View\View.php(198): CodeIgniter\Exceptions\FrameworkException::forInvalidFile('Admin/Entregado...')
#1 C:\xampp\htdocs\Food\system\Common.php(1089): CodeIgniter\View\View->render('Admin/Entregado...', Array, true)
#2 C:\xampp\htdocs\Food\app\Controllers\Admin\Entregadores.php(25): view('Admin/Entregado...', Array)
#3 C:\xampp\htdocs\Food\system\CodeIgniter.php(832): App\Controllers\Admin\Entregadores->index()
#4 C:\xampp\htdocs\Food\system\CodeIgniter.php(419): CodeIgniter\CodeIgniter->runController(Object(App\Controllers\Admin\Entregadores))
#5 C:\xampp\htdocs\Food\system\CodeIgniter.php(326): CodeIgniter\CodeIgniter->handleRequest(NULL, Object(Config\Cache), false)
#6 C:\xampp\htdocs\Food\public\index.php(37): CodeIgniter\CodeIgniter->run()
#7 C:\xampp\htdocs\Food\system\Commands\Server\rewrite.php(43): require_once('C:\\xampp\\htdocs...')
#8 {main}
CRITICAL - 2025-07-08 12:26:10 --> Arquivo inválido: Admin/Entregadores/index.php
#0 C:\xampp\htdocs\Food\system\View\View.php(198): CodeIgniter\Exceptions\FrameworkException::forInvalidFile('Admin/Entregado...')
#1 C:\xampp\htdocs\Food\system\Common.php(1089): CodeIgniter\View\View->render('Admin/Entregado...', Array, true)
#2 C:\xampp\htdocs\Food\app\Controllers\Admin\Entregadores.php(25): view('Admin/Entregado...', Array)
#3 C:\xampp\htdocs\Food\system\CodeIgniter.php(832): App\Controllers\Admin\Entregadores->index()
#4 C:\xampp\htdocs\Food\system\CodeIgniter.php(419): CodeIgniter\CodeIgniter->runController(Object(App\Controllers\Admin\Entregadores))
#5 C:\xampp\htdocs\Food\system\CodeIgniter.php(326): CodeIgniter\CodeIgniter->handleRequest(NULL, Object(Config\Cache), false)
#6 C:\xampp\htdocs\Food\public\index.php(37): CodeIgniter\CodeIgniter->run()
#7 C:\xampp\htdocs\Food\system\Commands\Server\rewrite.php(43): require_once('C:\\xampp\\htdocs...')
#8 {main}
CRITICAL - 2025-07-08 12:26:15 --> Arquivo inválido: Admin/Entregadores/index.php
#0 C:\xampp\htdocs\Food\system\View\View.php(198): CodeIgniter\Exceptions\FrameworkException::forInvalidFile('Admin/Entregado...')
#1 C:\xampp\htdocs\Food\system\Common.php(1089): CodeIgniter\View\View->render('Admin/Entregado...', Array, true)
#2 C:\xampp\htdocs\Food\app\Controllers\Admin\Entregadores.php(25): view('Admin/Entregado...', Array)
#3 C:\xampp\htdocs\Food\system\CodeIgniter.php(832): App\Controllers\Admin\Entregadores->index()
#4 C:\xampp\htdocs\Food\system\CodeIgniter.php(419): CodeIgniter\CodeIgniter->runController(Object(App\Controllers\Admin\Entregadores))
#5 C:\xampp\htdocs\Food\system\CodeIgniter.php(326): CodeIgniter\CodeIgniter->handleRequest(NULL, Object(Config\Cache), false)
#6 C:\xampp\htdocs\Food\public\index.php(37): CodeIgniter\CodeIgniter->run()
#7 C:\xampp\htdocs\Food\system\Commands\Server\rewrite.php(43): require_once('C:\\xampp\\htdocs...')
#8 {main}
CRITICAL - 2025-07-08 12:27:51 --> Arquivo inválido: Admin/Entregadores/index.php
#0 C:\xampp\htdocs\Food\system\View\View.php(198): CodeIgniter\Exceptions\FrameworkException::forInvalidFile('Admin/Entregado...')
#1 C:\xampp\htdocs\Food\system\Common.php(1089): CodeIgniter\View\View->render('Admin/Entregado...', Array, true)
#2 C:\xampp\htdocs\Food\app\Controllers\Admin\Entregadores.php(25): view('Admin/Entregado...', Array)
#3 C:\xampp\htdocs\Food\system\CodeIgniter.php(832): App\Controllers\Admin\Entregadores->index()
#4 C:\xampp\htdocs\Food\system\CodeIgniter.php(419): CodeIgniter\CodeIgniter->runController(Object(App\Controllers\Admin\Entregadores))
#5 C:\xampp\htdocs\Food\system\CodeIgniter.php(326): CodeIgniter\CodeIgniter->handleRequest(NULL, Object(Config\Cache), false)
#6 C:\xampp\htdocs\Food\public\index.php(37): CodeIgniter\CodeIgniter->run()
#7 C:\xampp\htdocs\Food\system\Commands\Server\rewrite.php(43): require_once('C:\\xampp\\htdocs...')
#8 {main}
CRITICAL - 2025-07-08 12:27:51 --> Arquivo inválido: Admin/Entregadores/index.php
#0 C:\xampp\htdocs\Food\system\View\View.php(198): CodeIgniter\Exceptions\FrameworkException::forInvalidFile('Admin/Entregado...')
#1 C:\xampp\htdocs\Food\system\Common.php(1089): CodeIgniter\View\View->render('Admin/Entregado...', Array, true)
#2 C:\xampp\htdocs\Food\app\Controllers\Admin\Entregadores.php(25): view('Admin/Entregado...', Array)
#3 C:\xampp\htdocs\Food\system\CodeIgniter.php(832): App\Controllers\Admin\Entregadores->index()
#4 C:\xampp\htdocs\Food\system\CodeIgniter.php(419): CodeIgniter\CodeIgniter->runController(Object(App\Controllers\Admin\Entregadores))
#5 C:\xampp\htdocs\Food\system\CodeIgniter.php(326): CodeIgniter\CodeIgniter->handleRequest(NULL, Object(Config\Cache), false)
#6 C:\xampp\htdocs\Food\public\index.php(37): CodeIgniter\CodeIgniter->run()
#7 C:\xampp\htdocs\Food\system\Commands\Server\rewrite.php(43): require_once('C:\\xampp\\htdocs...')
#8 {main}
CRITICAL - 2025-07-08 12:27:53 --> Arquivo inválido: Admin/Entregadores/index.php
#0 C:\xampp\htdocs\Food\system\View\View.php(198): CodeIgniter\Exceptions\FrameworkException::forInvalidFile('Admin/Entregado...')
#1 C:\xampp\htdocs\Food\system\Common.php(1089): CodeIgniter\View\View->render('Admin/Entregado...', Array, true)
#2 C:\xampp\htdocs\Food\app\Controllers\Admin\Entregadores.php(25): view('Admin/Entregado...', Array)
#3 C:\xampp\htdocs\Food\system\CodeIgniter.php(832): App\Controllers\Admin\Entregadores->index()
#4 C:\xampp\htdocs\Food\system\CodeIgniter.php(419): CodeIgniter\CodeIgniter->runController(Object(App\Controllers\Admin\Entregadores))
#5 C:\xampp\htdocs\Food\system\CodeIgniter.php(326): CodeIgniter\CodeIgniter->handleRequest(NULL, Object(Config\Cache), false)
#6 C:\xampp\htdocs\Food\public\index.php(37): CodeIgniter\CodeIgniter->run()
#7 C:\xampp\htdocs\Food\system\Commands\Server\rewrite.php(43): require_once('C:\\xampp\\htdocs...')
#8 {main}
CRITICAL - 2025-07-08 12:28:57 --> Arquivo inválido: Admin/Entregadores/index.php
#0 C:\xampp\htdocs\Food\system\View\View.php(198): CodeIgniter\Exceptions\FrameworkException::forInvalidFile('Admin/Entregado...')
#1 C:\xampp\htdocs\Food\system\Common.php(1089): CodeIgniter\View\View->render('Admin/Entregado...', Array, true)
#2 C:\xampp\htdocs\Food\app\Controllers\Admin\Entregadores.php(25): view('Admin/Entregado...', Array)
#3 C:\xampp\htdocs\Food\system\CodeIgniter.php(832): App\Controllers\Admin\Entregadores->index()
#4 C:\xampp\htdocs\Food\system\CodeIgniter.php(419): CodeIgniter\CodeIgniter->runController(Object(App\Controllers\Admin\Entregadores))
#5 C:\xampp\htdocs\Food\system\CodeIgniter.php(326): CodeIgniter\CodeIgniter->handleRequest(NULL, Object(Config\Cache), false)
#6 C:\xampp\htdocs\Food\public\index.php(37): CodeIgniter\CodeIgniter->run()
#7 C:\xampp\htdocs\Food\system\Commands\Server\rewrite.php(43): require_once('C:\\xampp\\htdocs...')
#8 {main}
CRITICAL - 2025-07-08 12:57:58 --> Arquivo inválido: Admin/entregadores/show.php
#0 C:\xampp\htdocs\Food\system\View\View.php(198): CodeIgniter\Exceptions\FrameworkException::forInvalidFile('Admin/entregado...')
#1 C:\xampp\htdocs\Food\system\Common.php(1089): CodeIgniter\View\View->render('Admin/entregado...', Array, true)
#2 C:\xampp\htdocs\Food\app\Controllers\Admin\Entregadores.php(55): view('Admin/entregado...', Array)
#3 C:\xampp\htdocs\Food\system\CodeIgniter.php(832): App\Controllers\Admin\Entregadores->show('1')
#4 C:\xampp\htdocs\Food\system\CodeIgniter.php(419): CodeIgniter\CodeIgniter->runController(Object(App\Controllers\Admin\Entregadores))
#5 C:\xampp\htdocs\Food\system\CodeIgniter.php(326): CodeIgniter\CodeIgniter->handleRequest(NULL, Object(Config\Cache), false)
#6 C:\xampp\htdocs\Food\public\index.php(37): CodeIgniter\CodeIgniter->run()
#7 C:\xampp\htdocs\Food\system\Commands\Server\rewrite.php(43): require_once('C:\\xampp\\htdocs...')
#8 {main}
CRITICAL - 2025-07-08 13:00:13 --> Arquivo inválido: Admin/entregadores/show.php
#0 C:\xampp\htdocs\Food\system\View\View.php(198): CodeIgniter\Exceptions\FrameworkException::forInvalidFile('Admin/entregado...')
#1 C:\xampp\htdocs\Food\system\Common.php(1089): CodeIgniter\View\View->render('Admin/entregado...', Array, true)
#2 C:\xampp\htdocs\Food\app\Controllers\Admin\Entregadores.php(55): view('Admin/entregado...', Array)
#3 C:\xampp\htdocs\Food\system\CodeIgniter.php(832): App\Controllers\Admin\Entregadores->show('1')
#4 C:\xampp\htdocs\Food\system\CodeIgniter.php(419): CodeIgniter\CodeIgniter->runController(Object(App\Controllers\Admin\Entregadores))
#5 C:\xampp\htdocs\Food\system\CodeIgniter.php(326): CodeIgniter\CodeIgniter->handleRequest(NULL, Object(Config\Cache), false)
#6 C:\xampp\htdocs\Food\public\index.php(37): CodeIgniter\CodeIgniter->run()
#7 C:\xampp\htdocs\Food\system\Commands\Server\rewrite.php(43): require_once('C:\\xampp\\htdocs...')
#8 {main}
CRITICAL - 2025-07-08 13:13:23 --> Arquivo inválido: Admin/entregadores/show.php
#0 C:\xampp\htdocs\Food\system\View\View.php(198): CodeIgniter\Exceptions\FrameworkException::forInvalidFile('Admin/entregado...')
#1 C:\xampp\htdocs\Food\system\Common.php(1089): CodeIgniter\View\View->render('Admin/entregado...', Array, true)
#2 C:\xampp\htdocs\Food\app\Controllers\Admin\Entregadores.php(55): view('Admin/entregado...', Array)
#3 C:\xampp\htdocs\Food\system\CodeIgniter.php(832): App\Controllers\Admin\Entregadores->show('1')
#4 C:\xampp\htdocs\Food\system\CodeIgniter.php(419): CodeIgniter\CodeIgniter->runController(Object(App\Controllers\Admin\Entregadores))
#5 C:\xampp\htdocs\Food\system\CodeIgniter.php(326): CodeIgniter\CodeIgniter->handleRequest(NULL, Object(Config\Cache), false)
#6 C:\xampp\htdocs\Food\public\index.php(37): CodeIgniter\CodeIgniter->run()
#7 C:\xampp\htdocs\Food\system\Commands\Server\rewrite.php(43): require_once('C:\\xampp\\htdocs...')
#8 {main}
CRITICAL - 2025-07-08 13:15:49 --> Arquivo inválido: Admin/entregadores/show.php
#0 C:\xampp\htdocs\Food\system\View\View.php(198): CodeIgniter\Exceptions\FrameworkException::forInvalidFile('Admin/entregado...')
#1 C:\xampp\htdocs\Food\system\Common.php(1089): CodeIgniter\View\View->render('Admin/entregado...', Array, true)
#2 C:\xampp\htdocs\Food\app\Controllers\Admin\Entregadores.php(55): view('Admin/entregado...', Array)
#3 C:\xampp\htdocs\Food\system\CodeIgniter.php(832): App\Controllers\Admin\Entregadores->show('1')
#4 C:\xampp\htdocs\Food\system\CodeIgniter.php(419): CodeIgniter\CodeIgniter->runController(Object(App\Controllers\Admin\Entregadores))
#5 C:\xampp\htdocs\Food\system\CodeIgniter.php(326): CodeIgniter\CodeIgniter->handleRequest(NULL, Object(Config\Cache), false)
#6 C:\xampp\htdocs\Food\public\index.php(37): CodeIgniter\CodeIgniter->run()
#7 C:\xampp\htdocs\Food\system\Commands\Server\rewrite.php(43): require_once('C:\\xampp\\htdocs...')
#8 {main}
CRITICAL - 2025-07-08 13:33:15 --> Undefined variable $produto
#0 C:\xampp\htdocs\Food\app\Views\Admin\Entregadores\show.php(20): CodeIgniter\Debug\Exceptions->errorHandler(2, 'Undefined varia...', 'C:\\xampp\\htdocs...', 20)
#1 C:\xampp\htdocs\Food\system\View\View.php(210): include('C:\\xampp\\htdocs...')
#2 C:\xampp\htdocs\Food\system\View\View.php(213): CodeIgniter\View\View->CodeIgniter\View\{closure}()
#3 C:\xampp\htdocs\Food\system\Common.php(1089): CodeIgniter\View\View->render('Admin/entregado...', Array, true)
#4 C:\xampp\htdocs\Food\app\Controllers\Admin\Entregadores.php(55): view('Admin/entregado...', Array)
#5 C:\xampp\htdocs\Food\system\CodeIgniter.php(832): App\Controllers\Admin\Entregadores->show('1')
#6 C:\xampp\htdocs\Food\system\CodeIgniter.php(419): CodeIgniter\CodeIgniter->runController(Object(App\Controllers\Admin\Entregadores))
#7 C:\xampp\htdocs\Food\system\CodeIgniter.php(326): CodeIgniter\CodeIgniter->handleRequest(NULL, Object(Config\Cache), false)
#8 C:\xampp\htdocs\Food\public\index.php(37): CodeIgniter\CodeIgniter->run()
#9 C:\xampp\htdocs\Food\system\Commands\Server\rewrite.php(43): require_once('C:\\xampp\\htdocs...')
#10 {main}
CRITICAL - 2025-07-08 18:59:15 --> Arquivo inválido: Admin/entregadores/editar_imagem.php
#0 C:\xampp\htdocs\Food\system\View\View.php(198): CodeIgniter\Exceptions\FrameworkException::forInvalidFile('Admin/entregado...')
#1 C:\xampp\htdocs\Food\system\Common.php(1089): CodeIgniter\View\View->render('Admin/entregado...', Array, true)
#2 C:\xampp\htdocs\Food\app\Controllers\Admin\Entregadores.php(120): view('Admin/entregado...', Array)
#3 C:\xampp\htdocs\Food\system\CodeIgniter.php(832): App\Controllers\Admin\Entregadores->editarimagem('1')
#4 C:\xampp\htdocs\Food\system\CodeIgniter.php(419): CodeIgniter\CodeIgniter->runController(Object(App\Controllers\Admin\Entregadores))
#5 C:\xampp\htdocs\Food\system\CodeIgniter.php(326): CodeIgniter\CodeIgniter->handleRequest(NULL, Object(Config\Cache), false)
#6 C:\xampp\htdocs\Food\public\index.php(37): CodeIgniter\CodeIgniter->run()
#7 C:\xampp\htdocs\Food\system\Commands\Server\rewrite.php(43): require_once('C:\\xampp\\htdocs...')
#8 {main}
CRITICAL - 2025-07-08 19:14:45 --> Arquivo inválido: Admin/entregadores/editar_imagem.php
#0 C:\xampp\htdocs\Food\system\View\View.php(198): CodeIgniter\Exceptions\FrameworkException::forInvalidFile('Admin/entregado...')
#1 C:\xampp\htdocs\Food\system\Common.php(1089): CodeIgniter\View\View->render('Admin/entregado...', Array, true)
#2 C:\xampp\htdocs\Food\app\Controllers\Admin\Entregadores.php(120): view('Admin/entregado...', Array)
#3 C:\xampp\htdocs\Food\system\CodeIgniter.php(832): App\Controllers\Admin\Entregadores->editarimagem('1')
#4 C:\xampp\htdocs\Food\system\CodeIgniter.php(419): CodeIgniter\CodeIgniter->runController(Object(App\Controllers\Admin\Entregadores))
#5 C:\xampp\htdocs\Food\system\CodeIgniter.php(326): CodeIgniter\CodeIgniter->handleRequest(NULL, Object(Config\Cache), false)
#6 C:\xampp\htdocs\Food\public\index.php(37): CodeIgniter\CodeIgniter->run()
#7 C:\xampp\htdocs\Food\system\Commands\Server\rewrite.php(43): require_once('C:\\xampp\\htdocs...')
#8 {main}
CRITICAL - 2025-07-08 19:15:58 --> Undefined variable $usuario
#0 C:\xampp\htdocs\Food\app\Views\Admin\Entregadores\editar.php(79): CodeIgniter\Debug\Exceptions->errorHandler(2, 'Undefined varia...', 'C:\\xampp\\htdocs...', 79)
#1 C:\xampp\htdocs\Food\system\View\View.php(210): include('C:\\xampp\\htdocs...')
#2 C:\xampp\htdocs\Food\system\View\View.php(213): CodeIgniter\View\View->CodeIgniter\View\{closure}()
#3 C:\xampp\htdocs\Food\system\Common.php(1089): CodeIgniter\View\View->render('Admin/entregado...', Array, true)
#4 C:\xampp\htdocs\Food\app\Controllers\Admin\Entregadores.php(69): view('Admin/entregado...', Array)
#5 C:\xampp\htdocs\Food\system\CodeIgniter.php(832): App\Controllers\Admin\Entregadores->editar('1')
#6 C:\xampp\htdocs\Food\system\CodeIgniter.php(419): CodeIgniter\CodeIgniter->runController(Object(App\Controllers\Admin\Entregadores))
#7 C:\xampp\htdocs\Food\system\CodeIgniter.php(326): CodeIgniter\CodeIgniter->handleRequest(NULL, Object(Config\Cache), false)
#8 C:\xampp\htdocs\Food\public\index.php(37): CodeIgniter\CodeIgniter->run()
#9 C:\xampp\htdocs\Food\system\Commands\Server\rewrite.php(43): require_once('C:\\xampp\\htdocs...')
#10 {main}
CRITICAL - 2025-07-08 19:20:23 --> Undefined variable $produto
#0 C:\xampp\htdocs\Food\app\Views\Admin\Entregadores\editar.php(85): CodeIgniter\Debug\Exceptions->errorHandler(2, 'Undefined varia...', 'C:\\xampp\\htdocs...', 85)
#1 C:\xampp\htdocs\Food\system\View\View.php(210): include('C:\\xampp\\htdocs...')
#2 C:\xampp\htdocs\Food\system\View\View.php(213): CodeIgniter\View\View->CodeIgniter\View\{closure}()
#3 C:\xampp\htdocs\Food\system\Common.php(1089): CodeIgniter\View\View->render('Admin/entregado...', Array, true)
#4 C:\xampp\htdocs\Food\app\Controllers\Admin\Entregadores.php(69): view('Admin/entregado...', Array)
#5 C:\xampp\htdocs\Food\system\CodeIgniter.php(832): App\Controllers\Admin\Entregadores->editar('1')
#6 C:\xampp\htdocs\Food\system\CodeIgniter.php(419): CodeIgniter\CodeIgniter->runController(Object(App\Controllers\Admin\Entregadores))
#7 C:\xampp\htdocs\Food\system\CodeIgniter.php(326): CodeIgniter\CodeIgniter->handleRequest(NULL, Object(Config\Cache), false)
#8 C:\xampp\htdocs\Food\public\index.php(37): CodeIgniter\CodeIgniter->run()
#9 C:\xampp\htdocs\Food\system\Commands\Server\rewrite.php(43): require_once('C:\\xampp\\htdocs...')
#10 {main}
CRITICAL - 2025-07-08 19:20:39 --> Undefined variable $usuario
#0 C:\xampp\htdocs\Food\app\Views\Admin\Entregadores\form.php(5): CodeIgniter\Debug\Exceptions->errorHandler(2, 'Undefined varia...', 'C:\\xampp\\htdocs...', 5)
#1 C:\xampp\htdocs\Food\system\View\View.php(210): include('C:\\xampp\\htdocs...')
#2 C:\xampp\htdocs\Food\system\View\View.php(213): CodeIgniter\View\View->CodeIgniter\View\{closure}()
#3 C:\xampp\htdocs\Food\system\View\View.php(424): CodeIgniter\View\View->render('Admin/entregado...', NULL, true)
#4 C:\xampp\htdocs\Food\app\Views\Admin\Entregadores\editar.php(86): CodeIgniter\View\View->include('Admin/entregado...')
#5 C:\xampp\htdocs\Food\system\View\View.php(210): include('C:\\xampp\\htdocs...')
#6 C:\xampp\htdocs\Food\system\View\View.php(213): CodeIgniter\View\View->CodeIgniter\View\{closure}()
#7 C:\xampp\htdocs\Food\system\Common.php(1089): CodeIgniter\View\View->render('Admin/entregado...', Array, true)
#8 C:\xampp\htdocs\Food\app\Controllers\Admin\Entregadores.php(69): view('Admin/entregado...', Array)
#9 C:\xampp\htdocs\Food\system\CodeIgniter.php(832): App\Controllers\Admin\Entregadores->editar('1')
#10 C:\xampp\htdocs\Food\system\CodeIgniter.php(419): CodeIgniter\CodeIgniter->runController(Object(App\Controllers\Admin\Entregadores))
#11 C:\xampp\htdocs\Food\system\CodeIgniter.php(326): CodeIgniter\CodeIgniter->handleRequest(NULL, Object(Config\Cache), false)
#12 C:\xampp\htdocs\Food\public\index.php(37): CodeIgniter\CodeIgniter->run()
#13 C:\xampp\htdocs\Food\system\Commands\Server\rewrite.php(43): require_once('C:\\xampp\\htdocs...')
#14 {main}
CRITICAL - 2025-07-08 19:20:51 --> Undefined variable $usuario
#0 C:\xampp\htdocs\Food\app\Views\Admin\Entregadores\form.php(5): CodeIgniter\Debug\Exceptions->errorHandler(2, 'Undefined varia...', 'C:\\xampp\\htdocs...', 5)
#1 C:\xampp\htdocs\Food\system\View\View.php(210): include('C:\\xampp\\htdocs...')
#2 C:\xampp\htdocs\Food\system\View\View.php(213): CodeIgniter\View\View->CodeIgniter\View\{closure}()
#3 C:\xampp\htdocs\Food\system\View\View.php(424): CodeIgniter\View\View->render('Admin/Entregado...', NULL, true)
#4 C:\xampp\htdocs\Food\app\Views\Admin\Entregadores\editar.php(86): CodeIgniter\View\View->include('Admin/Entregado...')
#5 C:\xampp\htdocs\Food\system\View\View.php(210): include('C:\\xampp\\htdocs...')
#6 C:\xampp\htdocs\Food\system\View\View.php(213): CodeIgniter\View\View->CodeIgniter\View\{closure}()
#7 C:\xampp\htdocs\Food\system\Common.php(1089): CodeIgniter\View\View->render('Admin/entregado...', Array, true)
#8 C:\xampp\htdocs\Food\app\Controllers\Admin\Entregadores.php(69): view('Admin/entregado...', Array)
#9 C:\xampp\htdocs\Food\system\CodeIgniter.php(832): App\Controllers\Admin\Entregadores->editar('1')
#10 C:\xampp\htdocs\Food\system\CodeIgniter.php(419): CodeIgniter\CodeIgniter->runController(Object(App\Controllers\Admin\Entregadores))
#11 C:\xampp\htdocs\Food\system\CodeIgniter.php(326): CodeIgniter\CodeIgniter->handleRequest(NULL, Object(Config\Cache), false)
#12 C:\xampp\htdocs\Food\public\index.php(37): CodeIgniter\CodeIgniter->run()
#13 C:\xampp\htdocs\Food\system\Commands\Server\rewrite.php(43): require_once('C:\\xampp\\htdocs...')
#14 {main}
CRITICAL - 2025-07-08 19:23:51 --> Undefined variable $usuario
#0 C:\xampp\htdocs\Food\app\Views\Admin\Entregadores\editar.php(26): CodeIgniter\Debug\Exceptions->errorHandler(2, 'Undefined varia...', 'C:\\xampp\\htdocs...', 26)
#1 C:\xampp\htdocs\Food\system\View\View.php(210): include('C:\\xampp\\htdocs...')
#2 C:\xampp\htdocs\Food\system\View\View.php(213): CodeIgniter\View\View->CodeIgniter\View\{closure}()
#3 C:\xampp\htdocs\Food\system\Common.php(1089): CodeIgniter\View\View->render('Admin/entregado...', Array, true)
#4 C:\xampp\htdocs\Food\app\Controllers\Admin\Entregadores.php(69): view('Admin/entregado...', Array)
#5 C:\xampp\htdocs\Food\system\CodeIgniter.php(832): App\Controllers\Admin\Entregadores->editar('1')
#6 C:\xampp\htdocs\Food\system\CodeIgniter.php(419): CodeIgniter\CodeIgniter->runController(Object(App\Controllers\Admin\Entregadores))
#7 C:\xampp\htdocs\Food\system\CodeIgniter.php(326): CodeIgniter\CodeIgniter->handleRequest(NULL, Object(Config\Cache), false)
#8 C:\xampp\htdocs\Food\public\index.php(37): CodeIgniter\CodeIgniter->run()
#9 C:\xampp\htdocs\Food\system\Commands\Server\rewrite.php(43): require_once('C:\\xampp\\htdocs...')
#10 {main}
CRITICAL - 2025-07-08 19:24:13 --> Undefined variable $usuario
#0 C:\xampp\htdocs\Food\app\Views\Admin\Entregadores\editar.php(26): CodeIgniter\Debug\Exceptions->errorHandler(2, 'Undefined varia...', 'C:\\xampp\\htdocs...', 26)
#1 C:\xampp\htdocs\Food\system\View\View.php(210): include('C:\\xampp\\htdocs...')
#2 C:\xampp\htdocs\Food\system\View\View.php(213): CodeIgniter\View\View->CodeIgniter\View\{closure}()
#3 C:\xampp\htdocs\Food\system\Common.php(1089): CodeIgniter\View\View->render('Admin/entregado...', Array, true)
#4 C:\xampp\htdocs\Food\app\Controllers\Admin\Entregadores.php(69): view('Admin/entregado...', Array)
#5 C:\xampp\htdocs\Food\system\CodeIgniter.php(832): App\Controllers\Admin\Entregadores->editar('1')
#6 C:\xampp\htdocs\Food\system\CodeIgniter.php(419): CodeIgniter\CodeIgniter->runController(Object(App\Controllers\Admin\Entregadores))
#7 C:\xampp\htdocs\Food\system\CodeIgniter.php(326): CodeIgniter\CodeIgniter->handleRequest(NULL, Object(Config\Cache), false)
#8 C:\xampp\htdocs\Food\public\index.php(37): CodeIgniter\CodeIgniter->run()
#9 C:\xampp\htdocs\Food\system\Commands\Server\rewrite.php(43): require_once('C:\\xampp\\htdocs...')
#10 {main}
CRITICAL - 2025-07-08 19:24:14 --> Undefined variable $usuario
#0 C:\xampp\htdocs\Food\app\Views\Admin\Entregadores\editar.php(26): CodeIgniter\Debug\Exceptions->errorHandler(2, 'Undefined varia...', 'C:\\xampp\\htdocs...', 26)
#1 C:\xampp\htdocs\Food\system\View\View.php(210): include('C:\\xampp\\htdocs...')
#2 C:\xampp\htdocs\Food\system\View\View.php(213): CodeIgniter\View\View->CodeIgniter\View\{closure}()
#3 C:\xampp\htdocs\Food\system\Common.php(1089): CodeIgniter\View\View->render('Admin/entregado...', Array, true)
#4 C:\xampp\htdocs\Food\app\Controllers\Admin\Entregadores.php(69): view('Admin/entregado...', Array)
#5 C:\xampp\htdocs\Food\system\CodeIgniter.php(832): App\Controllers\Admin\Entregadores->editar('1')
#6 C:\xampp\htdocs\Food\system\CodeIgniter.php(419): CodeIgniter\CodeIgniter->runController(Object(App\Controllers\Admin\Entregadores))
#7 C:\xampp\htdocs\Food\system\CodeIgniter.php(326): CodeIgniter\CodeIgniter->handleRequest(NULL, Object(Config\Cache), false)
#8 C:\xampp\htdocs\Food\public\index.php(37): CodeIgniter\CodeIgniter->run()
#9 C:\xampp\htdocs\Food\system\Commands\Server\rewrite.php(43): require_once('C:\\xampp\\htdocs...')
#10 {main}
CRITICAL - 2025-07-08 19:24:14 --> Undefined variable $usuario
#0 C:\xampp\htdocs\Food\app\Views\Admin\Entregadores\editar.php(26): CodeIgniter\Debug\Exceptions->errorHandler(2, 'Undefined varia...', 'C:\\xampp\\htdocs...', 26)
#1 C:\xampp\htdocs\Food\system\View\View.php(210): include('C:\\xampp\\htdocs...')
#2 C:\xampp\htdocs\Food\system\View\View.php(213): CodeIgniter\View\View->CodeIgniter\View\{closure}()
#3 C:\xampp\htdocs\Food\system\Common.php(1089): CodeIgniter\View\View->render('Admin/entregado...', Array, true)
#4 C:\xampp\htdocs\Food\app\Controllers\Admin\Entregadores.php(69): view('Admin/entregado...', Array)
#5 C:\xampp\htdocs\Food\system\CodeIgniter.php(832): App\Controllers\Admin\Entregadores->editar('1')
#6 C:\xampp\htdocs\Food\system\CodeIgniter.php(419): CodeIgniter\CodeIgniter->runController(Object(App\Controllers\Admin\Entregadores))
#7 C:\xampp\htdocs\Food\system\CodeIgniter.php(326): CodeIgniter\CodeIgniter->handleRequest(NULL, Object(Config\Cache), false)
#8 C:\xampp\htdocs\Food\public\index.php(37): CodeIgniter\CodeIgniter->run()
#9 C:\xampp\htdocs\Food\system\Commands\Server\rewrite.php(43): require_once('C:\\xampp\\htdocs...')
#10 {main}
CRITICAL - 2025-07-08 19:24:15 --> Undefined variable $usuario
#0 C:\xampp\htdocs\Food\app\Views\Admin\Entregadores\editar.php(26): CodeIgniter\Debug\Exceptions->errorHandler(2, 'Undefined varia...', 'C:\\xampp\\htdocs...', 26)
#1 C:\xampp\htdocs\Food\system\View\View.php(210): include('C:\\xampp\\htdocs...')
#2 C:\xampp\htdocs\Food\system\View\View.php(213): CodeIgniter\View\View->CodeIgniter\View\{closure}()
#3 C:\xampp\htdocs\Food\system\Common.php(1089): CodeIgniter\View\View->render('Admin/entregado...', Array, true)
#4 C:\xampp\htdocs\Food\app\Controllers\Admin\Entregadores.php(69): view('Admin/entregado...', Array)
#5 C:\xampp\htdocs\Food\system\CodeIgniter.php(832): App\Controllers\Admin\Entregadores->editar('1')
#6 C:\xampp\htdocs\Food\system\CodeIgniter.php(419): CodeIgniter\CodeIgniter->runController(Object(App\Controllers\Admin\Entregadores))
#7 C:\xampp\htdocs\Food\system\CodeIgniter.php(326): CodeIgniter\CodeIgniter->handleRequest(NULL, Object(Config\Cache), false)
#8 C:\xampp\htdocs\Food\public\index.php(37): CodeIgniter\CodeIgniter->run()
#9 C:\xampp\htdocs\Food\system\Commands\Server\rewrite.php(43): require_once('C:\\xampp\\htdocs...')
#10 {main}
CRITICAL - 2025-07-08 19:24:15 --> Undefined variable $usuario
#0 C:\xampp\htdocs\Food\app\Views\Admin\Entregadores\editar.php(26): CodeIgniter\Debug\Exceptions->errorHandler(2, 'Undefined varia...', 'C:\\xampp\\htdocs...', 26)
#1 C:\xampp\htdocs\Food\system\View\View.php(210): include('C:\\xampp\\htdocs...')
#2 C:\xampp\htdocs\Food\system\View\View.php(213): CodeIgniter\View\View->CodeIgniter\View\{closure}()
#3 C:\xampp\htdocs\Food\system\Common.php(1089): CodeIgniter\View\View->render('Admin/entregado...', Array, true)
#4 C:\xampp\htdocs\Food\app\Controllers\Admin\Entregadores.php(69): view('Admin/entregado...', Array)
#5 C:\xampp\htdocs\Food\system\CodeIgniter.php(832): App\Controllers\Admin\Entregadores->editar('1')
#6 C:\xampp\htdocs\Food\system\CodeIgniter.php(419): CodeIgniter\CodeIgniter->runController(Object(App\Controllers\Admin\Entregadores))
#7 C:\xampp\htdocs\Food\system\CodeIgniter.php(326): CodeIgniter\CodeIgniter->handleRequest(NULL, Object(Config\Cache), false)
#8 C:\xampp\htdocs\Food\public\index.php(37): CodeIgniter\CodeIgniter->run()
#9 C:\xampp\htdocs\Food\system\Commands\Server\rewrite.php(43): require_once('C:\\xampp\\htdocs...')
#10 {main}
CRITICAL - 2025-07-08 19:24:15 --> Undefined variable $usuario
#0 C:\xampp\htdocs\Food\app\Views\Admin\Entregadores\editar.php(26): CodeIgniter\Debug\Exceptions->errorHandler(2, 'Undefined varia...', 'C:\\xampp\\htdocs...', 26)
#1 C:\xampp\htdocs\Food\system\View\View.php(210): include('C:\\xampp\\htdocs...')
#2 C:\xampp\htdocs\Food\system\View\View.php(213): CodeIgniter\View\View->CodeIgniter\View\{closure}()
#3 C:\xampp\htdocs\Food\system\Common.php(1089): CodeIgniter\View\View->render('Admin/entregado...', Array, true)
#4 C:\xampp\htdocs\Food\app\Controllers\Admin\Entregadores.php(69): view('Admin/entregado...', Array)
#5 C:\xampp\htdocs\Food\system\CodeIgniter.php(832): App\Controllers\Admin\Entregadores->editar('1')
#6 C:\xampp\htdocs\Food\system\CodeIgniter.php(419): CodeIgniter\CodeIgniter->runController(Object(App\Controllers\Admin\Entregadores))
#7 C:\xampp\htdocs\Food\system\CodeIgniter.php(326): CodeIgniter\CodeIgniter->handleRequest(NULL, Object(Config\Cache), false)
#8 C:\xampp\htdocs\Food\public\index.php(37): CodeIgniter\CodeIgniter->run()
#9 C:\xampp\htdocs\Food\system\Commands\Server\rewrite.php(43): require_once('C:\\xampp\\htdocs...')
#10 {main}
CRITICAL - 2025-07-08 19:24:16 --> Undefined variable $usuario
#0 C:\xampp\htdocs\Food\app\Views\Admin\Entregadores\editar.php(26): CodeIgniter\Debug\Exceptions->errorHandler(2, 'Undefined varia...', 'C:\\xampp\\htdocs...', 26)
#1 C:\xampp\htdocs\Food\system\View\View.php(210): include('C:\\xampp\\htdocs...')
#2 C:\xampp\htdocs\Food\system\View\View.php(213): CodeIgniter\View\View->CodeIgniter\View\{closure}()
#3 C:\xampp\htdocs\Food\system\Common.php(1089): CodeIgniter\View\View->render('Admin/entregado...', Array, true)
#4 C:\xampp\htdocs\Food\app\Controllers\Admin\Entregadores.php(69): view('Admin/entregado...', Array)
#5 C:\xampp\htdocs\Food\system\CodeIgniter.php(832): App\Controllers\Admin\Entregadores->editar('1')
#6 C:\xampp\htdocs\Food\system\CodeIgniter.php(419): CodeIgniter\CodeIgniter->runController(Object(App\Controllers\Admin\Entregadores))
#7 C:\xampp\htdocs\Food\system\CodeIgniter.php(326): CodeIgniter\CodeIgniter->handleRequest(NULL, Object(Config\Cache), false)
#8 C:\xampp\htdocs\Food\public\index.php(37): CodeIgniter\CodeIgniter->run()
#9 C:\xampp\htdocs\Food\system\Commands\Server\rewrite.php(43): require_once('C:\\xampp\\htdocs...')
#10 {main}
CRITICAL - 2025-07-08 19:24:16 --> Undefined variable $usuario
#0 C:\xampp\htdocs\Food\app\Views\Admin\Entregadores\editar.php(26): CodeIgniter\Debug\Exceptions->errorHandler(2, 'Undefined varia...', 'C:\\xampp\\htdocs...', 26)
#1 C:\xampp\htdocs\Food\system\View\View.php(210): include('C:\\xampp\\htdocs...')
#2 C:\xampp\htdocs\Food\system\View\View.php(213): CodeIgniter\View\View->CodeIgniter\View\{closure}()
#3 C:\xampp\htdocs\Food\system\Common.php(1089): CodeIgniter\View\View->render('Admin/entregado...', Array, true)
#4 C:\xampp\htdocs\Food\app\Controllers\Admin\Entregadores.php(69): view('Admin/entregado...', Array)
#5 C:\xampp\htdocs\Food\system\CodeIgniter.php(832): App\Controllers\Admin\Entregadores->editar('1')
#6 C:\xampp\htdocs\Food\system\CodeIgniter.php(419): CodeIgniter\CodeIgniter->runController(Object(App\Controllers\Admin\Entregadores))
#7 C:\xampp\htdocs\Food\system\CodeIgniter.php(326): CodeIgniter\CodeIgniter->handleRequest(NULL, Object(Config\Cache), false)
#8 C:\xampp\htdocs\Food\public\index.php(37): CodeIgniter\CodeIgniter->run()
#9 C:\xampp\htdocs\Food\system\Commands\Server\rewrite.php(43): require_once('C:\\xampp\\htdocs...')
#10 {main}
CRITICAL - 2025-07-08 19:24:16 --> Undefined variable $usuario
#0 C:\xampp\htdocs\Food\app\Views\Admin\Entregadores\editar.php(26): CodeIgniter\Debug\Exceptions->errorHandler(2, 'Undefined varia...', 'C:\\xampp\\htdocs...', 26)
#1 C:\xampp\htdocs\Food\system\View\View.php(210): include('C:\\xampp\\htdocs...')
#2 C:\xampp\htdocs\Food\system\View\View.php(213): CodeIgniter\View\View->CodeIgniter\View\{closure}()
#3 C:\xampp\htdocs\Food\system\Common.php(1089): CodeIgniter\View\View->render('Admin/entregado...', Array, true)
#4 C:\xampp\htdocs\Food\app\Controllers\Admin\Entregadores.php(69): view('Admin/entregado...', Array)
#5 C:\xampp\htdocs\Food\system\CodeIgniter.php(832): App\Controllers\Admin\Entregadores->editar('1')
#6 C:\xampp\htdocs\Food\system\CodeIgniter.php(419): CodeIgniter\CodeIgniter->runController(Object(App\Controllers\Admin\Entregadores))
#7 C:\xampp\htdocs\Food\system\CodeIgniter.php(326): CodeIgniter\CodeIgniter->handleRequest(NULL, Object(Config\Cache), false)
#8 C:\xampp\htdocs\Food\public\index.php(37): CodeIgniter\CodeIgniter->run()
#9 C:\xampp\htdocs\Food\system\Commands\Server\rewrite.php(43): require_once('C:\\xampp\\htdocs...')
#10 {main}
CRITICAL - 2025-07-08 19:26:26 --> Undefined variable $produto
#0 C:\xampp\htdocs\Food\app\Views\Admin\Entregadores\editar_imagem.php(26): CodeIgniter\Debug\Exceptions->errorHandler(2, 'Undefined varia...', 'C:\\xampp\\htdocs...', 26)
#1 C:\xampp\htdocs\Food\system\View\View.php(210): include('C:\\xampp\\htdocs...')
#2 C:\xampp\htdocs\Food\system\View\View.php(213): CodeIgniter\View\View->CodeIgniter\View\{closure}()
#3 C:\xampp\htdocs\Food\system\Common.php(1089): CodeIgniter\View\View->render('Admin/entregado...', Array, true)
#4 C:\xampp\htdocs\Food\app\Controllers\Admin\Entregadores.php(120): view('Admin/entregado...', Array)
#5 C:\xampp\htdocs\Food\system\CodeIgniter.php(832): App\Controllers\Admin\Entregadores->editarimagem('1')
#6 C:\xampp\htdocs\Food\system\CodeIgniter.php(419): CodeIgniter\CodeIgniter->runController(Object(App\Controllers\Admin\Entregadores))
#7 C:\xampp\htdocs\Food\system\CodeIgniter.php(326): CodeIgniter\CodeIgniter->handleRequest(NULL, Object(Config\Cache), false)
#8 C:\xampp\htdocs\Food\public\index.php(37): CodeIgniter\CodeIgniter->run()
#9 C:\xampp\htdocs\Food\system\Commands\Server\rewrite.php(43): require_once('C:\\xampp\\htdocs...')
#10 {main}
CRITICAL - 2025-07-08 19:42:12 --> Undefined variable $usuario
#0 C:\xampp\htdocs\Food\app\Views\Admin\Entregadores\excluir.php(26): CodeIgniter\Debug\Exceptions->errorHandler(2, 'Undefined varia...', 'C:\\xampp\\htdocs...', 26)
#1 C:\xampp\htdocs\Food\system\View\View.php(210): include('C:\\xampp\\htdocs...')
#2 C:\xampp\htdocs\Food\system\View\View.php(213): CodeIgniter\View\View->CodeIgniter\View\{closure}()
#3 C:\xampp\htdocs\Food\system\Common.php(1089): CodeIgniter\View\View->render('Admin/entregado...', Array, true)
#4 C:\xampp\htdocs\Food\app\Controllers\Admin\Entregadores.php(306): view('Admin/entregado...', Array)
#5 C:\xampp\htdocs\Food\system\CodeIgniter.php(832): App\Controllers\Admin\Entregadores->excluir('1')
#6 C:\xampp\htdocs\Food\system\CodeIgniter.php(419): CodeIgniter\CodeIgniter->runController(Object(App\Controllers\Admin\Entregadores))
#7 C:\xampp\htdocs\Food\system\CodeIgniter.php(326): CodeIgniter\CodeIgniter->handleRequest(NULL, Object(Config\Cache), false)
#8 C:\xampp\htdocs\Food\public\index.php(37): CodeIgniter\CodeIgniter->run()
#9 C:\xampp\htdocs\Food\system\Commands\Server\rewrite.php(43): require_once('C:\\xampp\\htdocs...')
#10 {main}
CRITICAL - 2025-07-08 19:42:37 --> Undefined variable $usuario
#0 C:\xampp\htdocs\Food\app\Views\Admin\Entregadores\excluir.php(26): CodeIgniter\Debug\Exceptions->errorHandler(2, 'Undefined varia...', 'C:\\xampp\\htdocs...', 26)
#1 C:\xampp\htdocs\Food\system\View\View.php(210): include('C:\\xampp\\htdocs...')
#2 C:\xampp\htdocs\Food\system\View\View.php(213): CodeIgniter\View\View->CodeIgniter\View\{closure}()
#3 C:\xampp\htdocs\Food\system\Common.php(1089): CodeIgniter\View\View->render('Admin/entregado...', Array, true)
#4 C:\xampp\htdocs\Food\app\Controllers\Admin\Entregadores.php(306): view('Admin/entregado...', Array)
#5 C:\xampp\htdocs\Food\system\CodeIgniter.php(832): App\Controllers\Admin\Entregadores->excluir('1')
#6 C:\xampp\htdocs\Food\system\CodeIgniter.php(419): CodeIgniter\CodeIgniter->runController(Object(App\Controllers\Admin\Entregadores))
#7 C:\xampp\htdocs\Food\system\CodeIgniter.php(326): CodeIgniter\CodeIgniter->handleRequest(NULL, Object(Config\Cache), false)
#8 C:\xampp\htdocs\Food\public\index.php(37): CodeIgniter\CodeIgniter->run()
#9 C:\xampp\htdocs\Food\system\Commands\Server\rewrite.php(43): require_once('C:\\xampp\\htdocs...')
#10 {main}
