CRITICAL - 2025-07-15 12:47:43 --> A ação que você requisitou não é permitida.
#0 C:\xampp\htdocs\Food\system\Security\Security.php(289): CodeIgniter\Security\Exceptions\SecurityException::forDisallowedAction()
#1 C:\xampp\htdocs\Food\system\Filters\CSRF.php(53): CodeIgniter\Security\Security->verify(Object(CodeIgniter\HTTP\IncomingRequest))
#2 C:\xampp\htdocs\Food\system\Filters\Filters.php(173): CodeIgniter\Filters\CSRF->before(Object(CodeIgniter\HTTP\IncomingRequest), NULL)
#3 C:\xampp\htdocs\Food\system\CodeIgniter.php(393): CodeIgniter\Filters\Filters->run('carrinho/adicio...', 'before')
#4 C:\xampp\htdocs\Food\system\CodeIgniter.php(326): CodeIgniter\CodeIgniter->handleRequest(NULL, Object(Config\Cache), false)
#5 C:\xampp\htdocs\Food\public\index.php(37): CodeIgniter\CodeIgniter->run()
#6 C:\xampp\htdocs\Food\system\Commands\Server\rewrite.php(43): require_once('C:\\xampp\\htdocs...')
#7 {main}
CRITICAL - 2025-07-15 12:47:45 --> A ação que você requisitou não é permitida.
#0 C:\xampp\htdocs\Food\system\Security\Security.php(289): CodeIgniter\Security\Exceptions\SecurityException::forDisallowedAction()
#1 C:\xampp\htdocs\Food\system\Filters\CSRF.php(53): CodeIgniter\Security\Security->verify(Object(CodeIgniter\HTTP\IncomingRequest))
#2 C:\xampp\htdocs\Food\system\Filters\Filters.php(173): CodeIgniter\Filters\CSRF->before(Object(CodeIgniter\HTTP\IncomingRequest), NULL)
#3 C:\xampp\htdocs\Food\system\CodeIgniter.php(393): CodeIgniter\Filters\Filters->run('carrinho/adicio...', 'before')
#4 C:\xampp\htdocs\Food\system\CodeIgniter.php(326): CodeIgniter\CodeIgniter->handleRequest(NULL, Object(Config\Cache), false)
#5 C:\xampp\htdocs\Food\public\index.php(37): CodeIgniter\CodeIgniter->run()
#6 C:\xampp\htdocs\Food\system\Commands\Server\rewrite.php(43): require_once('C:\\xampp\\htdocs...')
#7 {main}
CRITICAL - 2025-07-15 12:47:46 --> A ação que você requisitou não é permitida.
#0 C:\xampp\htdocs\Food\system\Security\Security.php(289): CodeIgniter\Security\Exceptions\SecurityException::forDisallowedAction()
#1 C:\xampp\htdocs\Food\system\Filters\CSRF.php(53): CodeIgniter\Security\Security->verify(Object(CodeIgniter\HTTP\IncomingRequest))
#2 C:\xampp\htdocs\Food\system\Filters\Filters.php(173): CodeIgniter\Filters\CSRF->before(Object(CodeIgniter\HTTP\IncomingRequest), NULL)
#3 C:\xampp\htdocs\Food\system\CodeIgniter.php(393): CodeIgniter\Filters\Filters->run('carrinho/adicio...', 'before')
#4 C:\xampp\htdocs\Food\system\CodeIgniter.php(326): CodeIgniter\CodeIgniter->handleRequest(NULL, Object(Config\Cache), false)
#5 C:\xampp\htdocs\Food\public\index.php(37): CodeIgniter\CodeIgniter->run()
#6 C:\xampp\htdocs\Food\system\Commands\Server\rewrite.php(43): require_once('C:\\xampp\\htdocs...')
#7 {main}
CRITICAL - 2025-07-15 13:00:41 --> A ação que você requisitou não é permitida.
#0 C:\xampp\htdocs\Food\system\Security\Security.php(289): CodeIgniter\Security\Exceptions\SecurityException::forDisallowedAction()
#1 C:\xampp\htdocs\Food\system\Filters\CSRF.php(53): CodeIgniter\Security\Security->verify(Object(CodeIgniter\HTTP\IncomingRequest))
#2 C:\xampp\htdocs\Food\system\Filters\Filters.php(173): CodeIgniter\Filters\CSRF->before(Object(CodeIgniter\HTTP\IncomingRequest), NULL)
#3 C:\xampp\htdocs\Food\system\CodeIgniter.php(393): CodeIgniter\Filters\Filters->run('carrinho/adicio...', 'before')
#4 C:\xampp\htdocs\Food\system\CodeIgniter.php(326): CodeIgniter\CodeIgniter->handleRequest(NULL, Object(Config\Cache), false)
#5 C:\xampp\htdocs\Food\public\index.php(37): CodeIgniter\CodeIgniter->run()
#6 C:\xampp\htdocs\Food\system\Commands\Server\rewrite.php(43): require_once('C:\\xampp\\htdocs...')
#7 {main}
CRITICAL - 2025-07-15 13:12:45 --> A ação que você requisitou não é permitida.
#0 C:\xampp\htdocs\Food\system\Security\Security.php(289): CodeIgniter\Security\Exceptions\SecurityException::forDisallowedAction()
#1 C:\xampp\htdocs\Food\system\Filters\CSRF.php(53): CodeIgniter\Security\Security->verify(Object(CodeIgniter\HTTP\IncomingRequest))
#2 C:\xampp\htdocs\Food\system\Filters\Filters.php(173): CodeIgniter\Filters\CSRF->before(Object(CodeIgniter\HTTP\IncomingRequest), NULL)
#3 C:\xampp\htdocs\Food\system\CodeIgniter.php(393): CodeIgniter\Filters\Filters->run('carrinho/adicio...', 'before')
#4 C:\xampp\htdocs\Food\system\CodeIgniter.php(326): CodeIgniter\CodeIgniter->handleRequest(NULL, Object(Config\Cache), false)
#5 C:\xampp\htdocs\Food\public\index.php(37): CodeIgniter\CodeIgniter->run()
#6 C:\xampp\htdocs\Food\system\Commands\Server\rewrite.php(43): require_once('C:\\xampp\\htdocs...')
#7 {main}
CRITICAL - 2025-07-15 13:12:47 --> A ação que você requisitou não é permitida.
#0 C:\xampp\htdocs\Food\system\Security\Security.php(289): CodeIgniter\Security\Exceptions\SecurityException::forDisallowedAction()
#1 C:\xampp\htdocs\Food\system\Filters\CSRF.php(53): CodeIgniter\Security\Security->verify(Object(CodeIgniter\HTTP\IncomingRequest))
#2 C:\xampp\htdocs\Food\system\Filters\Filters.php(173): CodeIgniter\Filters\CSRF->before(Object(CodeIgniter\HTTP\IncomingRequest), NULL)
#3 C:\xampp\htdocs\Food\system\CodeIgniter.php(393): CodeIgniter\Filters\Filters->run('carrinho/adicio...', 'before')
#4 C:\xampp\htdocs\Food\system\CodeIgniter.php(326): CodeIgniter\CodeIgniter->handleRequest(NULL, Object(Config\Cache), false)
#5 C:\xampp\htdocs\Food\public\index.php(37): CodeIgniter\CodeIgniter->run()
#6 C:\xampp\htdocs\Food\system\Commands\Server\rewrite.php(43): require_once('C:\\xampp\\htdocs...')
#7 {main}
CRITICAL - 2025-07-15 13:12:50 --> A ação que você requisitou não é permitida.
#0 C:\xampp\htdocs\Food\system\Security\Security.php(289): CodeIgniter\Security\Exceptions\SecurityException::forDisallowedAction()
#1 C:\xampp\htdocs\Food\system\Filters\CSRF.php(53): CodeIgniter\Security\Security->verify(Object(CodeIgniter\HTTP\IncomingRequest))
#2 C:\xampp\htdocs\Food\system\Filters\Filters.php(173): CodeIgniter\Filters\CSRF->before(Object(CodeIgniter\HTTP\IncomingRequest), NULL)
#3 C:\xampp\htdocs\Food\system\CodeIgniter.php(393): CodeIgniter\Filters\Filters->run('carrinho/adicio...', 'before')
#4 C:\xampp\htdocs\Food\system\CodeIgniter.php(326): CodeIgniter\CodeIgniter->handleRequest(NULL, Object(Config\Cache), false)
#5 C:\xampp\htdocs\Food\public\index.php(37): CodeIgniter\CodeIgniter->run()
#6 C:\xampp\htdocs\Food\system\Commands\Server\rewrite.php(43): require_once('C:\\xampp\\htdocs...')
#7 {main}
CRITICAL - 2025-07-15 13:12:52 --> A ação que você requisitou não é permitida.
#0 C:\xampp\htdocs\Food\system\Security\Security.php(289): CodeIgniter\Security\Exceptions\SecurityException::forDisallowedAction()
#1 C:\xampp\htdocs\Food\system\Filters\CSRF.php(53): CodeIgniter\Security\Security->verify(Object(CodeIgniter\HTTP\IncomingRequest))
#2 C:\xampp\htdocs\Food\system\Filters\Filters.php(173): CodeIgniter\Filters\CSRF->before(Object(CodeIgniter\HTTP\IncomingRequest), NULL)
#3 C:\xampp\htdocs\Food\system\CodeIgniter.php(393): CodeIgniter\Filters\Filters->run('carrinho/adicio...', 'before')
#4 C:\xampp\htdocs\Food\system\CodeIgniter.php(326): CodeIgniter\CodeIgniter->handleRequest(NULL, Object(Config\Cache), false)
#5 C:\xampp\htdocs\Food\public\index.php(37): CodeIgniter\CodeIgniter->run()
#6 C:\xampp\htdocs\Food\system\Commands\Server\rewrite.php(43): require_once('C:\\xampp\\htdocs...')
#7 {main}
CRITICAL - 2025-07-15 13:12:54 --> A ação que você requisitou não é permitida.
#0 C:\xampp\htdocs\Food\system\Security\Security.php(289): CodeIgniter\Security\Exceptions\SecurityException::forDisallowedAction()
#1 C:\xampp\htdocs\Food\system\Filters\CSRF.php(53): CodeIgniter\Security\Security->verify(Object(CodeIgniter\HTTP\IncomingRequest))
#2 C:\xampp\htdocs\Food\system\Filters\Filters.php(173): CodeIgniter\Filters\CSRF->before(Object(CodeIgniter\HTTP\IncomingRequest), NULL)
#3 C:\xampp\htdocs\Food\system\CodeIgniter.php(393): CodeIgniter\Filters\Filters->run('carrinho/adicio...', 'before')
#4 C:\xampp\htdocs\Food\system\CodeIgniter.php(326): CodeIgniter\CodeIgniter->handleRequest(NULL, Object(Config\Cache), false)
#5 C:\xampp\htdocs\Food\public\index.php(37): CodeIgniter\CodeIgniter->run()
#6 C:\xampp\htdocs\Food\system\Commands\Server\rewrite.php(43): require_once('C:\\xampp\\htdocs...')
#7 {main}
CRITICAL - 2025-07-15 18:43:56 --> Call to undefined method App\Models\ProdutoModel::BuscaProdutosPublicHomeComData
#0 C:\xampp\htdocs\Food\app\Controllers\Home.php(32): CodeIgniter\Model->__call('BuscaProdutosPu...', Array)
#1 C:\xampp\htdocs\Food\system\CodeIgniter.php(832): App\Controllers\Home->index()
#2 C:\xampp\htdocs\Food\system\CodeIgniter.php(419): CodeIgniter\CodeIgniter->runController(Object(App\Controllers\Home))
#3 C:\xampp\htdocs\Food\system\CodeIgniter.php(326): CodeIgniter\CodeIgniter->handleRequest(NULL, Object(Config\Cache), false)
#4 C:\xampp\htdocs\Food\public\index.php(37): CodeIgniter\CodeIgniter->run()
#5 C:\xampp\htdocs\Food\system\Commands\Server\rewrite.php(43): require_once('C:\\xampp\\htdocs...')
#6 {main}
CRITICAL - 2025-07-15 20:07:04 --> Undefined variable $produtos
#0 C:\xampp\htdocs\Food\app\Views\layout\principalView.php(308): CodeIgniter\Debug\Exceptions->errorHandler(2, 'Undefined varia...', 'C:\\xampp\\htdocs...', 308)
#1 C:\xampp\htdocs\Food\system\View\View.php(210): include('C:\\xampp\\htdocs...')
#2 C:\xampp\htdocs\Food\system\View\View.php(213): CodeIgniter\View\View->CodeIgniter\View\{closure}()
#3 C:\xampp\htdocs\Food\system\View\View.php(226): CodeIgniter\View\View->render('layout/principa...', Array, true)
#4 C:\xampp\htdocs\Food\system\Common.php(1089): CodeIgniter\View\View->render('Produto/detalhe...', Array, true)
#5 C:\xampp\htdocs\Food\app\Controllers\Produto.php(74): view('Produto/detalhe...', Array)
#6 C:\xampp\htdocs\Food\system\CodeIgniter.php(832): App\Controllers\Produto->detalhes('entrada-especia...')
#7 C:\xampp\htdocs\Food\system\CodeIgniter.php(419): CodeIgniter\CodeIgniter->runController(Object(App\Controllers\Produto))
#8 C:\xampp\htdocs\Food\system\CodeIgniter.php(326): CodeIgniter\CodeIgniter->handleRequest(NULL, Object(Config\Cache), false)
#9 C:\xampp\htdocs\Food\public\index.php(37): CodeIgniter\CodeIgniter->run()
#10 C:\xampp\htdocs\Food\system\Commands\Server\rewrite.php(43): require_once('C:\\xampp\\htdocs...')
#11 {main}
CRITICAL - 2025-07-15 20:07:24 --> Undefined variable $produtos
#0 C:\xampp\htdocs\Food\app\Views\layout\principalView.php(308): CodeIgniter\Debug\Exceptions->errorHandler(2, 'Undefined varia...', 'C:\\xampp\\htdocs...', 308)
#1 C:\xampp\htdocs\Food\system\View\View.php(210): include('C:\\xampp\\htdocs...')
#2 C:\xampp\htdocs\Food\system\View\View.php(213): CodeIgniter\View\View->CodeIgniter\View\{closure}()
#3 C:\xampp\htdocs\Food\system\View\View.php(226): CodeIgniter\View\View->render('layout/principa...', Array, true)
#4 C:\xampp\htdocs\Food\system\Common.php(1089): CodeIgniter\View\View->render('Produto/detalhe...', Array, true)
#5 C:\xampp\htdocs\Food\app\Controllers\Produto.php(74): view('Produto/detalhe...', Array)
#6 C:\xampp\htdocs\Food\system\CodeIgniter.php(832): App\Controllers\Produto->detalhes('entrada-especia...')
#7 C:\xampp\htdocs\Food\system\CodeIgniter.php(419): CodeIgniter\CodeIgniter->runController(Object(App\Controllers\Produto))
#8 C:\xampp\htdocs\Food\system\CodeIgniter.php(326): CodeIgniter\CodeIgniter->handleRequest(NULL, Object(Config\Cache), false)
#9 C:\xampp\htdocs\Food\public\index.php(37): CodeIgniter\CodeIgniter->run()
#10 C:\xampp\htdocs\Food\system\Commands\Server\rewrite.php(43): require_once('C:\\xampp\\htdocs...')
#11 {main}
CRITICAL - 2025-07-15 20:08:30 --> Undefined variable $produtos
#0 C:\xampp\htdocs\Food\app\Views\layout\principalView.php(308): CodeIgniter\Debug\Exceptions->errorHandler(2, 'Undefined varia...', 'C:\\xampp\\htdocs...', 308)
#1 C:\xampp\htdocs\Food\system\View\View.php(210): include('C:\\xampp\\htdocs...')
#2 C:\xampp\htdocs\Food\system\View\View.php(213): CodeIgniter\View\View->CodeIgniter\View\{closure}()
#3 C:\xampp\htdocs\Food\system\View\View.php(226): CodeIgniter\View\View->render('layout/principa...', Array, true)
#4 C:\xampp\htdocs\Food\system\Common.php(1089): CodeIgniter\View\View->render('Produto/detalhe...', Array, true)
#5 C:\xampp\htdocs\Food\app\Controllers\Produto.php(74): view('Produto/detalhe...', Array)
#6 C:\xampp\htdocs\Food\system\CodeIgniter.php(832): App\Controllers\Produto->detalhes('entrada-especia...')
#7 C:\xampp\htdocs\Food\system\CodeIgniter.php(419): CodeIgniter\CodeIgniter->runController(Object(App\Controllers\Produto))
#8 C:\xampp\htdocs\Food\system\CodeIgniter.php(326): CodeIgniter\CodeIgniter->handleRequest(NULL, Object(Config\Cache), false)
#9 C:\xampp\htdocs\Food\public\index.php(37): CodeIgniter\CodeIgniter->run()
#10 C:\xampp\htdocs\Food\system\Commands\Server\rewrite.php(43): require_once('C:\\xampp\\htdocs...')
#11 {main}
CRITICAL - 2025-07-15 20:09:07 --> Undefined variable $produtos
#0 C:\xampp\htdocs\Food\app\Views\layout\principalView.php(308): CodeIgniter\Debug\Exceptions->errorHandler(2, 'Undefined varia...', 'C:\\xampp\\htdocs...', 308)
#1 C:\xampp\htdocs\Food\system\View\View.php(210): include('C:\\xampp\\htdocs...')
#2 C:\xampp\htdocs\Food\system\View\View.php(213): CodeIgniter\View\View->CodeIgniter\View\{closure}()
#3 C:\xampp\htdocs\Food\system\View\View.php(226): CodeIgniter\View\View->render('layout/principa...', Array, true)
#4 C:\xampp\htdocs\Food\system\Common.php(1089): CodeIgniter\View\View->render('Produto/detalhe...', Array, true)
#5 C:\xampp\htdocs\Food\app\Controllers\Produto.php(74): view('Produto/detalhe...', Array)
#6 C:\xampp\htdocs\Food\system\CodeIgniter.php(832): App\Controllers\Produto->detalhes('entrada-especia...')
#7 C:\xampp\htdocs\Food\system\CodeIgniter.php(419): CodeIgniter\CodeIgniter->runController(Object(App\Controllers\Produto))
#8 C:\xampp\htdocs\Food\system\CodeIgniter.php(326): CodeIgniter\CodeIgniter->handleRequest(NULL, Object(Config\Cache), false)
#9 C:\xampp\htdocs\Food\public\index.php(37): CodeIgniter\CodeIgniter->run()
#10 C:\xampp\htdocs\Food\system\Commands\Server\rewrite.php(43): require_once('C:\\xampp\\htdocs...')
#11 {main}
CRITICAL - 2025-07-15 20:11:22 --> Undefined variable $produtos
#0 C:\xampp\htdocs\Food\app\Views\layout\principalView.php(308): CodeIgniter\Debug\Exceptions->errorHandler(2, 'Undefined varia...', 'C:\\xampp\\htdocs...', 308)
#1 C:\xampp\htdocs\Food\system\View\View.php(210): include('C:\\xampp\\htdocs...')
#2 C:\xampp\htdocs\Food\system\View\View.php(213): CodeIgniter\View\View->CodeIgniter\View\{closure}()
#3 C:\xampp\htdocs\Food\system\View\View.php(226): CodeIgniter\View\View->render('layout/principa...', Array, true)
#4 C:\xampp\htdocs\Food\system\Common.php(1089): CodeIgniter\View\View->render('Produto/detalhe...', Array, true)
#5 C:\xampp\htdocs\Food\app\Controllers\Produto.php(74): view('Produto/detalhe...', Array)
#6 C:\xampp\htdocs\Food\system\CodeIgniter.php(832): App\Controllers\Produto->detalhes('entrada-especia...')
#7 C:\xampp\htdocs\Food\system\CodeIgniter.php(419): CodeIgniter\CodeIgniter->runController(Object(App\Controllers\Produto))
#8 C:\xampp\htdocs\Food\system\CodeIgniter.php(326): CodeIgniter\CodeIgniter->handleRequest(NULL, Object(Config\Cache), false)
#9 C:\xampp\htdocs\Food\public\index.php(37): CodeIgniter\CodeIgniter->run()
#10 C:\xampp\htdocs\Food\system\Commands\Server\rewrite.php(43): require_once('C:\\xampp\\htdocs...')
#11 {main}
CRITICAL - 2025-07-15 20:12:01 --> Undefined variable $produtos
#0 C:\xampp\htdocs\Food\app\Views\layout\principalView.php(308): CodeIgniter\Debug\Exceptions->errorHandler(2, 'Undefined varia...', 'C:\\xampp\\htdocs...', 308)
#1 C:\xampp\htdocs\Food\system\View\View.php(210): include('C:\\xampp\\htdocs...')
#2 C:\xampp\htdocs\Food\system\View\View.php(213): CodeIgniter\View\View->CodeIgniter\View\{closure}()
#3 C:\xampp\htdocs\Food\system\View\View.php(226): CodeIgniter\View\View->render('layout/principa...', Array, true)
#4 C:\xampp\htdocs\Food\system\Common.php(1089): CodeIgniter\View\View->render('Produto/detalhe...', Array, true)
#5 C:\xampp\htdocs\Food\app\Controllers\Produto.php(74): view('Produto/detalhe...', Array)
#6 C:\xampp\htdocs\Food\system\CodeIgniter.php(832): App\Controllers\Produto->detalhes('entrada-especia...')
#7 C:\xampp\htdocs\Food\system\CodeIgniter.php(419): CodeIgniter\CodeIgniter->runController(Object(App\Controllers\Produto))
#8 C:\xampp\htdocs\Food\system\CodeIgniter.php(326): CodeIgniter\CodeIgniter->handleRequest(NULL, Object(Config\Cache), false)
#9 C:\xampp\htdocs\Food\public\index.php(37): CodeIgniter\CodeIgniter->run()
#10 C:\xampp\htdocs\Food\system\Commands\Server\rewrite.php(43): require_once('C:\\xampp\\htdocs...')
#11 {main}
CRITICAL - 2025-07-15 20:12:18 --> Undefined variable $produtos
#0 C:\xampp\htdocs\Food\app\Views\layout\principalView.php(308): CodeIgniter\Debug\Exceptions->errorHandler(2, 'Undefined varia...', 'C:\\xampp\\htdocs...', 308)
#1 C:\xampp\htdocs\Food\system\View\View.php(210): include('C:\\xampp\\htdocs...')
#2 C:\xampp\htdocs\Food\system\View\View.php(213): CodeIgniter\View\View->CodeIgniter\View\{closure}()
#3 C:\xampp\htdocs\Food\system\View\View.php(226): CodeIgniter\View\View->render('layout/principa...', Array, true)
#4 C:\xampp\htdocs\Food\system\Common.php(1089): CodeIgniter\View\View->render('View/index', Array, true)
#5 C:\xampp\htdocs\Food\app\Controllers\Home.php(130): view('View/index', Array)
#6 C:\xampp\htdocs\Food\system\CodeIgniter.php(832): App\Controllers\Home->Vizualizar()
#7 C:\xampp\htdocs\Food\system\CodeIgniter.php(419): CodeIgniter\CodeIgniter->runController(Object(App\Controllers\Home))
#8 C:\xampp\htdocs\Food\system\CodeIgniter.php(326): CodeIgniter\CodeIgniter->handleRequest(NULL, Object(Config\Cache), false)
#9 C:\xampp\htdocs\Food\public\index.php(37): CodeIgniter\CodeIgniter->run()
#10 C:\xampp\htdocs\Food\system\Commands\Server\rewrite.php(43): require_once('C:\\xampp\\htdocs...')
#11 {main}
CRITICAL - 2025-07-15 20:13:19 --> Undefined variable $produtos
#0 C:\xampp\htdocs\Food\app\Views\layout\principalView.php(308): CodeIgniter\Debug\Exceptions->errorHandler(2, 'Undefined varia...', 'C:\\xampp\\htdocs...', 308)
#1 C:\xampp\htdocs\Food\system\View\View.php(210): include('C:\\xampp\\htdocs...')
#2 C:\xampp\htdocs\Food\system\View\View.php(213): CodeIgniter\View\View->CodeIgniter\View\{closure}()
#3 C:\xampp\htdocs\Food\system\View\View.php(226): CodeIgniter\View\View->render('layout/principa...', Array, true)
#4 C:\xampp\htdocs\Food\system\Common.php(1089): CodeIgniter\View\View->render('Produto/detalhe...', Array, true)
#5 C:\xampp\htdocs\Food\app\Controllers\Produto.php(74): view('Produto/detalhe...', Array)
#6 C:\xampp\htdocs\Food\system\CodeIgniter.php(832): App\Controllers\Produto->detalhes('porcao-de-tilap...')
#7 C:\xampp\htdocs\Food\system\CodeIgniter.php(419): CodeIgniter\CodeIgniter->runController(Object(App\Controllers\Produto))
#8 C:\xampp\htdocs\Food\system\CodeIgniter.php(326): CodeIgniter\CodeIgniter->handleRequest(NULL, Object(Config\Cache), false)
#9 C:\xampp\htdocs\Food\public\index.php(37): CodeIgniter\CodeIgniter->run()
#10 C:\xampp\htdocs\Food\system\Commands\Server\rewrite.php(43): require_once('C:\\xampp\\htdocs...')
#11 {main}
CRITICAL - 2025-07-15 20:13:30 --> Undefined variable $produtos
#0 C:\xampp\htdocs\Food\app\Views\layout\principalView.php(308): CodeIgniter\Debug\Exceptions->errorHandler(2, 'Undefined varia...', 'C:\\xampp\\htdocs...', 308)
#1 C:\xampp\htdocs\Food\system\View\View.php(210): include('C:\\xampp\\htdocs...')
#2 C:\xampp\htdocs\Food\system\View\View.php(213): CodeIgniter\View\View->CodeIgniter\View\{closure}()
#3 C:\xampp\htdocs\Food\system\View\View.php(226): CodeIgniter\View\View->render('layout/principa...', Array, true)
#4 C:\xampp\htdocs\Food\system\Common.php(1089): CodeIgniter\View\View->render('Produto/detalhe...', Array, true)
#5 C:\xampp\htdocs\Food\app\Controllers\Produto.php(74): view('Produto/detalhe...', Array)
#6 C:\xampp\htdocs\Food\system\CodeIgniter.php(832): App\Controllers\Produto->detalhes('porcao-de-tilap...')
#7 C:\xampp\htdocs\Food\system\CodeIgniter.php(419): CodeIgniter\CodeIgniter->runController(Object(App\Controllers\Produto))
#8 C:\xampp\htdocs\Food\system\CodeIgniter.php(326): CodeIgniter\CodeIgniter->handleRequest(NULL, Object(Config\Cache), false)
#9 C:\xampp\htdocs\Food\public\index.php(37): CodeIgniter\CodeIgniter->run()
#10 C:\xampp\htdocs\Food\system\Commands\Server\rewrite.php(43): require_once('C:\\xampp\\htdocs...')
#11 {main}
CRITICAL - 2025-07-15 20:13:33 --> Undefined variable $produtos
#0 C:\xampp\htdocs\Food\app\Views\layout\principalView.php(308): CodeIgniter\Debug\Exceptions->errorHandler(2, 'Undefined varia...', 'C:\\xampp\\htdocs...', 308)
#1 C:\xampp\htdocs\Food\system\View\View.php(210): include('C:\\xampp\\htdocs...')
#2 C:\xampp\htdocs\Food\system\View\View.php(213): CodeIgniter\View\View->CodeIgniter\View\{closure}()
#3 C:\xampp\htdocs\Food\system\View\View.php(226): CodeIgniter\View\View->render('layout/principa...', Array, true)
#4 C:\xampp\htdocs\Food\system\Common.php(1089): CodeIgniter\View\View->render('Produto/detalhe...', Array, true)
#5 C:\xampp\htdocs\Food\app\Controllers\Produto.php(74): view('Produto/detalhe...', Array)
#6 C:\xampp\htdocs\Food\system\CodeIgniter.php(832): App\Controllers\Produto->detalhes('porcao-de-tilap...')
#7 C:\xampp\htdocs\Food\system\CodeIgniter.php(419): CodeIgniter\CodeIgniter->runController(Object(App\Controllers\Produto))
#8 C:\xampp\htdocs\Food\system\CodeIgniter.php(326): CodeIgniter\CodeIgniter->handleRequest(NULL, Object(Config\Cache), false)
#9 C:\xampp\htdocs\Food\public\index.php(37): CodeIgniter\CodeIgniter->run()
#10 C:\xampp\htdocs\Food\system\Commands\Server\rewrite.php(43): require_once('C:\\xampp\\htdocs...')
#11 {main}
CRITICAL - 2025-07-15 20:14:51 --> Undefined variable $produtos
#0 C:\xampp\htdocs\Food\app\Views\layout\principalView.php(308): CodeIgniter\Debug\Exceptions->errorHandler(2, 'Undefined varia...', 'C:\\xampp\\htdocs...', 308)
#1 C:\xampp\htdocs\Food\system\View\View.php(210): include('C:\\xampp\\htdocs...')
#2 C:\xampp\htdocs\Food\system\View\View.php(213): CodeIgniter\View\View->CodeIgniter\View\{closure}()
#3 C:\xampp\htdocs\Food\system\View\View.php(226): CodeIgniter\View\View->render('layout/principa...', Array, true)
#4 C:\xampp\htdocs\Food\system\Common.php(1089): CodeIgniter\View\View->render('Produto/detalhe...', Array, true)
#5 C:\xampp\htdocs\Food\app\Controllers\Produto.php(74): view('Produto/detalhe...', Array)
#6 C:\xampp\htdocs\Food\system\CodeIgniter.php(832): App\Controllers\Produto->detalhes('entrada-especia...')
#7 C:\xampp\htdocs\Food\system\CodeIgniter.php(419): CodeIgniter\CodeIgniter->runController(Object(App\Controllers\Produto))
#8 C:\xampp\htdocs\Food\system\CodeIgniter.php(326): CodeIgniter\CodeIgniter->handleRequest(NULL, Object(Config\Cache), false)
#9 C:\xampp\htdocs\Food\public\index.php(37): CodeIgniter\CodeIgniter->run()
#10 C:\xampp\htdocs\Food\system\Commands\Server\rewrite.php(43): require_once('C:\\xampp\\htdocs...')
#11 {main}
CRITICAL - 2025-07-15 20:14:59 --> Undefined variable $produtos
#0 C:\xampp\htdocs\Food\app\Views\layout\principalView.php(308): CodeIgniter\Debug\Exceptions->errorHandler(2, 'Undefined varia...', 'C:\\xampp\\htdocs...', 308)
#1 C:\xampp\htdocs\Food\system\View\View.php(210): include('C:\\xampp\\htdocs...')
#2 C:\xampp\htdocs\Food\system\View\View.php(213): CodeIgniter\View\View->CodeIgniter\View\{closure}()
#3 C:\xampp\htdocs\Food\system\View\View.php(226): CodeIgniter\View\View->render('layout/principa...', Array, true)
#4 C:\xampp\htdocs\Food\system\Common.php(1089): CodeIgniter\View\View->render('Produto/detalhe...', Array, true)
#5 C:\xampp\htdocs\Food\app\Controllers\Produto.php(74): view('Produto/detalhe...', Array)
#6 C:\xampp\htdocs\Food\system\CodeIgniter.php(832): App\Controllers\Produto->detalhes('entrada-especia...')
#7 C:\xampp\htdocs\Food\system\CodeIgniter.php(419): CodeIgniter\CodeIgniter->runController(Object(App\Controllers\Produto))
#8 C:\xampp\htdocs\Food\system\CodeIgniter.php(326): CodeIgniter\CodeIgniter->handleRequest(NULL, Object(Config\Cache), false)
#9 C:\xampp\htdocs\Food\public\index.php(37): CodeIgniter\CodeIgniter->run()
#10 C:\xampp\htdocs\Food\system\Commands\Server\rewrite.php(43): require_once('C:\\xampp\\htdocs...')
#11 {main}
CRITICAL - 2025-07-15 20:18:38 --> Undefined variable $produtos
#0 C:\xampp\htdocs\Food\app\Views\layout\principalView.php(308): CodeIgniter\Debug\Exceptions->errorHandler(2, 'Undefined varia...', 'C:\\xampp\\htdocs...', 308)
#1 C:\xampp\htdocs\Food\system\View\View.php(210): include('C:\\xampp\\htdocs...')
#2 C:\xampp\htdocs\Food\system\View\View.php(213): CodeIgniter\View\View->CodeIgniter\View\{closure}()
#3 C:\xampp\htdocs\Food\system\View\View.php(226): CodeIgniter\View\View->render('layout/principa...', Array, true)
#4 C:\xampp\htdocs\Food\system\Common.php(1089): CodeIgniter\View\View->render('Produto/detalhe...', Array, true)
#5 C:\xampp\htdocs\Food\app\Controllers\Produto.php(74): view('Produto/detalhe...', Array)
#6 C:\xampp\htdocs\Food\system\CodeIgniter.php(832): App\Controllers\Produto->detalhes('entrada-especia...')
#7 C:\xampp\htdocs\Food\system\CodeIgniter.php(419): CodeIgniter\CodeIgniter->runController(Object(App\Controllers\Produto))
#8 C:\xampp\htdocs\Food\system\CodeIgniter.php(326): CodeIgniter\CodeIgniter->handleRequest(NULL, Object(Config\Cache), false)
#9 C:\xampp\htdocs\Food\public\index.php(37): CodeIgniter\CodeIgniter->run()
#10 C:\xampp\htdocs\Food\system\Commands\Server\rewrite.php(43): require_once('C:\\xampp\\htdocs...')
#11 {main}
CRITICAL - 2025-07-15 20:18:39 --> Undefined variable $produtos
#0 C:\xampp\htdocs\Food\app\Views\layout\principalView.php(308): CodeIgniter\Debug\Exceptions->errorHandler(2, 'Undefined varia...', 'C:\\xampp\\htdocs...', 308)
#1 C:\xampp\htdocs\Food\system\View\View.php(210): include('C:\\xampp\\htdocs...')
#2 C:\xampp\htdocs\Food\system\View\View.php(213): CodeIgniter\View\View->CodeIgniter\View\{closure}()
#3 C:\xampp\htdocs\Food\system\View\View.php(226): CodeIgniter\View\View->render('layout/principa...', Array, true)
#4 C:\xampp\htdocs\Food\system\Common.php(1089): CodeIgniter\View\View->render('Produto/detalhe...', Array, true)
#5 C:\xampp\htdocs\Food\app\Controllers\Produto.php(74): view('Produto/detalhe...', Array)
#6 C:\xampp\htdocs\Food\system\CodeIgniter.php(832): App\Controllers\Produto->detalhes('entrada-especia...')
#7 C:\xampp\htdocs\Food\system\CodeIgniter.php(419): CodeIgniter\CodeIgniter->runController(Object(App\Controllers\Produto))
#8 C:\xampp\htdocs\Food\system\CodeIgniter.php(326): CodeIgniter\CodeIgniter->handleRequest(NULL, Object(Config\Cache), false)
#9 C:\xampp\htdocs\Food\public\index.php(37): CodeIgniter\CodeIgniter->run()
#10 C:\xampp\htdocs\Food\system\Commands\Server\rewrite.php(43): require_once('C:\\xampp\\htdocs...')
#11 {main}
CRITICAL - 2025-07-15 20:18:40 --> Undefined variable $produtos
#0 C:\xampp\htdocs\Food\app\Views\layout\principalView.php(308): CodeIgniter\Debug\Exceptions->errorHandler(2, 'Undefined varia...', 'C:\\xampp\\htdocs...', 308)
#1 C:\xampp\htdocs\Food\system\View\View.php(210): include('C:\\xampp\\htdocs...')
#2 C:\xampp\htdocs\Food\system\View\View.php(213): CodeIgniter\View\View->CodeIgniter\View\{closure}()
#3 C:\xampp\htdocs\Food\system\View\View.php(226): CodeIgniter\View\View->render('layout/principa...', Array, true)
#4 C:\xampp\htdocs\Food\system\Common.php(1089): CodeIgniter\View\View->render('Produto/detalhe...', Array, true)
#5 C:\xampp\htdocs\Food\app\Controllers\Produto.php(74): view('Produto/detalhe...', Array)
#6 C:\xampp\htdocs\Food\system\CodeIgniter.php(832): App\Controllers\Produto->detalhes('entrada-especia...')
#7 C:\xampp\htdocs\Food\system\CodeIgniter.php(419): CodeIgniter\CodeIgniter->runController(Object(App\Controllers\Produto))
#8 C:\xampp\htdocs\Food\system\CodeIgniter.php(326): CodeIgniter\CodeIgniter->handleRequest(NULL, Object(Config\Cache), false)
#9 C:\xampp\htdocs\Food\public\index.php(37): CodeIgniter\CodeIgniter->run()
#10 C:\xampp\htdocs\Food\system\Commands\Server\rewrite.php(43): require_once('C:\\xampp\\htdocs...')
#11 {main}
CRITICAL - 2025-07-15 20:18:43 --> Undefined variable $produtos
#0 C:\xampp\htdocs\Food\app\Views\layout\principalView.php(308): CodeIgniter\Debug\Exceptions->errorHandler(2, 'Undefined varia...', 'C:\\xampp\\htdocs...', 308)
#1 C:\xampp\htdocs\Food\system\View\View.php(210): include('C:\\xampp\\htdocs...')
#2 C:\xampp\htdocs\Food\system\View\View.php(213): CodeIgniter\View\View->CodeIgniter\View\{closure}()
#3 C:\xampp\htdocs\Food\system\View\View.php(226): CodeIgniter\View\View->render('layout/principa...', Array, true)
#4 C:\xampp\htdocs\Food\system\Common.php(1089): CodeIgniter\View\View->render('Produto/detalhe...', Array, true)
#5 C:\xampp\htdocs\Food\app\Controllers\Produto.php(74): view('Produto/detalhe...', Array)
#6 C:\xampp\htdocs\Food\system\CodeIgniter.php(832): App\Controllers\Produto->detalhes('entrada-especia...')
#7 C:\xampp\htdocs\Food\system\CodeIgniter.php(419): CodeIgniter\CodeIgniter->runController(Object(App\Controllers\Produto))
#8 C:\xampp\htdocs\Food\system\CodeIgniter.php(326): CodeIgniter\CodeIgniter->handleRequest(NULL, Object(Config\Cache), false)
#9 C:\xampp\htdocs\Food\public\index.php(37): CodeIgniter\CodeIgniter->run()
#10 C:\xampp\htdocs\Food\system\Commands\Server\rewrite.php(43): require_once('C:\\xampp\\htdocs...')
#11 {main}
CRITICAL - 2025-07-15 20:18:53 --> Undefined variable $produtos
#0 C:\xampp\htdocs\Food\app\Views\layout\principalView.php(308): CodeIgniter\Debug\Exceptions->errorHandler(2, 'Undefined varia...', 'C:\\xampp\\htdocs...', 308)
#1 C:\xampp\htdocs\Food\system\View\View.php(210): include('C:\\xampp\\htdocs...')
#2 C:\xampp\htdocs\Food\system\View\View.php(213): CodeIgniter\View\View->CodeIgniter\View\{closure}()
#3 C:\xampp\htdocs\Food\system\View\View.php(226): CodeIgniter\View\View->render('layout/principa...', Array, true)
#4 C:\xampp\htdocs\Food\system\Common.php(1089): CodeIgniter\View\View->render('Produto/detalhe...', Array, true)
#5 C:\xampp\htdocs\Food\app\Controllers\Produto.php(74): view('Produto/detalhe...', Array)
#6 C:\xampp\htdocs\Food\system\CodeIgniter.php(832): App\Controllers\Produto->detalhes('entrada-especia...')
#7 C:\xampp\htdocs\Food\system\CodeIgniter.php(419): CodeIgniter\CodeIgniter->runController(Object(App\Controllers\Produto))
#8 C:\xampp\htdocs\Food\system\CodeIgniter.php(326): CodeIgniter\CodeIgniter->handleRequest(NULL, Object(Config\Cache), false)
#9 C:\xampp\htdocs\Food\public\index.php(37): CodeIgniter\CodeIgniter->run()
#10 C:\xampp\htdocs\Food\system\Commands\Server\rewrite.php(43): require_once('C:\\xampp\\htdocs...')
#11 {main}
CRITICAL - 2025-07-15 20:19:45 --> Undefined variable $produtos
#0 C:\xampp\htdocs\Food\app\Views\layout\principalView.php(308): CodeIgniter\Debug\Exceptions->errorHandler(2, 'Undefined varia...', 'C:\\xampp\\htdocs...', 308)
#1 C:\xampp\htdocs\Food\system\View\View.php(210): include('C:\\xampp\\htdocs...')
#2 C:\xampp\htdocs\Food\system\View\View.php(213): CodeIgniter\View\View->CodeIgniter\View\{closure}()
#3 C:\xampp\htdocs\Food\system\View\View.php(226): CodeIgniter\View\View->render('layout/principa...', Array, true)
#4 C:\xampp\htdocs\Food\system\Common.php(1089): CodeIgniter\View\View->render('Produto/detalhe...', Array, true)
#5 C:\xampp\htdocs\Food\app\Controllers\Produto.php(74): view('Produto/detalhe...', Array)
#6 C:\xampp\htdocs\Food\system\CodeIgniter.php(832): App\Controllers\Produto->detalhes('moda-da-casa')
#7 C:\xampp\htdocs\Food\system\CodeIgniter.php(419): CodeIgniter\CodeIgniter->runController(Object(App\Controllers\Produto))
#8 C:\xampp\htdocs\Food\system\CodeIgniter.php(326): CodeIgniter\CodeIgniter->handleRequest(NULL, Object(Config\Cache), false)
#9 C:\xampp\htdocs\Food\public\index.php(37): CodeIgniter\CodeIgniter->run()
#10 C:\xampp\htdocs\Food\system\Commands\Server\rewrite.php(43): require_once('C:\\xampp\\htdocs...')
#11 {main}
CRITICAL - 2025-07-15 20:20:29 --> Undefined variable $produtos
#0 C:\xampp\htdocs\Food\app\Views\layout\principalView.php(308): CodeIgniter\Debug\Exceptions->errorHandler(2, 'Undefined varia...', 'C:\\xampp\\htdocs...', 308)
#1 C:\xampp\htdocs\Food\system\View\View.php(210): include('C:\\xampp\\htdocs...')
#2 C:\xampp\htdocs\Food\system\View\View.php(213): CodeIgniter\View\View->CodeIgniter\View\{closure}()
#3 C:\xampp\htdocs\Food\system\View\View.php(226): CodeIgniter\View\View->render('layout/principa...', Array, true)
#4 C:\xampp\htdocs\Food\system\Common.php(1089): CodeIgniter\View\View->render('Produto/detalhe...', Array, true)
#5 C:\xampp\htdocs\Food\app\Controllers\Produto.php(74): view('Produto/detalhe...', Array)
#6 C:\xampp\htdocs\Food\system\CodeIgniter.php(832): App\Controllers\Produto->detalhes('pizza-calabresa')
#7 C:\xampp\htdocs\Food\system\CodeIgniter.php(419): CodeIgniter\CodeIgniter->runController(Object(App\Controllers\Produto))
#8 C:\xampp\htdocs\Food\system\CodeIgniter.php(326): CodeIgniter\CodeIgniter->handleRequest(NULL, Object(Config\Cache), false)
#9 C:\xampp\htdocs\Food\public\index.php(37): CodeIgniter\CodeIgniter->run()
#10 C:\xampp\htdocs\Food\system\Commands\Server\rewrite.php(43): require_once('C:\\xampp\\htdocs...')
#11 {main}
CRITICAL - 2025-07-15 20:36:58 --> Arquivo inválido: carrinho/index.php
#0 C:\xampp\htdocs\Food\system\View\View.php(198): CodeIgniter\Exceptions\FrameworkException::forInvalidFile('carrinho/index....')
#1 C:\xampp\htdocs\Food\system\Common.php(1089): CodeIgniter\View\View->render('carrinho/index', Array, true)
#2 C:\xampp\htdocs\Food\app\Controllers\Carrinho.php(66): view('carrinho/index', Array)
#3 C:\xampp\htdocs\Food\system\CodeIgniter.php(832): App\Controllers\Carrinho->index()
#4 C:\xampp\htdocs\Food\system\CodeIgniter.php(419): CodeIgniter\CodeIgniter->runController(Object(App\Controllers\Carrinho))
#5 C:\xampp\htdocs\Food\system\CodeIgniter.php(326): CodeIgniter\CodeIgniter->handleRequest(NULL, Object(Config\Cache), false)
#6 C:\xampp\htdocs\Food\public\index.php(37): CodeIgniter\CodeIgniter->run()
#7 C:\xampp\htdocs\Food\system\Commands\Server\rewrite.php(43): require_once('C:\\xampp\\htdocs...')
#8 {main}
CRITICAL - 2025-07-15 20:39:27 --> Arquivo inválido: carrinho/index.php
#0 C:\xampp\htdocs\Food\system\View\View.php(198): CodeIgniter\Exceptions\FrameworkException::forInvalidFile('carrinho/index....')
#1 C:\xampp\htdocs\Food\system\Common.php(1089): CodeIgniter\View\View->render('carrinho/index', Array, true)
#2 C:\xampp\htdocs\Food\app\Controllers\Carrinho.php(65): view('carrinho/index', Array)
#3 C:\xampp\htdocs\Food\system\CodeIgniter.php(832): App\Controllers\Carrinho->index()
#4 C:\xampp\htdocs\Food\system\CodeIgniter.php(419): CodeIgniter\CodeIgniter->runController(Object(App\Controllers\Carrinho))
#5 C:\xampp\htdocs\Food\system\CodeIgniter.php(326): CodeIgniter\CodeIgniter->handleRequest(NULL, Object(Config\Cache), false)
#6 C:\xampp\htdocs\Food\public\index.php(37): CodeIgniter\CodeIgniter->run()
#7 C:\xampp\htdocs\Food\system\Commands\Server\rewrite.php(43): require_once('C:\\xampp\\htdocs...')
#8 {main}
CRITICAL - 2025-07-15 20:40:16 --> Arquivo inválido: carrinho/index.php
#0 C:\xampp\htdocs\Food\system\View\View.php(198): CodeIgniter\Exceptions\FrameworkException::forInvalidFile('carrinho/index....')
#1 C:\xampp\htdocs\Food\system\Common.php(1089): CodeIgniter\View\View->render('carrinho/index', Array, true)
#2 C:\xampp\htdocs\Food\app\Controllers\Carrinho.php(65): view('carrinho/index', Array)
#3 C:\xampp\htdocs\Food\system\CodeIgniter.php(832): App\Controllers\Carrinho->index()
#4 C:\xampp\htdocs\Food\system\CodeIgniter.php(419): CodeIgniter\CodeIgniter->runController(Object(App\Controllers\Carrinho))
#5 C:\xampp\htdocs\Food\system\CodeIgniter.php(326): CodeIgniter\CodeIgniter->handleRequest(NULL, Object(Config\Cache), false)
#6 C:\xampp\htdocs\Food\public\index.php(37): CodeIgniter\CodeIgniter->run()
#7 C:\xampp\htdocs\Food\system\Commands\Server\rewrite.php(43): require_once('C:\\xampp\\htdocs...')
#8 {main}
CRITICAL - 2025-07-15 20:40:18 --> Arquivo inválido: carrinho/index.php
#0 C:\xampp\htdocs\Food\system\View\View.php(198): CodeIgniter\Exceptions\FrameworkException::forInvalidFile('carrinho/index....')
#1 C:\xampp\htdocs\Food\system\Common.php(1089): CodeIgniter\View\View->render('carrinho/index', Array, true)
#2 C:\xampp\htdocs\Food\app\Controllers\Carrinho.php(65): view('carrinho/index', Array)
#3 C:\xampp\htdocs\Food\system\CodeIgniter.php(832): App\Controllers\Carrinho->index()
#4 C:\xampp\htdocs\Food\system\CodeIgniter.php(419): CodeIgniter\CodeIgniter->runController(Object(App\Controllers\Carrinho))
#5 C:\xampp\htdocs\Food\system\CodeIgniter.php(326): CodeIgniter\CodeIgniter->handleRequest(NULL, Object(Config\Cache), false)
#6 C:\xampp\htdocs\Food\public\index.php(37): CodeIgniter\CodeIgniter->run()
#7 C:\xampp\htdocs\Food\system\Commands\Server\rewrite.php(43): require_once('C:\\xampp\\htdocs...')
#8 {main}
CRITICAL - 2025-07-15 20:48:29 --> Undefined property: stdClass::$preco
#0 C:\xampp\htdocs\Food\app\Controllers\Carrinho.php(67): CodeIgniter\Debug\Exceptions->errorHandler(2, 'Undefined prope...', 'C:\\xampp\\htdocs...', 67)
#1 C:\xampp\htdocs\Food\system\CodeIgniter.php(832): App\Controllers\Carrinho->index()
#2 C:\xampp\htdocs\Food\system\CodeIgniter.php(419): CodeIgniter\CodeIgniter->runController(Object(App\Controllers\Carrinho))
#3 C:\xampp\htdocs\Food\system\CodeIgniter.php(326): CodeIgniter\CodeIgniter->handleRequest(NULL, Object(Config\Cache), false)
#4 C:\xampp\htdocs\Food\public\index.php(37): CodeIgniter\CodeIgniter->run()
#5 C:\xampp\htdocs\Food\system\Commands\Server\rewrite.php(43): require_once('C:\\xampp\\htdocs...')
#6 {main}
CRITICAL - 2025-07-15 21:35:56 --> Undefined property: stdClass::$medida_nome
#0 C:\xampp\htdocs\Food\app\Views\Finalizar\index.php(31): CodeIgniter\Debug\Exceptions->errorHandler(2, 'Undefined prope...', 'C:\\xampp\\htdocs...', 31)
#1 C:\xampp\htdocs\Food\system\View\View.php(210): include('C:\\xampp\\htdocs...')
#2 C:\xampp\htdocs\Food\system\View\View.php(213): CodeIgniter\View\View->CodeIgniter\View\{closure}()
#3 C:\xampp\htdocs\Food\system\Common.php(1089): CodeIgniter\View\View->render('Finalizar/index', Array, true)
#4 C:\xampp\htdocs\Food\app\Controllers\Finalizar.php(88): view('Finalizar/index', Array)
#5 C:\xampp\htdocs\Food\system\CodeIgniter.php(832): App\Controllers\Finalizar->index()
#6 C:\xampp\htdocs\Food\system\CodeIgniter.php(419): CodeIgniter\CodeIgniter->runController(Object(App\Controllers\Finalizar))
#7 C:\xampp\htdocs\Food\system\CodeIgniter.php(326): CodeIgniter\CodeIgniter->handleRequest(NULL, Object(Config\Cache), false)
#8 C:\xampp\htdocs\Food\public\index.php(37): CodeIgniter\CodeIgniter->run()
#9 C:\xampp\htdocs\Food\system\Commands\Server\rewrite.php(43): require_once('C:\\xampp\\htdocs...')
#10 {main}
CRITICAL - 2025-07-15 21:39:01 --> Class "App\Libraries\CarrinhoService" not found
#0 C:\xampp\htdocs\Food\system\CodeIgniter.php(809): App\Controllers\Finalizar->__construct()
#1 C:\xampp\htdocs\Food\system\CodeIgniter.php(410): CodeIgniter\CodeIgniter->createController()
#2 C:\xampp\htdocs\Food\system\CodeIgniter.php(326): CodeIgniter\CodeIgniter->handleRequest(NULL, Object(Config\Cache), false)
#3 C:\xampp\htdocs\Food\public\index.php(37): CodeIgniter\CodeIgniter->run()
#4 C:\xampp\htdocs\Food\system\Commands\Server\rewrite.php(43): require_once('C:\\xampp\\htdocs...')
#5 {main}
CRITICAL - 2025-07-15 21:39:04 --> Class "App\Libraries\CarrinhoService" not found
#0 C:\xampp\htdocs\Food\system\CodeIgniter.php(809): App\Controllers\Carrinho->__construct()
#1 C:\xampp\htdocs\Food\system\CodeIgniter.php(410): CodeIgniter\CodeIgniter->createController()
#2 C:\xampp\htdocs\Food\system\CodeIgniter.php(326): CodeIgniter\CodeIgniter->handleRequest(NULL, Object(Config\Cache), false)
#3 C:\xampp\htdocs\Food\public\index.php(37): CodeIgniter\CodeIgniter->run()
#4 C:\xampp\htdocs\Food\system\Commands\Server\rewrite.php(43): require_once('C:\\xampp\\htdocs...')
#5 {main}
CRITICAL - 2025-07-15 21:41:21 --> Undefined property: stdClass::$medida_nome
#0 C:\xampp\htdocs\Food\app\Views\Finalizar\index.php(31): CodeIgniter\Debug\Exceptions->errorHandler(2, 'Undefined prope...', 'C:\\xampp\\htdocs...', 31)
#1 C:\xampp\htdocs\Food\system\View\View.php(210): include('C:\\xampp\\htdocs...')
#2 C:\xampp\htdocs\Food\system\View\View.php(213): CodeIgniter\View\View->CodeIgniter\View\{closure}()
#3 C:\xampp\htdocs\Food\system\Common.php(1089): CodeIgniter\View\View->render('Finalizar/index', Array, true)
#4 C:\xampp\htdocs\Food\app\Controllers\Finalizar.php(82): view('Finalizar/index', Array)
#5 C:\xampp\htdocs\Food\system\CodeIgniter.php(832): App\Controllers\Finalizar->index()
#6 C:\xampp\htdocs\Food\system\CodeIgniter.php(419): CodeIgniter\CodeIgniter->runController(Object(App\Controllers\Finalizar))
#7 C:\xampp\htdocs\Food\system\CodeIgniter.php(326): CodeIgniter\CodeIgniter->handleRequest(NULL, Object(Config\Cache), false)
#8 C:\xampp\htdocs\Food\public\index.php(37): CodeIgniter\CodeIgniter->run()
#9 C:\xampp\htdocs\Food\system\Commands\Server\rewrite.php(43): require_once('C:\\xampp\\htdocs...')
#10 {main}
CRITICAL - 2025-07-15 21:41:58 --> Undefined property: stdClass::$medida_nome
#0 C:\xampp\htdocs\Food\app\Views\Finalizar\index.php(32): CodeIgniter\Debug\Exceptions->errorHandler(2, 'Undefined prope...', 'C:\\xampp\\htdocs...', 32)
#1 C:\xampp\htdocs\Food\system\View\View.php(210): include('C:\\xampp\\htdocs...')
#2 C:\xampp\htdocs\Food\system\View\View.php(213): CodeIgniter\View\View->CodeIgniter\View\{closure}()
#3 C:\xampp\htdocs\Food\system\Common.php(1089): CodeIgniter\View\View->render('Finalizar/index', Array, true)
#4 C:\xampp\htdocs\Food\app\Controllers\Finalizar.php(82): view('Finalizar/index', Array)
#5 C:\xampp\htdocs\Food\system\CodeIgniter.php(832): App\Controllers\Finalizar->index()
#6 C:\xampp\htdocs\Food\system\CodeIgniter.php(419): CodeIgniter\CodeIgniter->runController(Object(App\Controllers\Finalizar))
#7 C:\xampp\htdocs\Food\system\CodeIgniter.php(326): CodeIgniter\CodeIgniter->handleRequest(NULL, Object(Config\Cache), false)
#8 C:\xampp\htdocs\Food\public\index.php(37): CodeIgniter\CodeIgniter->run()
#9 C:\xampp\htdocs\Food\system\Commands\Server\rewrite.php(43): require_once('C:\\xampp\\htdocs...')
#10 {main}
CRITICAL - 2025-07-15 21:41:59 --> Undefined property: stdClass::$medida_nome
#0 C:\xampp\htdocs\Food\app\Views\Finalizar\index.php(32): CodeIgniter\Debug\Exceptions->errorHandler(2, 'Undefined prope...', 'C:\\xampp\\htdocs...', 32)
#1 C:\xampp\htdocs\Food\system\View\View.php(210): include('C:\\xampp\\htdocs...')
#2 C:\xampp\htdocs\Food\system\View\View.php(213): CodeIgniter\View\View->CodeIgniter\View\{closure}()
#3 C:\xampp\htdocs\Food\system\Common.php(1089): CodeIgniter\View\View->render('Finalizar/index', Array, true)
#4 C:\xampp\htdocs\Food\app\Controllers\Finalizar.php(82): view('Finalizar/index', Array)
#5 C:\xampp\htdocs\Food\system\CodeIgniter.php(832): App\Controllers\Finalizar->index()
#6 C:\xampp\htdocs\Food\system\CodeIgniter.php(419): CodeIgniter\CodeIgniter->runController(Object(App\Controllers\Finalizar))
#7 C:\xampp\htdocs\Food\system\CodeIgniter.php(326): CodeIgniter\CodeIgniter->handleRequest(NULL, Object(Config\Cache), false)
#8 C:\xampp\htdocs\Food\public\index.php(37): CodeIgniter\CodeIgniter->run()
#9 C:\xampp\htdocs\Food\system\Commands\Server\rewrite.php(43): require_once('C:\\xampp\\htdocs...')
#10 {main}
CRITICAL - 2025-07-15 21:41:59 --> Undefined property: stdClass::$medida_nome
#0 C:\xampp\htdocs\Food\app\Views\Finalizar\index.php(32): CodeIgniter\Debug\Exceptions->errorHandler(2, 'Undefined prope...', 'C:\\xampp\\htdocs...', 32)
#1 C:\xampp\htdocs\Food\system\View\View.php(210): include('C:\\xampp\\htdocs...')
#2 C:\xampp\htdocs\Food\system\View\View.php(213): CodeIgniter\View\View->CodeIgniter\View\{closure}()
#3 C:\xampp\htdocs\Food\system\Common.php(1089): CodeIgniter\View\View->render('Finalizar/index', Array, true)
#4 C:\xampp\htdocs\Food\app\Controllers\Finalizar.php(82): view('Finalizar/index', Array)
#5 C:\xampp\htdocs\Food\system\CodeIgniter.php(832): App\Controllers\Finalizar->index()
#6 C:\xampp\htdocs\Food\system\CodeIgniter.php(419): CodeIgniter\CodeIgniter->runController(Object(App\Controllers\Finalizar))
#7 C:\xampp\htdocs\Food\system\CodeIgniter.php(326): CodeIgniter\CodeIgniter->handleRequest(NULL, Object(Config\Cache), false)
#8 C:\xampp\htdocs\Food\public\index.php(37): CodeIgniter\CodeIgniter->run()
#9 C:\xampp\htdocs\Food\system\Commands\Server\rewrite.php(43): require_once('C:\\xampp\\htdocs...')
#10 {main}
CRITICAL - 2025-07-15 21:42:00 --> Undefined property: stdClass::$medida_nome
#0 C:\xampp\htdocs\Food\app\Views\Finalizar\index.php(32): CodeIgniter\Debug\Exceptions->errorHandler(2, 'Undefined prope...', 'C:\\xampp\\htdocs...', 32)
#1 C:\xampp\htdocs\Food\system\View\View.php(210): include('C:\\xampp\\htdocs...')
#2 C:\xampp\htdocs\Food\system\View\View.php(213): CodeIgniter\View\View->CodeIgniter\View\{closure}()
#3 C:\xampp\htdocs\Food\system\Common.php(1089): CodeIgniter\View\View->render('Finalizar/index', Array, true)
#4 C:\xampp\htdocs\Food\app\Controllers\Finalizar.php(82): view('Finalizar/index', Array)
#5 C:\xampp\htdocs\Food\system\CodeIgniter.php(832): App\Controllers\Finalizar->index()
#6 C:\xampp\htdocs\Food\system\CodeIgniter.php(419): CodeIgniter\CodeIgniter->runController(Object(App\Controllers\Finalizar))
#7 C:\xampp\htdocs\Food\system\CodeIgniter.php(326): CodeIgniter\CodeIgniter->handleRequest(NULL, Object(Config\Cache), false)
#8 C:\xampp\htdocs\Food\public\index.php(37): CodeIgniter\CodeIgniter->run()
#9 C:\xampp\htdocs\Food\system\Commands\Server\rewrite.php(43): require_once('C:\\xampp\\htdocs...')
#10 {main}
CRITICAL - 2025-07-15 21:42:45 --> Undefined variable $produtos
#0 C:\xampp\htdocs\Food\app\Views\layout\principal.php(242): CodeIgniter\Debug\Exceptions->errorHandler(2, 'Undefined varia...', 'C:\\xampp\\htdocs...', 242)
#1 C:\xampp\htdocs\Food\system\View\View.php(210): include('C:\\xampp\\htdocs...')
#2 C:\xampp\htdocs\Food\system\View\View.php(213): CodeIgniter\View\View->CodeIgniter\View\{closure}()
#3 C:\xampp\htdocs\Food\system\View\View.php(226): CodeIgniter\View\View->render('layout/principa...', Array, true)
#4 C:\xampp\htdocs\Food\system\Common.php(1089): CodeIgniter\View\View->render('Finalizar/index', Array, true)
#5 C:\xampp\htdocs\Food\app\Controllers\Finalizar.php(82): view('Finalizar/index', Array)
#6 C:\xampp\htdocs\Food\system\CodeIgniter.php(832): App\Controllers\Finalizar->index()
#7 C:\xampp\htdocs\Food\system\CodeIgniter.php(419): CodeIgniter\CodeIgniter->runController(Object(App\Controllers\Finalizar))
#8 C:\xampp\htdocs\Food\system\CodeIgniter.php(326): CodeIgniter\CodeIgniter->handleRequest(NULL, Object(Config\Cache), false)
#9 C:\xampp\htdocs\Food\public\index.php(37): CodeIgniter\CodeIgniter->run()
#10 C:\xampp\htdocs\Food\system\Commands\Server\rewrite.php(43): require_once('C:\\xampp\\htdocs...')
#11 {main}
CRITICAL - 2025-07-15 21:43:10 --> Undefined variable $produtos
#0 C:\xampp\htdocs\Food\app\Views\layout\principal.php(242): CodeIgniter\Debug\Exceptions->errorHandler(2, 'Undefined varia...', 'C:\\xampp\\htdocs...', 242)
#1 C:\xampp\htdocs\Food\system\View\View.php(210): include('C:\\xampp\\htdocs...')
#2 C:\xampp\htdocs\Food\system\View\View.php(213): CodeIgniter\View\View->CodeIgniter\View\{closure}()
#3 C:\xampp\htdocs\Food\system\View\View.php(226): CodeIgniter\View\View->render('layout/principa...', Array, true)
#4 C:\xampp\htdocs\Food\system\Common.php(1089): CodeIgniter\View\View->render('Finalizar/index', Array, true)
#5 C:\xampp\htdocs\Food\app\Controllers\Finalizar.php(82): view('Finalizar/index', Array)
#6 C:\xampp\htdocs\Food\system\CodeIgniter.php(832): App\Controllers\Finalizar->index()
#7 C:\xampp\htdocs\Food\system\CodeIgniter.php(419): CodeIgniter\CodeIgniter->runController(Object(App\Controllers\Finalizar))
#8 C:\xampp\htdocs\Food\system\CodeIgniter.php(326): CodeIgniter\CodeIgniter->handleRequest(NULL, Object(Config\Cache), false)
#9 C:\xampp\htdocs\Food\public\index.php(37): CodeIgniter\CodeIgniter->run()
#10 C:\xampp\htdocs\Food\system\Commands\Server\rewrite.php(43): require_once('C:\\xampp\\htdocs...')
#11 {main}
CRITICAL - 2025-07-15 21:43:11 --> Undefined variable $produtos
#0 C:\xampp\htdocs\Food\app\Views\layout\principal.php(242): CodeIgniter\Debug\Exceptions->errorHandler(2, 'Undefined varia...', 'C:\\xampp\\htdocs...', 242)
#1 C:\xampp\htdocs\Food\system\View\View.php(210): include('C:\\xampp\\htdocs...')
#2 C:\xampp\htdocs\Food\system\View\View.php(213): CodeIgniter\View\View->CodeIgniter\View\{closure}()
#3 C:\xampp\htdocs\Food\system\View\View.php(226): CodeIgniter\View\View->render('layout/principa...', Array, true)
#4 C:\xampp\htdocs\Food\system\Common.php(1089): CodeIgniter\View\View->render('Finalizar/index', Array, true)
#5 C:\xampp\htdocs\Food\app\Controllers\Finalizar.php(82): view('Finalizar/index', Array)
#6 C:\xampp\htdocs\Food\system\CodeIgniter.php(832): App\Controllers\Finalizar->index()
#7 C:\xampp\htdocs\Food\system\CodeIgniter.php(419): CodeIgniter\CodeIgniter->runController(Object(App\Controllers\Finalizar))
#8 C:\xampp\htdocs\Food\system\CodeIgniter.php(326): CodeIgniter\CodeIgniter->handleRequest(NULL, Object(Config\Cache), false)
#9 C:\xampp\htdocs\Food\public\index.php(37): CodeIgniter\CodeIgniter->run()
#10 C:\xampp\htdocs\Food\system\Commands\Server\rewrite.php(43): require_once('C:\\xampp\\htdocs...')
#11 {main}
CRITICAL - 2025-07-15 21:44:50 --> Undefined property: stdClass::$medida_nome
#0 C:\xampp\htdocs\Food\app\Controllers\Finalizar.php(131): CodeIgniter\Debug\Exceptions->errorHandler(2, 'Undefined prope...', 'C:\\xampp\\htdocs...', 131)
#1 C:\xampp\htdocs\Food\system\CodeIgniter.php(832): App\Controllers\Finalizar->enviar()
#2 C:\xampp\htdocs\Food\system\CodeIgniter.php(419): CodeIgniter\CodeIgniter->runController(Object(App\Controllers\Finalizar))
#3 C:\xampp\htdocs\Food\system\CodeIgniter.php(326): CodeIgniter\CodeIgniter->handleRequest(NULL, Object(Config\Cache), false)
#4 C:\xampp\htdocs\Food\public\index.php(37): CodeIgniter\CodeIgniter->run()
#5 C:\xampp\htdocs\Food\system\Commands\Server\rewrite.php(43): require_once('C:\\xampp\\htdocs...')
#6 {main}
