ERROR - 2025-06-05 01:08:00 --> Error connecting to the database: mysqli_sql_exception: No such file or directory in /opt/lampp/htdocs/food/system/Database/MySQLi/Connection.php:201
Stack trace:
#0 /opt/lampp/htdocs/food/system/Database/MySQLi/Connection.php(201): mysqli->real_connect()
#1 /opt/lampp/htdocs/food/system/Database/BaseConnection.php(421): CodeIgniter\Database\MySQLi\Connection->connect()
#2 /opt/lampp/htdocs/food/system/Database/BaseConnection.php(620): CodeIgniter\Database\BaseConnection->initialize()
#3 /opt/lampp/htdocs/food/system/Database/BaseConnection.php(1525): CodeIgniter\Database\BaseConnection->query()
#4 /opt/lampp/htdocs/food/system/Database/BaseConnection.php(1545): CodeIgniter\Database\BaseConnection->listTables()
#5 /opt/lampp/htdocs/food/system/Database/MigrationRunner.php(768): CodeIgniter\Database\BaseConnection->tableExists()
#6 /opt/lampp/htdocs/food/system/Database/MigrationRunner.php(162): CodeIgniter\Database\MigrationRunner->ensureTable()
#7 /opt/lampp/htdocs/food/system/Commands/Database/Migrate.php(85): CodeIgniter\Database\MigrationRunner->latest()
#8 /opt/lampp/htdocs/food/system/CLI/Commands.php(74): CodeIgniter\Commands\Database\Migrate->run()
#9 /opt/lampp/htdocs/food/system/CLI/Console.php(47): CodeIgniter\CLI\Commands->run()
#10 /opt/lampp/htdocs/food/system/Boot.php(360): CodeIgniter\CLI\Console->run()
#11 /opt/lampp/htdocs/food/system/Boot.php(104): CodeIgniter\Boot::runCommand()
#12 /opt/lampp/htdocs/food/spark(87): CodeIgniter\Boot::bootSpark()
#13 {main}

Next CodeIgniter\Database\Exceptions\DatabaseException: No such file or directory in /opt/lampp/htdocs/food/system/Database/MySQLi/Connection.php:246
Stack trace:
#0 /opt/lampp/htdocs/food/system/Database/BaseConnection.php(421): CodeIgniter\Database\MySQLi\Connection->connect()
#1 /opt/lampp/htdocs/food/system/Database/BaseConnection.php(620): CodeIgniter\Database\BaseConnection->initialize()
#2 /opt/lampp/htdocs/food/system/Database/BaseConnection.php(1525): CodeIgniter\Database\BaseConnection->query()
#3 /opt/lampp/htdocs/food/system/Database/BaseConnection.php(1545): CodeIgniter\Database\BaseConnection->listTables()
#4 /opt/lampp/htdocs/food/system/Database/MigrationRunner.php(768): CodeIgniter\Database\BaseConnection->tableExists()
#5 /opt/lampp/htdocs/food/system/Database/MigrationRunner.php(162): CodeIgniter\Database\MigrationRunner->ensureTable()
#6 /opt/lampp/htdocs/food/system/Commands/Database/Migrate.php(85): CodeIgniter\Database\MigrationRunner->latest()
#7 /opt/lampp/htdocs/food/system/CLI/Commands.php(74): CodeIgniter\Commands\Database\Migrate->run()
#8 /opt/lampp/htdocs/food/system/CLI/Console.php(47): CodeIgniter\CLI\Commands->run()
#9 /opt/lampp/htdocs/food/system/Boot.php(360): CodeIgniter\CLI\Console->run()
#10 /opt/lampp/htdocs/food/system/Boot.php(104): CodeIgniter\Boot::runCommand()
#11 /opt/lampp/htdocs/food/spark(87): CodeIgniter\Boot::bootSpark()
#12 {main}
ERROR - 2025-06-05 01:12:27 --> Error connecting to the database: mysqli_sql_exception: No such file or directory in /opt/lampp/htdocs/food/system/Database/MySQLi/Connection.php:201
Stack trace:
#0 /opt/lampp/htdocs/food/system/Database/MySQLi/Connection.php(201): mysqli->real_connect()
#1 /opt/lampp/htdocs/food/system/Database/BaseConnection.php(421): CodeIgniter\Database\MySQLi\Connection->connect()
#2 /opt/lampp/htdocs/food/system/Database/BaseConnection.php(620): CodeIgniter\Database\BaseConnection->initialize()
#3 /opt/lampp/htdocs/food/system/Database/BaseConnection.php(1525): CodeIgniter\Database\BaseConnection->query()
#4 /opt/lampp/htdocs/food/system/Database/BaseConnection.php(1545): CodeIgniter\Database\BaseConnection->listTables()
#5 /opt/lampp/htdocs/food/system/Database/MigrationRunner.php(768): CodeIgniter\Database\BaseConnection->tableExists()
#6 /opt/lampp/htdocs/food/system/Database/MigrationRunner.php(162): CodeIgniter\Database\MigrationRunner->ensureTable()
#7 /opt/lampp/htdocs/food/system/Commands/Database/Migrate.php(85): CodeIgniter\Database\MigrationRunner->latest()
#8 /opt/lampp/htdocs/food/system/CLI/Commands.php(74): CodeIgniter\Commands\Database\Migrate->run()
#9 /opt/lampp/htdocs/food/system/CLI/Console.php(47): CodeIgniter\CLI\Commands->run()
#10 /opt/lampp/htdocs/food/system/Boot.php(360): CodeIgniter\CLI\Console->run()
#11 /opt/lampp/htdocs/food/system/Boot.php(104): CodeIgniter\Boot::runCommand()
#12 /opt/lampp/htdocs/food/spark(87): CodeIgniter\Boot::bootSpark()
#13 {main}

Next CodeIgniter\Database\Exceptions\DatabaseException: No such file or directory in /opt/lampp/htdocs/food/system/Database/MySQLi/Connection.php:246
Stack trace:
#0 /opt/lampp/htdocs/food/system/Database/BaseConnection.php(421): CodeIgniter\Database\MySQLi\Connection->connect()
#1 /opt/lampp/htdocs/food/system/Database/BaseConnection.php(620): CodeIgniter\Database\BaseConnection->initialize()
#2 /opt/lampp/htdocs/food/system/Database/BaseConnection.php(1525): CodeIgniter\Database\BaseConnection->query()
#3 /opt/lampp/htdocs/food/system/Database/BaseConnection.php(1545): CodeIgniter\Database\BaseConnection->listTables()
#4 /opt/lampp/htdocs/food/system/Database/MigrationRunner.php(768): CodeIgniter\Database\BaseConnection->tableExists()
#5 /opt/lampp/htdocs/food/system/Database/MigrationRunner.php(162): CodeIgniter\Database\MigrationRunner->ensureTable()
#6 /opt/lampp/htdocs/food/system/Commands/Database/Migrate.php(85): CodeIgniter\Database\MigrationRunner->latest()
#7 /opt/lampp/htdocs/food/system/CLI/Commands.php(74): CodeIgniter\Commands\Database\Migrate->run()
#8 /opt/lampp/htdocs/food/system/CLI/Console.php(47): CodeIgniter\CLI\Commands->run()
#9 /opt/lampp/htdocs/food/system/Boot.php(360): CodeIgniter\CLI\Console->run()
#10 /opt/lampp/htdocs/food/system/Boot.php(104): CodeIgniter\Boot::runCommand()
#11 /opt/lampp/htdocs/food/spark(87): CodeIgniter\Boot::bootSpark()
#12 {main}
ERROR - 2025-06-05 01:13:51 --> Error connecting to the database: mysqli_sql_exception: No such file or directory in /opt/lampp/htdocs/food/system/Database/MySQLi/Connection.php:201
Stack trace:
#0 /opt/lampp/htdocs/food/system/Database/MySQLi/Connection.php(201): mysqli->real_connect()
#1 /opt/lampp/htdocs/food/system/Database/BaseConnection.php(421): CodeIgniter\Database\MySQLi\Connection->connect()
#2 /opt/lampp/htdocs/food/system/Database/BaseConnection.php(620): CodeIgniter\Database\BaseConnection->initialize()
#3 /opt/lampp/htdocs/food/system/Database/BaseConnection.php(1525): CodeIgniter\Database\BaseConnection->query()
#4 /opt/lampp/htdocs/food/system/Database/BaseConnection.php(1545): CodeIgniter\Database\BaseConnection->listTables()
#5 /opt/lampp/htdocs/food/system/Database/MigrationRunner.php(768): CodeIgniter\Database\BaseConnection->tableExists()
#6 /opt/lampp/htdocs/food/system/Database/MigrationRunner.php(162): CodeIgniter\Database\MigrationRunner->ensureTable()
#7 /opt/lampp/htdocs/food/system/Commands/Database/Migrate.php(85): CodeIgniter\Database\MigrationRunner->latest()
#8 /opt/lampp/htdocs/food/system/CLI/Commands.php(74): CodeIgniter\Commands\Database\Migrate->run()
#9 /opt/lampp/htdocs/food/system/CLI/Console.php(47): CodeIgniter\CLI\Commands->run()
#10 /opt/lampp/htdocs/food/system/Boot.php(360): CodeIgniter\CLI\Console->run()
#11 /opt/lampp/htdocs/food/system/Boot.php(104): CodeIgniter\Boot::runCommand()
#12 /opt/lampp/htdocs/food/spark(87): CodeIgniter\Boot::bootSpark()
#13 {main}

Next CodeIgniter\Database\Exceptions\DatabaseException: No such file or directory in /opt/lampp/htdocs/food/system/Database/MySQLi/Connection.php:246
Stack trace:
#0 /opt/lampp/htdocs/food/system/Database/BaseConnection.php(421): CodeIgniter\Database\MySQLi\Connection->connect()
#1 /opt/lampp/htdocs/food/system/Database/BaseConnection.php(620): CodeIgniter\Database\BaseConnection->initialize()
#2 /opt/lampp/htdocs/food/system/Database/BaseConnection.php(1525): CodeIgniter\Database\BaseConnection->query()
#3 /opt/lampp/htdocs/food/system/Database/BaseConnection.php(1545): CodeIgniter\Database\BaseConnection->listTables()
#4 /opt/lampp/htdocs/food/system/Database/MigrationRunner.php(768): CodeIgniter\Database\BaseConnection->tableExists()
#5 /opt/lampp/htdocs/food/system/Database/MigrationRunner.php(162): CodeIgniter\Database\MigrationRunner->ensureTable()
#6 /opt/lampp/htdocs/food/system/Commands/Database/Migrate.php(85): CodeIgniter\Database\MigrationRunner->latest()
#7 /opt/lampp/htdocs/food/system/CLI/Commands.php(74): CodeIgniter\Commands\Database\Migrate->run()
#8 /opt/lampp/htdocs/food/system/CLI/Console.php(47): CodeIgniter\CLI\Commands->run()
#9 /opt/lampp/htdocs/food/system/Boot.php(360): CodeIgniter\CLI\Console->run()
#10 /opt/lampp/htdocs/food/system/Boot.php(104): CodeIgniter\Boot::runCommand()
#11 /opt/lampp/htdocs/food/spark(87): CodeIgniter\Boot::bootSpark()
#12 {main}
