ERROR - 2025-06-28 08:14:42 --> Error connecting to the database: MySQL server has gone away
CRITICAL - 2025-06-28 08:14:42 --> Unable to connect to the database.
Main connection [MySQLi]: MySQL server has gone away
#0 C:\xampp\htdocs\Food\system\Database\BaseConnection.php(577): CodeIgniter\Database\BaseConnection->initialize()
#1 C:\xampp\htdocs\Food\system\Database\BaseBuilder.php(1455): CodeIgniter\Database\BaseConnection->query('SELECT *\nFROM `...', Array, false)
#2 C:\xampp\htdocs\Food\system\Model.php(210): CodeIgniter\Database\BaseBuilder->get()
#3 C:\xampp\htdocs\Food\system\BaseModel.php(622): CodeIgniter\Model->doFirst()
#4 C:\xampp\htdocs\Food\app\Models\UsuarioModel.php(103): CodeIgniter\BaseModel->first()
#5 C:\xampp\htdocs\Food\app\Libraries\Autenticacao.php(21): App\Models\UsuarioModel->buscaUsuarioPorEmail('seudeliverytrx@...')
#6 C:\xampp\htdocs\Food\app\Controllers\Login.php(24): App\Libraries\Autenticacao->login('seudeliverytrx@...', 'K@io310107ff')
#7 C:\xampp\htdocs\Food\system\CodeIgniter.php(832): App\Controllers\Login->criar()
#8 C:\xampp\htdocs\Food\system\CodeIgniter.php(419): CodeIgniter\CodeIgniter->runController(Object(App\Controllers\Login))
#9 C:\xampp\htdocs\Food\system\CodeIgniter.php(326): CodeIgniter\CodeIgniter->handleRequest(NULL, Object(Config\Cache), false)
#10 C:\xampp\htdocs\Food\public\index.php(37): CodeIgniter\CodeIgniter->run()
#11 C:\xampp\htdocs\Food\system\Commands\Server\rewrite.php(43): require_once('C:\\xampp\\htdocs...')
#12 {main}
ERROR - 2025-06-28 08:15:55 --> Error connecting to the database: MySQL server has gone away
CRITICAL - 2025-06-28 08:15:55 --> Unable to connect to the database.
Main connection [MySQLi]: MySQL server has gone away
#0 C:\xampp\htdocs\Food\system\Database\BaseConnection.php(577): CodeIgniter\Database\BaseConnection->initialize()
#1 C:\xampp\htdocs\Food\system\Database\BaseBuilder.php(1455): CodeIgniter\Database\BaseConnection->query('SELECT *\nFROM `...', Array, false)
#2 C:\xampp\htdocs\Food\system\Model.php(210): CodeIgniter\Database\BaseBuilder->get()
#3 C:\xampp\htdocs\Food\system\BaseModel.php(622): CodeIgniter\Model->doFirst()
#4 C:\xampp\htdocs\Food\app\Models\UsuarioModel.php(103): CodeIgniter\BaseModel->first()
#5 C:\xampp\htdocs\Food\app\Libraries\Autenticacao.php(21): App\Models\UsuarioModel->buscaUsuarioPorEmail('seudeliverytrx@...')
#6 C:\xampp\htdocs\Food\app\Controllers\Login.php(24): App\Libraries\Autenticacao->login('seudeliverytrx@...', 'K@io310107ff')
#7 C:\xampp\htdocs\Food\system\CodeIgniter.php(832): App\Controllers\Login->criar()
#8 C:\xampp\htdocs\Food\system\CodeIgniter.php(419): CodeIgniter\CodeIgniter->runController(Object(App\Controllers\Login))
#9 C:\xampp\htdocs\Food\system\CodeIgniter.php(326): CodeIgniter\CodeIgniter->handleRequest(NULL, Object(Config\Cache), false)
#10 C:\xampp\htdocs\Food\public\index.php(37): CodeIgniter\CodeIgniter->run()
#11 C:\xampp\htdocs\Food\system\Commands\Server\rewrite.php(43): require_once('C:\\xampp\\htdocs...')
#12 {main}
CRITICAL - 2025-06-28 08:56:21 --> mysqli_result::fetch_object(): Argument #1 ($class) must be a valid class name, OBJECT given
#0 C:\xampp\htdocs\Food\system\Database\MySQLi\Result.php(148): mysqli_result->fetch_object('OBJECT')
#1 C:\xampp\htdocs\Food\system\Database\BaseResult.php(149): CodeIgniter\Database\MySQLi\Result->fetchObject('OBJECT')
#2 C:\xampp\htdocs\Food\system\Database\BaseResult.php(106): CodeIgniter\Database\BaseResult->getCustomResultObject('OBJECT')
#3 C:\xampp\htdocs\Food\system\Model.php(184): CodeIgniter\Database\BaseResult->getResult('OBJECT')
#4 C:\xampp\htdocs\Food\system\BaseModel.php(584): CodeIgniter\Model->doFindAll(10, 0)
#5 C:\xampp\htdocs\Food\system\BaseModel.php(1088): CodeIgniter\BaseModel->findAll(10, 0)
#6 C:\xampp\htdocs\Food\app\Models\ProdutoEspecificacaoModel.php(32): CodeIgniter\BaseModel->paginate(10)
#7 C:\xampp\htdocs\Food\app\Controllers\Admin\Produtos.php(406): App\Models\ProdutoEspecificacaoModel->buscaEspecificacoesDoProduto(1, 10)
#8 C:\xampp\htdocs\Food\system\CodeIgniter.php(832): App\Controllers\Admin\Produtos->especificacoes('1')
#9 C:\xampp\htdocs\Food\system\CodeIgniter.php(419): CodeIgniter\CodeIgniter->runController(Object(App\Controllers\Admin\Produtos))
#10 C:\xampp\htdocs\Food\system\CodeIgniter.php(326): CodeIgniter\CodeIgniter->handleRequest(NULL, Object(Config\Cache), false)
#11 C:\xampp\htdocs\Food\public\index.php(37): CodeIgniter\CodeIgniter->run()
#12 C:\xampp\htdocs\Food\system\Commands\Server\rewrite.php(43): require_once('C:\\xampp\\htdocs...')
#13 {main}
ERROR - 2025-06-28 09:00:11 --> Unknown column 'produtos_especificacoes.customizavel' in 'field list'
CRITICAL - 2025-06-28 09:00:11 --> Unknown column 'produtos_especificacoes.customizavel' in 'field list'
#0 C:\xampp\htdocs\Food\system\Database\MySQLi\Connection.php(292): mysqli->query('SELECT `produto...', 0)
#1 C:\xampp\htdocs\Food\system\Database\BaseConnection.php(670): CodeIgniter\Database\MySQLi\Connection->execute('SELECT `produto...')
#2 C:\xampp\htdocs\Food\system\Database\BaseConnection.php(598): CodeIgniter\Database\BaseConnection->simpleQuery('SELECT `produto...')
#3 C:\xampp\htdocs\Food\system\Database\BaseBuilder.php(1455): CodeIgniter\Database\BaseConnection->query('SELECT `produto...', Array, false)
#4 C:\xampp\htdocs\Food\system\Model.php(183): CodeIgniter\Database\BaseBuilder->get()
#5 C:\xampp\htdocs\Food\system\BaseModel.php(584): CodeIgniter\Model->doFindAll(10, 0)
#6 C:\xampp\htdocs\Food\system\BaseModel.php(1088): CodeIgniter\BaseModel->findAll(10, 0)
#7 C:\xampp\htdocs\Food\app\Models\ProdutoEspecificacaoModel.php(50): CodeIgniter\BaseModel->paginate(10)
#8 C:\xampp\htdocs\Food\app\Controllers\Admin\Produtos.php(408): App\Models\ProdutoEspecificacaoModel->buscaEspecificacoesDoProduto(1, 10)
#9 C:\xampp\htdocs\Food\system\CodeIgniter.php(832): App\Controllers\Admin\Produtos->especificacoes('1')
#10 C:\xampp\htdocs\Food\system\CodeIgniter.php(419): CodeIgniter\CodeIgniter->runController(Object(App\Controllers\Admin\Produtos))
#11 C:\xampp\htdocs\Food\system\CodeIgniter.php(326): CodeIgniter\CodeIgniter->handleRequest(NULL, Object(Config\Cache), false)
#12 C:\xampp\htdocs\Food\public\index.php(37): CodeIgniter\CodeIgniter->run()
#13 C:\xampp\htdocs\Food\system\Commands\Server\rewrite.php(43): require_once('C:\\xampp\\htdocs...')
#14 {main}
ERROR - 2025-06-28 09:00:22 --> Unknown column 'produtos_especificacoes.customizavel' in 'field list'
CRITICAL - 2025-06-28 09:00:22 --> Unknown column 'produtos_especificacoes.customizavel' in 'field list'
#0 C:\xampp\htdocs\Food\system\Database\MySQLi\Connection.php(292): mysqli->query('SELECT `produto...', 0)
#1 C:\xampp\htdocs\Food\system\Database\BaseConnection.php(670): CodeIgniter\Database\MySQLi\Connection->execute('SELECT `produto...')
#2 C:\xampp\htdocs\Food\system\Database\BaseConnection.php(598): CodeIgniter\Database\BaseConnection->simpleQuery('SELECT `produto...')
#3 C:\xampp\htdocs\Food\system\Database\BaseBuilder.php(1455): CodeIgniter\Database\BaseConnection->query('SELECT `produto...', Array, false)
#4 C:\xampp\htdocs\Food\system\Model.php(183): CodeIgniter\Database\BaseBuilder->get()
#5 C:\xampp\htdocs\Food\system\BaseModel.php(584): CodeIgniter\Model->doFindAll(10, 0)
#6 C:\xampp\htdocs\Food\system\BaseModel.php(1088): CodeIgniter\BaseModel->findAll(10, 0)
#7 C:\xampp\htdocs\Food\app\Models\ProdutoEspecificacaoModel.php(50): CodeIgniter\BaseModel->paginate(10)
#8 C:\xampp\htdocs\Food\app\Controllers\Admin\Produtos.php(408): App\Models\ProdutoEspecificacaoModel->buscaEspecificacoesDoProduto(1, 10)
#9 C:\xampp\htdocs\Food\system\CodeIgniter.php(832): App\Controllers\Admin\Produtos->especificacoes('1')
#10 C:\xampp\htdocs\Food\system\CodeIgniter.php(419): CodeIgniter\CodeIgniter->runController(Object(App\Controllers\Admin\Produtos))
#11 C:\xampp\htdocs\Food\system\CodeIgniter.php(326): CodeIgniter\CodeIgniter->handleRequest(NULL, Object(Config\Cache), false)
#12 C:\xampp\htdocs\Food\public\index.php(37): CodeIgniter\CodeIgniter->run()
#13 C:\xampp\htdocs\Food\system\Commands\Server\rewrite.php(43): require_once('C:\\xampp\\htdocs...')
#14 {main}
CRITICAL - 2025-06-28 09:01:14 --> mysqli_result::fetch_object(): Argument #1 ($class) must be a valid class name, OBJECT given
#0 C:\xampp\htdocs\Food\system\Database\MySQLi\Result.php(148): mysqli_result->fetch_object('OBJECT')
#1 C:\xampp\htdocs\Food\system\Database\BaseResult.php(149): CodeIgniter\Database\MySQLi\Result->fetchObject('OBJECT')
#2 C:\xampp\htdocs\Food\system\Database\BaseResult.php(106): CodeIgniter\Database\BaseResult->getCustomResultObject('OBJECT')
#3 C:\xampp\htdocs\Food\system\Model.php(184): CodeIgniter\Database\BaseResult->getResult('OBJECT')
#4 C:\xampp\htdocs\Food\system\BaseModel.php(584): CodeIgniter\Model->doFindAll(10, 0)
#5 C:\xampp\htdocs\Food\system\BaseModel.php(1088): CodeIgniter\BaseModel->findAll(10, 0)
#6 C:\xampp\htdocs\Food\app\Models\ProdutoEspecificacaoModel.php(50): CodeIgniter\BaseModel->paginate(10)
#7 C:\xampp\htdocs\Food\app\Controllers\Admin\Produtos.php(408): App\Models\ProdutoEspecificacaoModel->buscaEspecificacoesDoProduto(1, 10)
#8 C:\xampp\htdocs\Food\system\CodeIgniter.php(832): App\Controllers\Admin\Produtos->especificacoes('1')
#9 C:\xampp\htdocs\Food\system\CodeIgniter.php(419): CodeIgniter\CodeIgniter->runController(Object(App\Controllers\Admin\Produtos))
#10 C:\xampp\htdocs\Food\system\CodeIgniter.php(326): CodeIgniter\CodeIgniter->handleRequest(NULL, Object(Config\Cache), false)
#11 C:\xampp\htdocs\Food\public\index.php(37): CodeIgniter\CodeIgniter->run()
#12 C:\xampp\htdocs\Food\system\Commands\Server\rewrite.php(43): require_once('C:\\xampp\\htdocs...')
#13 {main}
ERROR - 2025-06-28 09:32:03 --> Unknown column 'produtos_especificacoes.customizavel' in 'field list'
CRITICAL - 2025-06-28 09:32:03 --> Unknown column 'produtos_especificacoes.customizavel' in 'field list'
#0 C:\xampp\htdocs\Food\system\Database\MySQLi\Connection.php(292): mysqli->query('SELECT `medidas...', 0)
#1 C:\xampp\htdocs\Food\system\Database\BaseConnection.php(670): CodeIgniter\Database\MySQLi\Connection->execute('SELECT `medidas...')
#2 C:\xampp\htdocs\Food\system\Database\BaseConnection.php(598): CodeIgniter\Database\BaseConnection->simpleQuery('SELECT `medidas...')
#3 C:\xampp\htdocs\Food\system\Database\BaseBuilder.php(1455): CodeIgniter\Database\BaseConnection->query('SELECT `medidas...', Array, false)
#4 C:\xampp\htdocs\Food\system\Model.php(183): CodeIgniter\Database\BaseBuilder->get()
#5 C:\xampp\htdocs\Food\system\BaseModel.php(584): CodeIgniter\Model->doFindAll(10, 0)
#6 C:\xampp\htdocs\Food\system\BaseModel.php(1088): CodeIgniter\BaseModel->findAll(10, 0)
#7 C:\xampp\htdocs\Food\app\Models\ProdutoEspecificacaoModel.php(29): CodeIgniter\BaseModel->paginate(10)
#8 C:\xampp\htdocs\Food\app\Controllers\Admin\Produtos.php(407): App\Models\ProdutoEspecificacaoModel->buscaEspecificacoesDoProduto(1, 10)
#9 C:\xampp\htdocs\Food\system\CodeIgniter.php(832): App\Controllers\Admin\Produtos->especificacoes('1')
#10 C:\xampp\htdocs\Food\system\CodeIgniter.php(419): CodeIgniter\CodeIgniter->runController(Object(App\Controllers\Admin\Produtos))
#11 C:\xampp\htdocs\Food\system\CodeIgniter.php(326): CodeIgniter\CodeIgniter->handleRequest(NULL, Object(Config\Cache), false)
#12 C:\xampp\htdocs\Food\public\index.php(37): CodeIgniter\CodeIgniter->run()
#13 C:\xampp\htdocs\Food\system\Commands\Server\rewrite.php(43): require_once('C:\\xampp\\htdocs...')
#14 {main}
ERROR - 2025-06-28 10:18:44 --> Unknown column 'produtos_especificacoes.customizavel' in 'field list'
CRITICAL - 2025-06-28 10:18:44 --> Unknown column 'produtos_especificacoes.customizavel' in 'field list'
#0 C:\xampp\htdocs\Food\system\Database\MySQLi\Connection.php(292): mysqli->query('SELECT `medidas...', 0)
#1 C:\xampp\htdocs\Food\system\Database\BaseConnection.php(670): CodeIgniter\Database\MySQLi\Connection->execute('SELECT `medidas...')
#2 C:\xampp\htdocs\Food\system\Database\BaseConnection.php(598): CodeIgniter\Database\BaseConnection->simpleQuery('SELECT `medidas...')
#3 C:\xampp\htdocs\Food\system\Database\BaseBuilder.php(1455): CodeIgniter\Database\BaseConnection->query('SELECT `medidas...', Array, false)
#4 C:\xampp\htdocs\Food\system\Model.php(183): CodeIgniter\Database\BaseBuilder->get()
#5 C:\xampp\htdocs\Food\system\BaseModel.php(584): CodeIgniter\Model->doFindAll(10, 0)
#6 C:\xampp\htdocs\Food\system\BaseModel.php(1088): CodeIgniter\BaseModel->findAll(10, 0)
#7 C:\xampp\htdocs\Food\app\Models\ProdutoEspecificacaoModel.php(29): CodeIgniter\BaseModel->paginate(10)
#8 C:\xampp\htdocs\Food\app\Controllers\Admin\Produtos.php(407): App\Models\ProdutoEspecificacaoModel->buscaEspecificacoesDoProduto(1, 10)
#9 C:\xampp\htdocs\Food\system\CodeIgniter.php(832): App\Controllers\Admin\Produtos->especificacoes('1')
#10 C:\xampp\htdocs\Food\system\CodeIgniter.php(419): CodeIgniter\CodeIgniter->runController(Object(App\Controllers\Admin\Produtos))
#11 C:\xampp\htdocs\Food\system\CodeIgniter.php(326): CodeIgniter\CodeIgniter->handleRequest(NULL, Object(Config\Cache), false)
#12 C:\xampp\htdocs\Food\public\index.php(37): CodeIgniter\CodeIgniter->run()
#13 C:\xampp\htdocs\Food\system\Commands\Server\rewrite.php(43): require_once('C:\\xampp\\htdocs...')
#14 {main}
CRITICAL - 2025-06-28 10:22:11 --> mysqli_result::fetch_object(): Argument #1 ($class) must be a valid class name, OBJECT given
#0 C:\xampp\htdocs\Food\system\Database\MySQLi\Result.php(148): mysqli_result->fetch_object('OBJECT')
#1 C:\xampp\htdocs\Food\system\Database\BaseResult.php(149): CodeIgniter\Database\MySQLi\Result->fetchObject('OBJECT')
#2 C:\xampp\htdocs\Food\system\Database\BaseResult.php(106): CodeIgniter\Database\BaseResult->getCustomResultObject('OBJECT')
#3 C:\xampp\htdocs\Food\system\Model.php(184): CodeIgniter\Database\BaseResult->getResult('OBJECT')
#4 C:\xampp\htdocs\Food\system\BaseModel.php(584): CodeIgniter\Model->doFindAll(10, 0)
#5 C:\xampp\htdocs\Food\system\BaseModel.php(1088): CodeIgniter\BaseModel->findAll(10, 0)
#6 C:\xampp\htdocs\Food\app\Models\ProdutoEspecificacaoModel.php(29): CodeIgniter\BaseModel->paginate(10)
#7 C:\xampp\htdocs\Food\app\Controllers\Admin\Produtos.php(407): App\Models\ProdutoEspecificacaoModel->buscaEspecificacoesDoProduto(1, 10)
#8 C:\xampp\htdocs\Food\system\CodeIgniter.php(832): App\Controllers\Admin\Produtos->especificacoes('1')
#9 C:\xampp\htdocs\Food\system\CodeIgniter.php(419): CodeIgniter\CodeIgniter->runController(Object(App\Controllers\Admin\Produtos))
#10 C:\xampp\htdocs\Food\system\CodeIgniter.php(326): CodeIgniter\CodeIgniter->handleRequest(NULL, Object(Config\Cache), false)
#11 C:\xampp\htdocs\Food\public\index.php(37): CodeIgniter\CodeIgniter->run()
#12 C:\xampp\htdocs\Food\system\Commands\Server\rewrite.php(43): require_once('C:\\xampp\\htdocs...')
#13 {main}
CRITICAL - 2025-06-28 10:24:02 --> mysqli_result::fetch_object(): Argument #1 ($class) must be a valid class name, OBJECT given
#0 C:\xampp\htdocs\Food\system\Database\MySQLi\Result.php(148): mysqli_result->fetch_object('OBJECT')
#1 C:\xampp\htdocs\Food\system\Database\BaseResult.php(149): CodeIgniter\Database\MySQLi\Result->fetchObject('OBJECT')
#2 C:\xampp\htdocs\Food\system\Database\BaseResult.php(106): CodeIgniter\Database\BaseResult->getCustomResultObject('OBJECT')
#3 C:\xampp\htdocs\Food\system\Model.php(184): CodeIgniter\Database\BaseResult->getResult('OBJECT')
#4 C:\xampp\htdocs\Food\system\BaseModel.php(584): CodeIgniter\Model->doFindAll(10, 0)
#5 C:\xampp\htdocs\Food\system\BaseModel.php(1088): CodeIgniter\BaseModel->findAll(10, 0)
#6 C:\xampp\htdocs\Food\app\Models\ProdutoEspecificacaoModel.php(39): CodeIgniter\BaseModel->paginate(10)
#7 C:\xampp\htdocs\Food\app\Controllers\Admin\Produtos.php(407): App\Models\ProdutoEspecificacaoModel->buscaEspecificacoesDoProduto(1, 10)
#8 C:\xampp\htdocs\Food\system\CodeIgniter.php(832): App\Controllers\Admin\Produtos->especificacoes('1')
#9 C:\xampp\htdocs\Food\system\CodeIgniter.php(419): CodeIgniter\CodeIgniter->runController(Object(App\Controllers\Admin\Produtos))
#10 C:\xampp\htdocs\Food\system\CodeIgniter.php(326): CodeIgniter\CodeIgniter->handleRequest(NULL, Object(Config\Cache), false)
#11 C:\xampp\htdocs\Food\public\index.php(37): CodeIgniter\CodeIgniter->run()
#12 C:\xampp\htdocs\Food\system\Commands\Server\rewrite.php(43): require_once('C:\\xampp\\htdocs...')
#13 {main}
CRITICAL - 2025-06-28 10:24:03 --> mysqli_result::fetch_object(): Argument #1 ($class) must be a valid class name, OBJECT given
#0 C:\xampp\htdocs\Food\system\Database\MySQLi\Result.php(148): mysqli_result->fetch_object('OBJECT')
#1 C:\xampp\htdocs\Food\system\Database\BaseResult.php(149): CodeIgniter\Database\MySQLi\Result->fetchObject('OBJECT')
#2 C:\xampp\htdocs\Food\system\Database\BaseResult.php(106): CodeIgniter\Database\BaseResult->getCustomResultObject('OBJECT')
#3 C:\xampp\htdocs\Food\system\Model.php(184): CodeIgniter\Database\BaseResult->getResult('OBJECT')
#4 C:\xampp\htdocs\Food\system\BaseModel.php(584): CodeIgniter\Model->doFindAll(10, 0)
#5 C:\xampp\htdocs\Food\system\BaseModel.php(1088): CodeIgniter\BaseModel->findAll(10, 0)
#6 C:\xampp\htdocs\Food\app\Models\ProdutoEspecificacaoModel.php(39): CodeIgniter\BaseModel->paginate(10)
#7 C:\xampp\htdocs\Food\app\Controllers\Admin\Produtos.php(407): App\Models\ProdutoEspecificacaoModel->buscaEspecificacoesDoProduto(1, 10)
#8 C:\xampp\htdocs\Food\system\CodeIgniter.php(832): App\Controllers\Admin\Produtos->especificacoes('1')
#9 C:\xampp\htdocs\Food\system\CodeIgniter.php(419): CodeIgniter\CodeIgniter->runController(Object(App\Controllers\Admin\Produtos))
#10 C:\xampp\htdocs\Food\system\CodeIgniter.php(326): CodeIgniter\CodeIgniter->handleRequest(NULL, Object(Config\Cache), false)
#11 C:\xampp\htdocs\Food\public\index.php(37): CodeIgniter\CodeIgniter->run()
#12 C:\xampp\htdocs\Food\system\Commands\Server\rewrite.php(43): require_once('C:\\xampp\\htdocs...')
#13 {main}
CRITICAL - 2025-06-28 10:24:10 --> mysqli_result::fetch_object(): Argument #1 ($class) must be a valid class name, OBJECT given
#0 C:\xampp\htdocs\Food\system\Database\MySQLi\Result.php(148): mysqli_result->fetch_object('OBJECT')
#1 C:\xampp\htdocs\Food\system\Database\BaseResult.php(149): CodeIgniter\Database\MySQLi\Result->fetchObject('OBJECT')
#2 C:\xampp\htdocs\Food\system\Database\BaseResult.php(106): CodeIgniter\Database\BaseResult->getCustomResultObject('OBJECT')
#3 C:\xampp\htdocs\Food\system\Model.php(184): CodeIgniter\Database\BaseResult->getResult('OBJECT')
#4 C:\xampp\htdocs\Food\system\BaseModel.php(584): CodeIgniter\Model->doFindAll(10, 0)
#5 C:\xampp\htdocs\Food\system\BaseModel.php(1088): CodeIgniter\BaseModel->findAll(10, 0)
#6 C:\xampp\htdocs\Food\app\Models\ProdutoEspecificacaoModel.php(39): CodeIgniter\BaseModel->paginate(10)
#7 C:\xampp\htdocs\Food\app\Controllers\Admin\Produtos.php(407): App\Models\ProdutoEspecificacaoModel->buscaEspecificacoesDoProduto(1, 10)
#8 C:\xampp\htdocs\Food\system\CodeIgniter.php(832): App\Controllers\Admin\Produtos->especificacoes('1')
#9 C:\xampp\htdocs\Food\system\CodeIgniter.php(419): CodeIgniter\CodeIgniter->runController(Object(App\Controllers\Admin\Produtos))
#10 C:\xampp\htdocs\Food\system\CodeIgniter.php(326): CodeIgniter\CodeIgniter->handleRequest(NULL, Object(Config\Cache), false)
#11 C:\xampp\htdocs\Food\public\index.php(37): CodeIgniter\CodeIgniter->run()
#12 C:\xampp\htdocs\Food\system\Commands\Server\rewrite.php(43): require_once('C:\\xampp\\htdocs...')
#13 {main}
CRITICAL - 2025-06-28 10:26:46 --> mysqli_result::fetch_object(): Argument #1 ($class) must be a valid class name, OBJECT given
#0 C:\xampp\htdocs\Food\system\Database\MySQLi\Result.php(148): mysqli_result->fetch_object('OBJECT')
#1 C:\xampp\htdocs\Food\system\Database\BaseResult.php(149): CodeIgniter\Database\MySQLi\Result->fetchObject('OBJECT')
#2 C:\xampp\htdocs\Food\system\Database\BaseResult.php(106): CodeIgniter\Database\BaseResult->getCustomResultObject('OBJECT')
#3 C:\xampp\htdocs\Food\system\Model.php(184): CodeIgniter\Database\BaseResult->getResult('OBJECT')
#4 C:\xampp\htdocs\Food\system\BaseModel.php(584): CodeIgniter\Model->doFindAll(10, 0)
#5 C:\xampp\htdocs\Food\system\BaseModel.php(1088): CodeIgniter\BaseModel->findAll(10, 0)
#6 C:\xampp\htdocs\Food\app\Models\ProdutoEspecificacaoModel.php(39): CodeIgniter\BaseModel->paginate(10)
#7 C:\xampp\htdocs\Food\app\Controllers\Admin\Produtos.php(407): App\Models\ProdutoEspecificacaoModel->buscaEspecificacoesDoProduto(1, 10)
#8 C:\xampp\htdocs\Food\system\CodeIgniter.php(832): App\Controllers\Admin\Produtos->especificacoes('1')
#9 C:\xampp\htdocs\Food\system\CodeIgniter.php(419): CodeIgniter\CodeIgniter->runController(Object(App\Controllers\Admin\Produtos))
#10 C:\xampp\htdocs\Food\system\CodeIgniter.php(326): CodeIgniter\CodeIgniter->handleRequest(NULL, Object(Config\Cache), false)
#11 C:\xampp\htdocs\Food\public\index.php(37): CodeIgniter\CodeIgniter->run()
#12 C:\xampp\htdocs\Food\system\Commands\Server\rewrite.php(43): require_once('C:\\xampp\\htdocs...')
#13 {main}
CRITICAL - 2025-06-28 10:28:11 --> mysqli_result::fetch_object(): Argument #1 ($class) must be a valid class name, OBJECT given
#0 C:\xampp\htdocs\Food\system\Database\MySQLi\Result.php(148): mysqli_result->fetch_object('OBJECT')
#1 C:\xampp\htdocs\Food\system\Database\BaseResult.php(149): CodeIgniter\Database\MySQLi\Result->fetchObject('OBJECT')
#2 C:\xampp\htdocs\Food\system\Database\BaseResult.php(106): CodeIgniter\Database\BaseResult->getCustomResultObject('OBJECT')
#3 C:\xampp\htdocs\Food\system\Model.php(184): CodeIgniter\Database\BaseResult->getResult('OBJECT')
#4 C:\xampp\htdocs\Food\system\BaseModel.php(584): CodeIgniter\Model->doFindAll(10, 0)
#5 C:\xampp\htdocs\Food\system\BaseModel.php(1088): CodeIgniter\BaseModel->findAll(10, 0)
#6 C:\xampp\htdocs\Food\app\Models\ProdutoEspecificacaoModel.php(39): CodeIgniter\BaseModel->paginate(10)
#7 C:\xampp\htdocs\Food\app\Controllers\Admin\Produtos.php(407): App\Models\ProdutoEspecificacaoModel->buscaEspecificacoesDoProduto(1, 10)
#8 C:\xampp\htdocs\Food\system\CodeIgniter.php(832): App\Controllers\Admin\Produtos->especificacoes('1')
#9 C:\xampp\htdocs\Food\system\CodeIgniter.php(419): CodeIgniter\CodeIgniter->runController(Object(App\Controllers\Admin\Produtos))
#10 C:\xampp\htdocs\Food\system\CodeIgniter.php(326): CodeIgniter\CodeIgniter->handleRequest(NULL, Object(Config\Cache), false)
#11 C:\xampp\htdocs\Food\public\index.php(37): CodeIgniter\CodeIgniter->run()
#12 C:\xampp\htdocs\Food\system\Commands\Server\rewrite.php(43): require_once('C:\\xampp\\htdocs...')
#13 {main}
CRITICAL - 2025-06-28 10:31:06 --> mysqli_result::fetch_object(): Argument #1 ($class) must be a valid class name, OBJECT given
#0 C:\xampp\htdocs\Food\system\Database\MySQLi\Result.php(148): mysqli_result->fetch_object('OBJECT')
#1 C:\xampp\htdocs\Food\system\Database\BaseResult.php(149): CodeIgniter\Database\MySQLi\Result->fetchObject('OBJECT')
#2 C:\xampp\htdocs\Food\system\Database\BaseResult.php(106): CodeIgniter\Database\BaseResult->getCustomResultObject('OBJECT')
#3 C:\xampp\htdocs\Food\system\Model.php(184): CodeIgniter\Database\BaseResult->getResult('OBJECT')
#4 C:\xampp\htdocs\Food\system\BaseModel.php(584): CodeIgniter\Model->doFindAll(10, 0)
#5 C:\xampp\htdocs\Food\system\BaseModel.php(1088): CodeIgniter\BaseModel->findAll(10, 0)
#6 C:\xampp\htdocs\Food\app\Models\ProdutoEspecificacaoModel.php(43): CodeIgniter\BaseModel->paginate(10)
#7 C:\xampp\htdocs\Food\app\Controllers\Admin\Produtos.php(407): App\Models\ProdutoEspecificacaoModel->buscaEspecificacoesDoProduto(1, 10)
#8 C:\xampp\htdocs\Food\system\CodeIgniter.php(832): App\Controllers\Admin\Produtos->especificacoes('1')
#9 C:\xampp\htdocs\Food\system\CodeIgniter.php(419): CodeIgniter\CodeIgniter->runController(Object(App\Controllers\Admin\Produtos))
#10 C:\xampp\htdocs\Food\system\CodeIgniter.php(326): CodeIgniter\CodeIgniter->handleRequest(NULL, Object(Config\Cache), false)
#11 C:\xampp\htdocs\Food\public\index.php(37): CodeIgniter\CodeIgniter->run()
#12 C:\xampp\htdocs\Food\system\Commands\Server\rewrite.php(43): require_once('C:\\xampp\\htdocs...')
#13 {main}
CRITICAL - 2025-06-28 10:31:07 --> mysqli_result::fetch_object(): Argument #1 ($class) must be a valid class name, OBJECT given
#0 C:\xampp\htdocs\Food\system\Database\MySQLi\Result.php(148): mysqli_result->fetch_object('OBJECT')
#1 C:\xampp\htdocs\Food\system\Database\BaseResult.php(149): CodeIgniter\Database\MySQLi\Result->fetchObject('OBJECT')
#2 C:\xampp\htdocs\Food\system\Database\BaseResult.php(106): CodeIgniter\Database\BaseResult->getCustomResultObject('OBJECT')
#3 C:\xampp\htdocs\Food\system\Model.php(184): CodeIgniter\Database\BaseResult->getResult('OBJECT')
#4 C:\xampp\htdocs\Food\system\BaseModel.php(584): CodeIgniter\Model->doFindAll(10, 0)
#5 C:\xampp\htdocs\Food\system\BaseModel.php(1088): CodeIgniter\BaseModel->findAll(10, 0)
#6 C:\xampp\htdocs\Food\app\Models\ProdutoEspecificacaoModel.php(43): CodeIgniter\BaseModel->paginate(10)
#7 C:\xampp\htdocs\Food\app\Controllers\Admin\Produtos.php(407): App\Models\ProdutoEspecificacaoModel->buscaEspecificacoesDoProduto(1, 10)
#8 C:\xampp\htdocs\Food\system\CodeIgniter.php(832): App\Controllers\Admin\Produtos->especificacoes('1')
#9 C:\xampp\htdocs\Food\system\CodeIgniter.php(419): CodeIgniter\CodeIgniter->runController(Object(App\Controllers\Admin\Produtos))
#10 C:\xampp\htdocs\Food\system\CodeIgniter.php(326): CodeIgniter\CodeIgniter->handleRequest(NULL, Object(Config\Cache), false)
#11 C:\xampp\htdocs\Food\public\index.php(37): CodeIgniter\CodeIgniter->run()
#12 C:\xampp\htdocs\Food\system\Commands\Server\rewrite.php(43): require_once('C:\\xampp\\htdocs...')
#13 {main}
CRITICAL - 2025-06-28 10:31:08 --> mysqli_result::fetch_object(): Argument #1 ($class) must be a valid class name, OBJECT given
#0 C:\xampp\htdocs\Food\system\Database\MySQLi\Result.php(148): mysqli_result->fetch_object('OBJECT')
#1 C:\xampp\htdocs\Food\system\Database\BaseResult.php(149): CodeIgniter\Database\MySQLi\Result->fetchObject('OBJECT')
#2 C:\xampp\htdocs\Food\system\Database\BaseResult.php(106): CodeIgniter\Database\BaseResult->getCustomResultObject('OBJECT')
#3 C:\xampp\htdocs\Food\system\Model.php(184): CodeIgniter\Database\BaseResult->getResult('OBJECT')
#4 C:\xampp\htdocs\Food\system\BaseModel.php(584): CodeIgniter\Model->doFindAll(10, 0)
#5 C:\xampp\htdocs\Food\system\BaseModel.php(1088): CodeIgniter\BaseModel->findAll(10, 0)
#6 C:\xampp\htdocs\Food\app\Models\ProdutoEspecificacaoModel.php(43): CodeIgniter\BaseModel->paginate(10)
#7 C:\xampp\htdocs\Food\app\Controllers\Admin\Produtos.php(407): App\Models\ProdutoEspecificacaoModel->buscaEspecificacoesDoProduto(1, 10)
#8 C:\xampp\htdocs\Food\system\CodeIgniter.php(832): App\Controllers\Admin\Produtos->especificacoes('1')
#9 C:\xampp\htdocs\Food\system\CodeIgniter.php(419): CodeIgniter\CodeIgniter->runController(Object(App\Controllers\Admin\Produtos))
#10 C:\xampp\htdocs\Food\system\CodeIgniter.php(326): CodeIgniter\CodeIgniter->handleRequest(NULL, Object(Config\Cache), false)
#11 C:\xampp\htdocs\Food\public\index.php(37): CodeIgniter\CodeIgniter->run()
#12 C:\xampp\htdocs\Food\system\Commands\Server\rewrite.php(43): require_once('C:\\xampp\\htdocs...')
#13 {main}
CRITICAL - 2025-06-28 10:36:38 --> mysqli_result::fetch_object(): Argument #1 ($class) must be a valid class name, OBJECT given
#0 C:\xampp\htdocs\Food\system\Database\MySQLi\Result.php(148): mysqli_result->fetch_object('OBJECT')
#1 C:\xampp\htdocs\Food\system\Database\BaseResult.php(149): CodeIgniter\Database\MySQLi\Result->fetchObject('OBJECT')
#2 C:\xampp\htdocs\Food\system\Database\BaseResult.php(106): CodeIgniter\Database\BaseResult->getCustomResultObject('OBJECT')
#3 C:\xampp\htdocs\Food\system\Model.php(184): CodeIgniter\Database\BaseResult->getResult('OBJECT')
#4 C:\xampp\htdocs\Food\system\BaseModel.php(584): CodeIgniter\Model->doFindAll(10, 0)
#5 C:\xampp\htdocs\Food\system\BaseModel.php(1088): CodeIgniter\BaseModel->findAll(10, 0)
#6 C:\xampp\htdocs\Food\app\Models\ProdutoEspecificacaoModel.php(43): CodeIgniter\BaseModel->paginate(10)
#7 C:\xampp\htdocs\Food\app\Controllers\Admin\Produtos.php(412): App\Models\ProdutoEspecificacaoModel->buscaEspecificacoesDoProduto(1, 10)
#8 C:\xampp\htdocs\Food\system\CodeIgniter.php(832): App\Controllers\Admin\Produtos->especificacoes('1')
#9 C:\xampp\htdocs\Food\system\CodeIgniter.php(419): CodeIgniter\CodeIgniter->runController(Object(App\Controllers\Admin\Produtos))
#10 C:\xampp\htdocs\Food\system\CodeIgniter.php(326): CodeIgniter\CodeIgniter->handleRequest(NULL, Object(Config\Cache), false)
#11 C:\xampp\htdocs\Food\public\index.php(37): CodeIgniter\CodeIgniter->run()
#12 C:\xampp\htdocs\Food\system\Commands\Server\rewrite.php(43): require_once('C:\\xampp\\htdocs...')
#13 {main}
